[ 2017-07-19T08:45:17+08:00 ] 127.0.0.1 /
INFO: [ app_init ] --START--
INFO: Run Behavior\BuildLiteBehavior [ RunTime:0.000000s ]
INFO: [ app_init ] --END-- [ RunTime:0.018001s ]
INFO: [ app_begin ] --START--
INFO: Run Behavior\ReadHtmlCacheBehavior [ RunTime:0.005000s ]
INFO: [ app_begin ] --END-- [ RunTime:0.005000s ]
NOTIC: [8] Undefined index: user_id E:\UPUPW\htdocs\Application\Home\Controller\BaseController.class.php 第 8 行.
SQL: SHOW COLUMNS FROM `yzw_article` [ RunTime:0.0310s ]
SQL: SHOW COLUMNS FROM `yzw_article` [ RunTime:0.0040s ]
SQL: SELECT * FROM `yzw_article` WHERE ( cat_id=108 and is_open=1 )  [ RunTime:0.0170s ]
SQL: SELECT * FROM `yzw_article` WHERE ( cat_id=114 and is_open=1 ) LIMIT 1   [ RunTime:0.0000s ]
SQL: SELECT * FROM `yzw_article` WHERE ( cat_id=113 and is_open=1 ) LIMIT 1   [ RunTime:0.0010s ]
SQL: SELECT * FROM `yzw_article` WHERE ( article_id=1284 and is_open=1 ) LIMIT 1   [ RunTime:0.0000s ]
SQL: SELECT * FROM `yzw_article` WHERE ( article_id=1285 and is_open=1 ) LIMIT 1   [ RunTime:0.0000s ]
SQL: SELECT * FROM `yzw_article` WHERE ( article_id=1288 and is_open=1 ) LIMIT 1   [ RunTime:0.0000s ]
SQL: SELECT * FROM `yzw_article` WHERE ( cat_id=110 and is_open=1 ) LIMIT 1   [ RunTime:0.0000s ]
SQL: SELECT * FROM `yzw_article` WHERE ( cat_id=109 and is_open=1 ) LIMIT 1   [ RunTime:0.0000s ]
INFO: [ view_parse ] --START--
INFO: [ template_filter ] --START--
INFO: Run Behavior\ContentReplaceBehavior [ RunTime:0.001000s ]
INFO: [ template_filter ] --END-- [ RunTime:0.001000s ]
NOTIC: [8] Undefined variable: introduce E:\UPUPW\htdocs\Application\Runtime\Cache\Home\769e70f2e46f34ceb60619bbda5e4691.php 第 42 行.
NOTIC: [8] Undefined variable: enterprise E:\UPUPW\htdocs\Application\Runtime\Cache\Home\769e70f2e46f34ceb60619bbda5e4691.php 第 43 行.
NOTIC: [8] Undefined variable: manager E:\UPUPW\htdocs\Application\Runtime\Cache\Home\769e70f2e46f34ceb60619bbda5e4691.php 第 44 行.
NOTIC: [8] Undefined variable: contact E:\UPUPW\htdocs\Application\Runtime\Cache\Home\769e70f2e46f34ceb60619bbda5e4691.php 第 45 行.
NOTIC: [8] Undefined index: user_info E:\UPUPW\htdocs\Application\Runtime\Cache\Home\769e70f2e46f34ceb60619bbda5e4691.php 第 47 行.
SQL: SHOW COLUMNS FROM `yzw_article_cat` [ RunTime:0.1530s ]
SQL: SELECT * FROM `yzw_article` WHERE ( cat_id=111 and is_open=1 ) LIMIT 1   [ RunTime:0.0000s ]
SQL: SELECT * FROM `yzw_article` WHERE ( cat_id=112 and is_open=1 ) LIMIT 1   [ RunTime:0.0000s ]
SQL: SHOW COLUMNS FROM `yzw_article_cat` [ RunTime:0.0050s ]
SQL: SELECT * FROM `yzw_article_cat` WHERE ( cat_id>200 )  [ RunTime:0.0000s ]
SQL: SELECT * FROM `yzw_article` WHERE ( cat_id>200 and is_open=1 )  [ RunTime:0.0010s ]
INFO: Run Behavior\ParseTemplateBehavior [ RunTime:0.405023s ]
INFO: [ view_parse ] --END-- [ RunTime:0.405023s ]
INFO: [ view_filter ] --START--
INFO: Run Behavior\WriteHtmlCacheBehavior [ RunTime:0.024002s ]
INFO: [ view_filter ] --END-- [ RunTime:0.024002s ]
INFO: [ app_end ] --START--
INFO: Run Behavior\ShowPageTraceBehavior [ RunTime:0.083005s ]
INFO: [ app_end ] --END-- [ RunTime:0.083005s ]

[ 2017-07-19T08:45:17+08:00 ] ::1 /index.php/
INFO: [ app_init ] --START--
INFO: Run Behavior\BuildLiteBehavior [ RunTime:0.000000s ]
INFO: [ app_init ] --END-- [ RunTime:0.018001s ]
INFO: [ app_begin ] --START--
INFO: Run Behavior\ReadHtmlCacheBehavior [ RunTime:0.006000s ]
INFO: [ app_begin ] --END-- [ RunTime:0.006000s ]
NOTIC: [8] Undefined index: user_id E:\UPUPW\htdocs\Application\Home\Controller\BaseController.class.php 第 8 行.
SQL: SHOW COLUMNS FROM `yzw_article` [ RunTime:0.0310s ]
SQL: SHOW COLUMNS FROM `yzw_article` [ RunTime:0.0040s ]
SQL: SELECT * FROM `yzw_article` WHERE ( cat_id=108 and is_open=1 )  [ RunTime:0.0170s ]
SQL: SELECT * FROM `yzw_article` WHERE ( cat_id=114 and is_open=1 ) LIMIT 1   [ RunTime:0.0000s ]
SQL: SELECT * FROM `yzw_article` WHERE ( cat_id=113 and is_open=1 ) LIMIT 1   [ RunTime:0.0000s ]
SQL: SELECT * FROM `yzw_article` WHERE ( article_id=1284 and is_open=1 ) LIMIT 1   [ RunTime:0.0000s ]
SQL: SELECT * FROM `yzw_article` WHERE ( article_id=1285 and is_open=1 ) LIMIT 1   [ RunTime:0.0010s ]
SQL: SELECT * FROM `yzw_article` WHERE ( article_id=1288 and is_open=1 ) LIMIT 1   [ RunTime:0.0000s ]
SQL: SELECT * FROM `yzw_article` WHERE ( cat_id=110 and is_open=1 ) LIMIT 1   [ RunTime:0.0000s ]
SQL: SELECT * FROM `yzw_article` WHERE ( cat_id=109 and is_open=1 ) LIMIT 1   [ RunTime:0.0020s ]
INFO: [ view_parse ] --START--
INFO: [ template_filter ] --START--
INFO: Run Behavior\ContentReplaceBehavior [ RunTime:0.001000s ]
INFO: [ template_filter ] --END-- [ RunTime:0.001000s ]
NOTIC: [8] Undefined variable: introduce E:\UPUPW\htdocs\Application\Runtime\Cache\Home\769e70f2e46f34ceb60619bbda5e4691.php 第 42 行.
NOTIC: [8] Undefined variable: enterprise E:\UPUPW\htdocs\Application\Runtime\Cache\Home\769e70f2e46f34ceb60619bbda5e4691.php 第 43 行.
NOTIC: [8] Undefined variable: manager E:\UPUPW\htdocs\Application\Runtime\Cache\Home\769e70f2e46f34ceb60619bbda5e4691.php 第 44 行.
NOTIC: [8] Undefined variable: contact E:\UPUPW\htdocs\Application\Runtime\Cache\Home\769e70f2e46f34ceb60619bbda5e4691.php 第 45 行.
NOTIC: [8] Undefined index: user_info E:\UPUPW\htdocs\Application\Runtime\Cache\Home\769e70f2e46f34ceb60619bbda5e4691.php 第 47 行.
SQL: SHOW COLUMNS FROM `yzw_article_cat` [ RunTime:0.1540s ]
SQL: SELECT * FROM `yzw_article` WHERE ( cat_id=111 and is_open=1 ) LIMIT 1   [ RunTime:0.0000s ]
SQL: SELECT * FROM `yzw_article` WHERE ( cat_id=112 and is_open=1 ) LIMIT 1   [ RunTime:0.0000s ]
SQL: SHOW COLUMNS FROM `yzw_article_cat` [ RunTime:0.0030s ]
SQL: SELECT * FROM `yzw_article_cat` WHERE ( cat_id>200 )  [ RunTime:0.0000s ]
SQL: SELECT * FROM `yzw_article` WHERE ( cat_id>200 and is_open=1 )  [ RunTime:0.0010s ]
INFO: Run Behavior\ParseTemplateBehavior [ RunTime:0.401023s ]
INFO: [ view_parse ] --END-- [ RunTime:0.401023s ]
INFO: [ view_filter ] --START--
INFO: Run Behavior\WriteHtmlCacheBehavior [ RunTime:0.027002s ]
INFO: [ view_filter ] --END-- [ RunTime:0.028002s ]
INFO: [ app_end ] --START--
INFO: Run Behavior\ShowPageTraceBehavior [ RunTime:0.084005s ]
INFO: [ app_end ] --END-- [ RunTime:0.084005s ]

