[ 2017-07-15T17:22:02+08:00 ] 127.0.0.1 /index.php/Home/Index/js/pickers-init.js
INFO: [ app_init ] --START--
INFO: Run Behavior\BuildLiteBehavior [ RunTime:0.000000s ]
INFO: [ app_init ] --END-- [ RunTime:0.000000s ]
INFO: [ app_begin ] --START--
INFO: Run Behavior\ReadHtmlCacheBehavior [ RunTime:0.002000s ]
INFO: [ app_begin ] --END-- [ RunTime:0.002000s ]
NOTIC: [8] Undefined index: user_id E:\UPUPW\htdocs\Application\Home\Controller\BaseController.class.php 第 9 行.
ERR: 非法操作:js

[ 2017-07-15T17:22:02+08:00 ] 127.0.0.1 /index.php/Home/Index/js/bootstrap-datepicker.js
INFO: [ app_init ] --START--
INFO: Run Behavior\BuildLiteBehavior [ RunTime:0.000000s ]
INFO: [ app_init ] --END-- [ RunTime:0.000000s ]
INFO: [ app_begin ] --START--
INFO: Run Behavior\ReadHtmlCacheBehavior [ RunTime:0.001000s ]
INFO: [ app_begin ] --END-- [ RunTime:0.001000s ]
NOTIC: [8] Undefined index: user_id E:\UPUPW\htdocs\Application\Home\Controller\BaseController.class.php 第 9 行.
ERR: 非法操作:js

[ 2017-07-15T17:22:02+08:00 ] 127.0.0.1 /index.php/Home/Index/css/datepicker-custom.css
INFO: [ app_init ] --START--
INFO: Run Behavior\BuildLiteBehavior [ RunTime:0.000000s ]
INFO: [ app_init ] --END-- [ RunTime:0.000000s ]
INFO: [ app_begin ] --START--
INFO: Run Behavior\ReadHtmlCacheBehavior [ RunTime:0.002000s ]
INFO: [ app_begin ] --END-- [ RunTime:0.002000s ]
NOTIC: [8] Undefined index: user_id E:\UPUPW\htdocs\Application\Home\Controller\BaseController.class.php 第 9 行.
ERR: 非法操作:css

[ 2017-07-15T17:22:02+08:00 ] 127.0.0.1 /index.php/Home/Index/css/colorpicker.css
INFO: [ app_init ] --START--
INFO: Run Behavior\BuildLiteBehavior [ RunTime:0.000000s ]
INFO: [ app_init ] --END-- [ RunTime:0.001000s ]
INFO: [ app_begin ] --START--
INFO: Run Behavior\ReadHtmlCacheBehavior [ RunTime:0.002000s ]
INFO: [ app_begin ] --END-- [ RunTime:0.002000s ]
NOTIC: [8] Undefined index: user_id E:\UPUPW\htdocs\Application\Home\Controller\BaseController.class.php 第 9 行.
ERR: 非法操作:css

[ 2017-07-15T17:22:03+08:00 ] 127.0.0.1 /index.php/Home/Index/js/bootstrap-datepicker.js
INFO: [ app_init ] --START--
INFO: Run Behavior\BuildLiteBehavior [ RunTime:0.000000s ]
INFO: [ app_init ] --END-- [ RunTime:0.001000s ]
INFO: [ app_begin ] --START--
INFO: Run Behavior\ReadHtmlCacheBehavior [ RunTime:0.002000s ]
INFO: [ app_begin ] --END-- [ RunTime:0.002000s ]
NOTIC: [8] Undefined index: user_id E:\UPUPW\htdocs\Application\Home\Controller\BaseController.class.php 第 9 行.
ERR: 非法操作:js

[ 2017-07-15T17:22:03+08:00 ] 127.0.0.1 /index.php/Home/Index/js/pickers-init.js
INFO: [ app_init ] --START--
INFO: Run Behavior\BuildLiteBehavior [ RunTime:0.000000s ]
INFO: [ app_init ] --END-- [ RunTime:0.000000s ]
INFO: [ app_begin ] --START--
INFO: Run Behavior\ReadHtmlCacheBehavior [ RunTime:0.002000s ]
INFO: [ app_begin ] --END-- [ RunTime:0.002000s ]
NOTIC: [8] Undefined index: user_id E:\UPUPW\htdocs\Application\Home\Controller\BaseController.class.php 第 9 行.
ERR: 非法操作:js

[ 2017-07-15T17:22:03+08:00 ] 127.0.0.1 /index.php/Home/Index/manager
INFO: [ app_init ] --START--
INFO: Run Behavior\BuildLiteBehavior [ RunTime:0.000000s ]
INFO: [ app_init ] --END-- [ RunTime:0.000000s ]
INFO: [ app_begin ] --START--
INFO: Run Behavior\ReadHtmlCacheBehavior [ RunTime:0.002000s ]
INFO: [ app_begin ] --END-- [ RunTime:0.002000s ]
NOTIC: [8] Undefined index: user_id E:\UPUPW\htdocs\Application\Home\Controller\BaseController.class.php 第 9 行.
SQL: SHOW COLUMNS FROM `yzw_article` [ RunTime:0.0040s ]
SQL: SHOW COLUMNS FROM `yzw_article` [ RunTime:0.0040s ]
SQL: SELECT * FROM `yzw_article` WHERE ( article_id=1288 and is_open=1 ) LIMIT 1   [ RunTime:0.0010s ]
SQL: SELECT * FROM `yzw_article` WHERE ( article_id=1289 and is_open=1 ) LIMIT 1   [ RunTime:0.0000s ]
SQL: SELECT * FROM `yzw_article` WHERE ( article_id=1290 and is_open=1 ) LIMIT 1   [ RunTime:0.0010s ]
INFO: [ view_parse ] --START--
INFO: [ template_filter ] --START--
INFO: Run Behavior\ContentReplaceBehavior [ RunTime:0.000000s ]
INFO: [ template_filter ] --END-- [ RunTime:0.000000s ]
NOTIC: [8] Undefined variable: index E:\UPUPW\htdocs\Application\Runtime\Cache\Home\18cf91ceae770974c4d6b479dbed34a6.php 第 39 行.
NOTIC: [8] Undefined variable: introduce E:\UPUPW\htdocs\Application\Runtime\Cache\Home\18cf91ceae770974c4d6b479dbed34a6.php 第 40 行.
NOTIC: [8] Undefined variable: enterprise E:\UPUPW\htdocs\Application\Runtime\Cache\Home\18cf91ceae770974c4d6b479dbed34a6.php 第 41 行.
NOTIC: [8] Undefined variable: contact E:\UPUPW\htdocs\Application\Runtime\Cache\Home\18cf91ceae770974c4d6b479dbed34a6.php 第 43 行.
NOTIC: [8] Use of undefined constant xs - assumed 'xs' E:\UPUPW\htdocs\Application\Runtime\Cache\Home\18cf91ceae770974c4d6b479dbed34a6.php 第 46 行.
NOTIC: [8] Undefined variable: xs E:\UPUPW\htdocs\Application\Runtime\Cache\Home\18cf91ceae770974c4d6b479dbed34a6.php 第 46 行.
SQL: SHOW COLUMNS FROM `yzw_article_cat` [ RunTime:0.0040s ]
SQL: SELECT * FROM `yzw_article` WHERE ( cat_id=111 and is_open=1 ) LIMIT 1   [ RunTime:0.0000s ]
SQL: SELECT * FROM `yzw_article` WHERE ( cat_id=112 and is_open=1 ) LIMIT 1   [ RunTime:0.0000s ]
SQL: SHOW COLUMNS FROM `yzw_article_cat` [ RunTime:0.0040s ]
SQL: SELECT * FROM `yzw_article_cat` WHERE ( cat_id>200 )  [ RunTime:0.0000s ]
SQL: SELECT * FROM `yzw_article` WHERE ( cat_id>200 and is_open=1 )  [ RunTime:0.0010s ]
INFO: Run Behavior\ParseTemplateBehavior [ RunTime:0.026001s ]
INFO: [ view_parse ] --END-- [ RunTime:0.026001s ]
INFO: [ view_filter ] --START--
INFO: Run Behavior\WriteHtmlCacheBehavior [ RunTime:0.002000s ]
INFO: [ view_filter ] --END-- [ RunTime:0.002000s ]
INFO: [ app_end ] --START--
INFO: Run Behavior\ShowPageTraceBehavior [ RunTime:0.001000s ]
INFO: [ app_end ] --END-- [ RunTime:0.002000s ]

[ 2017-07-15T17:22:04+08:00 ] 127.0.0.1 /index.php/Home/Index/css/datepicker-custom.css
INFO: [ app_init ] --START--
INFO: Run Behavior\BuildLiteBehavior [ RunTime:0.000000s ]
INFO: [ app_init ] --END-- [ RunTime:0.000000s ]
INFO: [ app_begin ] --START--
INFO: Run Behavior\ReadHtmlCacheBehavior [ RunTime:0.001000s ]
INFO: [ app_begin ] --END-- [ RunTime:0.001000s ]
NOTIC: [8] Undefined index: user_id E:\UPUPW\htdocs\Application\Home\Controller\BaseController.class.php 第 9 行.
ERR: 非法操作:css

[ 2017-07-15T17:22:04+08:00 ] 127.0.0.1 /index.php/Home/Index/js/pickers-init.js
INFO: [ app_init ] --START--
INFO: Run Behavior\BuildLiteBehavior [ RunTime:0.000000s ]
INFO: [ app_init ] --END-- [ RunTime:0.000000s ]
INFO: [ app_begin ] --START--
INFO: Run Behavior\ReadHtmlCacheBehavior [ RunTime:0.002000s ]
INFO: [ app_begin ] --END-- [ RunTime:0.002000s ]
NOTIC: [8] Undefined index: user_id E:\UPUPW\htdocs\Application\Home\Controller\BaseController.class.php 第 9 行.
ERR: 非法操作:js

[ 2017-07-15T17:22:04+08:00 ] 127.0.0.1 /index.php/Home/Index/js/bootstrap-datepicker.js
INFO: [ app_init ] --START--
INFO: Run Behavior\BuildLiteBehavior [ RunTime:0.000000s ]
INFO: [ app_init ] --END-- [ RunTime:0.000000s ]
INFO: [ app_begin ] --START--
INFO: Run Behavior\ReadHtmlCacheBehavior [ RunTime:0.002000s ]
INFO: [ app_begin ] --END-- [ RunTime:0.002000s ]
NOTIC: [8] Undefined index: user_id E:\UPUPW\htdocs\Application\Home\Controller\BaseController.class.php 第 9 行.
ERR: 非法操作:js

[ 2017-07-15T17:22:04+08:00 ] 127.0.0.1 /index.php/Home/Index/css/colorpicker.css
INFO: [ app_init ] --START--
INFO: Run Behavior\BuildLiteBehavior [ RunTime:0.000000s ]
INFO: [ app_init ] --END-- [ RunTime:0.000000s ]
INFO: [ app_begin ] --START--
INFO: Run Behavior\ReadHtmlCacheBehavior [ RunTime:0.001000s ]
INFO: [ app_begin ] --END-- [ RunTime:0.001000s ]
NOTIC: [8] Undefined index: user_id E:\UPUPW\htdocs\Application\Home\Controller\BaseController.class.php 第 9 行.
ERR: 非法操作:css

[ 2017-07-15T17:22:04+08:00 ] 127.0.0.1 /index.php/Home/Index/js/bootstrap-datepicker.js
INFO: [ app_init ] --START--
INFO: Run Behavior\BuildLiteBehavior [ RunTime:0.000000s ]
INFO: [ app_init ] --END-- [ RunTime:0.000000s ]
INFO: [ app_begin ] --START--
INFO: Run Behavior\ReadHtmlCacheBehavior [ RunTime:0.002000s ]
INFO: [ app_begin ] --END-- [ RunTime:0.002000s ]
NOTIC: [8] Undefined index: user_id E:\UPUPW\htdocs\Application\Home\Controller\BaseController.class.php 第 9 行.
ERR: 非法操作:js

[ 2017-07-15T17:22:04+08:00 ] 127.0.0.1 /index.php/Home/Index/js/pickers-init.js
INFO: [ app_init ] --START--
INFO: Run Behavior\BuildLiteBehavior [ RunTime:0.000000s ]
INFO: [ app_init ] --END-- [ RunTime:0.001000s ]
INFO: [ app_begin ] --START--
INFO: Run Behavior\ReadHtmlCacheBehavior [ RunTime:0.002000s ]
INFO: [ app_begin ] --END-- [ RunTime:0.002000s ]
NOTIC: [8] Undefined index: user_id E:\UPUPW\htdocs\Application\Home\Controller\BaseController.class.php 第 9 行.
ERR: 非法操作:js

[ 2017-07-15T17:22:09+08:00 ] 127.0.0.1 /index.php/Home/Index/contact
INFO: [ app_init ] --START--
INFO: Run Behavior\BuildLiteBehavior [ RunTime:0.000000s ]
INFO: [ app_init ] --END-- [ RunTime:0.000000s ]
INFO: [ app_begin ] --START--
INFO: Run Behavior\ReadHtmlCacheBehavior [ RunTime:0.001000s ]
INFO: [ app_begin ] --END-- [ RunTime:0.001000s ]
NOTIC: [8] Undefined index: user_id E:\UPUPW\htdocs\Application\Home\Controller\BaseController.class.php 第 9 行.
SQL: SHOW COLUMNS FROM `yzw_article` [ RunTime:0.0030s ]
SQL: SHOW COLUMNS FROM `yzw_article` [ RunTime:0.0040s ]
SQL: SELECT * FROM `yzw_article` WHERE ( cat_id=115 and is_open=1 ) LIMIT 1   [ RunTime:0.0000s ]
INFO: [ view_parse ] --START--
INFO: [ template_filter ] --START--
INFO: Run Behavior\ContentReplaceBehavior [ RunTime:0.000000s ]
INFO: [ template_filter ] --END-- [ RunTime:0.000000s ]
NOTIC: [8] Undefined variable: index E:\UPUPW\htdocs\Application\Runtime\Cache\Home\58e057e3fa2cee0de4e281ed898aad44.php 第 39 行.
NOTIC: [8] Undefined variable: introduce E:\UPUPW\htdocs\Application\Runtime\Cache\Home\58e057e3fa2cee0de4e281ed898aad44.php 第 40 行.
NOTIC: [8] Undefined variable: enterprise E:\UPUPW\htdocs\Application\Runtime\Cache\Home\58e057e3fa2cee0de4e281ed898aad44.php 第 41 行.
NOTIC: [8] Undefined variable: manager E:\UPUPW\htdocs\Application\Runtime\Cache\Home\58e057e3fa2cee0de4e281ed898aad44.php 第 42 行.
NOTIC: [8] Use of undefined constant xs - assumed 'xs' E:\UPUPW\htdocs\Application\Runtime\Cache\Home\58e057e3fa2cee0de4e281ed898aad44.php 第 46 行.
NOTIC: [8] Undefined variable: xs E:\UPUPW\htdocs\Application\Runtime\Cache\Home\58e057e3fa2cee0de4e281ed898aad44.php 第 46 行.
SQL: SHOW COLUMNS FROM `yzw_article_cat` [ RunTime:0.0040s ]
SQL: SELECT * FROM `yzw_article` WHERE ( cat_id=111 and is_open=1 ) LIMIT 1   [ RunTime:0.0000s ]
SQL: SELECT * FROM `yzw_article` WHERE ( cat_id=112 and is_open=1 ) LIMIT 1   [ RunTime:0.0000s ]
SQL: SHOW COLUMNS FROM `yzw_article_cat` [ RunTime:0.0030s ]
SQL: SELECT * FROM `yzw_article_cat` WHERE ( cat_id>200 )  [ RunTime:0.0000s ]
SQL: SELECT * FROM `yzw_article` WHERE ( cat_id>200 and is_open=1 )  [ RunTime:0.0010s ]
INFO: Run Behavior\ParseTemplateBehavior [ RunTime:0.025002s ]
INFO: [ view_parse ] --END-- [ RunTime:0.025002s ]
INFO: [ view_filter ] --START--
INFO: Run Behavior\WriteHtmlCacheBehavior [ RunTime:0.001000s ]
INFO: [ view_filter ] --END-- [ RunTime:0.001000s ]
INFO: [ app_end ] --START--
INFO: Run Behavior\ShowPageTraceBehavior [ RunTime:0.001000s ]
INFO: [ app_end ] --END-- [ RunTime:0.001000s ]

[ 2017-07-15T17:22:09+08:00 ] 127.0.0.1 /index.php/Home/Index/js/pickers-init.js
INFO: [ app_init ] --START--
INFO: Run Behavior\BuildLiteBehavior [ RunTime:0.000000s ]
INFO: [ app_init ] --END-- [ RunTime:0.001000s ]
INFO: [ app_begin ] --START--
INFO: Run Behavior\ReadHtmlCacheBehavior [ RunTime:0.002000s ]
INFO: [ app_begin ] --END-- [ RunTime:0.002000s ]
NOTIC: [8] Undefined index: user_id E:\UPUPW\htdocs\Application\Home\Controller\BaseController.class.php 第 9 行.
ERR: 非法操作:js

[ 2017-07-15T17:22:09+08:00 ] 127.0.0.1 /index.php/Home/Index/js/bootstrap-datepicker.js
INFO: [ app_init ] --START--
INFO: Run Behavior\BuildLiteBehavior [ RunTime:0.000000s ]
INFO: [ app_init ] --END-- [ RunTime:0.000000s ]
INFO: [ app_begin ] --START--
INFO: Run Behavior\ReadHtmlCacheBehavior [ RunTime:0.003001s ]
INFO: [ app_begin ] --END-- [ RunTime:0.003001s ]
NOTIC: [8] Undefined index: user_id E:\UPUPW\htdocs\Application\Home\Controller\BaseController.class.php 第 9 行.
ERR: 非法操作:js

[ 2017-07-15T17:22:09+08:00 ] 127.0.0.1 /index.php/Home/Index/css/datepicker-custom.css
INFO: [ app_init ] --START--
INFO: Run Behavior\BuildLiteBehavior [ RunTime:0.000000s ]
INFO: [ app_init ] --END-- [ RunTime:0.000000s ]
INFO: [ app_begin ] --START--
INFO: Run Behavior\ReadHtmlCacheBehavior [ RunTime:0.002001s ]
INFO: [ app_begin ] --END-- [ RunTime:0.002001s ]
NOTIC: [8] Undefined index: user_id E:\UPUPW\htdocs\Application\Home\Controller\BaseController.class.php 第 9 行.
ERR: 非法操作:css

[ 2017-07-15T17:22:09+08:00 ] 127.0.0.1 /index.php/Home/Index/css/colorpicker.css
INFO: [ app_init ] --START--
INFO: Run Behavior\BuildLiteBehavior [ RunTime:0.000000s ]
INFO: [ app_init ] --END-- [ RunTime:0.000000s ]
INFO: [ app_begin ] --START--
INFO: Run Behavior\ReadHtmlCacheBehavior [ RunTime:0.001000s ]
INFO: [ app_begin ] --END-- [ RunTime:0.001000s ]
NOTIC: [8] Undefined index: user_id E:\UPUPW\htdocs\Application\Home\Controller\BaseController.class.php 第 9 行.
ERR: 非法操作:css

[ 2017-07-15T17:22:09+08:00 ] 127.0.0.1 /index.php/Home/Index/js/bootstrap-datepicker.js
INFO: [ app_init ] --START--
INFO: Run Behavior\BuildLiteBehavior [ RunTime:0.000000s ]
INFO: [ app_init ] --END-- [ RunTime:0.000000s ]
INFO: [ app_begin ] --START--
INFO: Run Behavior\ReadHtmlCacheBehavior [ RunTime:0.002000s ]
INFO: [ app_begin ] --END-- [ RunTime:0.002000s ]
NOTIC: [8] Undefined index: user_id E:\UPUPW\htdocs\Application\Home\Controller\BaseController.class.php 第 9 行.
ERR: 非法操作:js

[ 2017-07-15T17:22:09+08:00 ] 127.0.0.1 /index.php/Home/Index/js/pickers-init.js
INFO: [ app_init ] --START--
INFO: Run Behavior\BuildLiteBehavior [ RunTime:0.000000s ]
INFO: [ app_init ] --END-- [ RunTime:0.001000s ]
INFO: [ app_begin ] --START--
INFO: Run Behavior\ReadHtmlCacheBehavior [ RunTime:0.001000s ]
INFO: [ app_begin ] --END-- [ RunTime:0.001000s ]
NOTIC: [8] Undefined index: user_id E:\UPUPW\htdocs\Application\Home\Controller\BaseController.class.php 第 9 行.
ERR: 非法操作:js

[ 2017-07-15T17:24:51+08:00 ] 127.0.0.1 /index.php/Home/User/personal
INFO: [ app_init ] --START--
INFO: Run Behavior\BuildLiteBehavior [ RunTime:0.000000s ]
INFO: [ app_init ] --END-- [ RunTime:0.001000s ]
INFO: [ app_begin ] --START--
INFO: Run Behavior\ReadHtmlCacheBehavior [ RunTime:0.001000s ]
INFO: [ app_begin ] --END-- [ RunTime:0.001000s ]
NOTIC: [8] Undefined index: user_id E:\UPUPW\htdocs\Application\Home\Controller\BaseController.class.php 第 9 行.
INFO: [ view_parse ] --START--
INFO: [ template_filter ] --START--
INFO: Run Behavior\ContentReplaceBehavior [ RunTime:0.000000s ]
INFO: [ template_filter ] --END-- [ RunTime:0.000000s ]
NOTIC: [8] Undefined variable: index E:\UPUPW\htdocs\Application\Runtime\Cache\Home\4f1cddef4d5fe2b9195a2505d2d018eb.php 第 39 行.
NOTIC: [8] Undefined variable: introduce E:\UPUPW\htdocs\Application\Runtime\Cache\Home\4f1cddef4d5fe2b9195a2505d2d018eb.php 第 40 行.
NOTIC: [8] Undefined variable: enterprise E:\UPUPW\htdocs\Application\Runtime\Cache\Home\4f1cddef4d5fe2b9195a2505d2d018eb.php 第 41 行.
NOTIC: [8] Undefined variable: manager E:\UPUPW\htdocs\Application\Runtime\Cache\Home\4f1cddef4d5fe2b9195a2505d2d018eb.php 第 42 行.
NOTIC: [8] Undefined variable: contact E:\UPUPW\htdocs\Application\Runtime\Cache\Home\4f1cddef4d5fe2b9195a2505d2d018eb.php 第 43 行.
NOTIC: [8] Use of undefined constant xs - assumed 'xs' E:\UPUPW\htdocs\Application\Runtime\Cache\Home\4f1cddef4d5fe2b9195a2505d2d018eb.php 第 46 行.
SQL: SHOW COLUMNS FROM `yzw_user_wallet` [ RunTime:0.0030s ]
SQL: SELECT * FROM `yzw_user_wallet` WHERE ( user_id=3722 ) ORDER BY timer desc LIMIT 1   [ RunTime:0.0000s ]
SQL: SELECT * FROM `yzw_user_wallet` WHERE ( user_id=3722 ) ORDER BY timer desc LIMIT 1   [ RunTime:0.0000s ]
SQL: SHOW COLUMNS FROM `yzw_article` [ RunTime:0.0040s ]
SQL: SHOW COLUMNS FROM `yzw_article_cat` [ RunTime:0.0040s ]
SQL: SHOW COLUMNS FROM `yzw_article` [ RunTime:0.0030s ]
SQL: SELECT * FROM `yzw_article` WHERE ( cat_id=111 and is_open=1 ) LIMIT 1   [ RunTime:0.0000s ]
SQL: SELECT * FROM `yzw_article` WHERE ( cat_id=112 and is_open=1 ) LIMIT 1   [ RunTime:0.0000s ]
SQL: SHOW COLUMNS FROM `yzw_article_cat` [ RunTime:0.0040s ]
SQL: SELECT * FROM `yzw_article_cat` WHERE ( cat_id>200 )  [ RunTime:0.0000s ]
SQL: SELECT * FROM `yzw_article` WHERE ( cat_id>200 and is_open=1 )  [ RunTime:0.0010s ]
INFO: Run Behavior\ParseTemplateBehavior [ RunTime:0.055004s ]
INFO: [ view_parse ] --END-- [ RunTime:0.055004s ]
INFO: [ view_filter ] --START--
INFO: Run Behavior\WriteHtmlCacheBehavior [ RunTime:0.002000s ]
INFO: [ view_filter ] --END-- [ RunTime:0.002000s ]
INFO: [ app_end ] --START--
INFO: Run Behavior\ShowPageTraceBehavior [ RunTime:0.001000s ]
INFO: [ app_end ] --END-- [ RunTime:0.001000s ]

[ 2017-07-15T17:24:51+08:00 ] 127.0.0.1 /index.php/Home/User/js/bootstrap-datepicker.js
INFO: [ app_init ] --START--
INFO: Run Behavior\BuildLiteBehavior [ RunTime:0.000000s ]
INFO: [ app_init ] --END-- [ RunTime:0.001000s ]
INFO: [ app_begin ] --START--
INFO: Run Behavior\ReadHtmlCacheBehavior [ RunTime:0.002000s ]
INFO: [ app_begin ] --END-- [ RunTime:0.002000s ]
NOTIC: [8] Undefined index: user_id E:\UPUPW\htdocs\Application\Home\Controller\BaseController.class.php 第 9 行.
ERR: 非法操作:js

[ 2017-07-15T17:24:51+08:00 ] 127.0.0.1 /index.php/Home/User/css/colorpicker.css
INFO: [ app_init ] --START--
INFO: Run Behavior\BuildLiteBehavior [ RunTime:0.000000s ]
INFO: [ app_init ] --END-- [ RunTime:0.001000s ]
INFO: [ app_begin ] --START--
INFO: Run Behavior\ReadHtmlCacheBehavior [ RunTime:0.002000s ]
INFO: [ app_begin ] --END-- [ RunTime:0.002000s ]
NOTIC: [8] Undefined index: user_id E:\UPUPW\htdocs\Application\Home\Controller\BaseController.class.php 第 9 行.
ERR: 非法操作:css

[ 2017-07-15T17:24:51+08:00 ] 127.0.0.1 /index.php/Home/User/js/pickers-init.js
INFO: [ app_init ] --START--
INFO: Run Behavior\BuildLiteBehavior [ RunTime:0.000000s ]
INFO: [ app_init ] --END-- [ RunTime:0.000000s ]
INFO: [ app_begin ] --START--
INFO: Run Behavior\ReadHtmlCacheBehavior [ RunTime:0.002000s ]
INFO: [ app_begin ] --END-- [ RunTime:0.002000s ]
NOTIC: [8] Undefined index: user_id E:\UPUPW\htdocs\Application\Home\Controller\BaseController.class.php 第 9 行.
ERR: 非法操作:js

[ 2017-07-15T17:24:51+08:00 ] 127.0.0.1 /index.php/Home/User/css/datepicker-custom.css
INFO: [ app_init ] --START--
INFO: Run Behavior\BuildLiteBehavior [ RunTime:0.000000s ]
INFO: [ app_init ] --END-- [ RunTime:0.000000s ]
INFO: [ app_begin ] --START--
INFO: Run Behavior\ReadHtmlCacheBehavior [ RunTime:0.002001s ]
INFO: [ app_begin ] --END-- [ RunTime:0.002001s ]
NOTIC: [8] Undefined index: user_id E:\UPUPW\htdocs\Application\Home\Controller\BaseController.class.php 第 9 行.
ERR: 非法操作:css

[ 2017-07-15T17:24:51+08:00 ] 127.0.0.1 /index.php/Home/User/js/bootstrap-datepicker.js
INFO: [ app_init ] --START--
INFO: Run Behavior\BuildLiteBehavior [ RunTime:0.000000s ]
INFO: [ app_init ] --END-- [ RunTime:0.000000s ]
INFO: [ app_begin ] --START--
INFO: Run Behavior\ReadHtmlCacheBehavior [ RunTime:0.002000s ]
INFO: [ app_begin ] --END-- [ RunTime:0.002000s ]
NOTIC: [8] Undefined index: user_id E:\UPUPW\htdocs\Application\Home\Controller\BaseController.class.php 第 9 行.
ERR: 非法操作:js

[ 2017-07-15T17:24:51+08:00 ] 127.0.0.1 /index.php/Home/User/js/pickers-init.js
INFO: [ app_init ] --START--
INFO: Run Behavior\BuildLiteBehavior [ RunTime:0.000000s ]
INFO: [ app_init ] --END-- [ RunTime:0.000000s ]
INFO: [ app_begin ] --START--
INFO: Run Behavior\ReadHtmlCacheBehavior [ RunTime:0.002000s ]
INFO: [ app_begin ] --END-- [ RunTime:0.002000s ]
NOTIC: [8] Undefined index: user_id E:\UPUPW\htdocs\Application\Home\Controller\BaseController.class.php 第 9 行.
ERR: 非法操作:js

[ 2017-07-15T17:24:53+08:00 ] 127.0.0.1 /index.php/Home/Login/quit
INFO: [ app_init ] --START--
INFO: Run Behavior\BuildLiteBehavior [ RunTime:0.000000s ]
INFO: [ app_init ] --END-- [ RunTime:0.000000s ]
INFO: [ app_begin ] --START--
INFO: Run Behavior\ReadHtmlCacheBehavior [ RunTime:0.002001s ]
INFO: [ app_begin ] --END-- [ RunTime:0.002001s ]
NOTIC: [8] Undefined index: user_id E:\UPUPW\htdocs\Application\Home\Controller\BaseController.class.php 第 9 行.

[ 2017-07-15T17:24:53+08:00 ] 127.0.0.1 /index.php/Home/Index/index
INFO: [ app_init ] --START--
INFO: Run Behavior\BuildLiteBehavior [ RunTime:0.000000s ]
INFO: [ app_init ] --END-- [ RunTime:0.001000s ]
INFO: [ app_begin ] --START--
INFO: Run Behavior\ReadHtmlCacheBehavior [ RunTime:0.002000s ]
INFO: [ app_begin ] --END-- [ RunTime:0.002000s ]
NOTIC: [8] Undefined index: user_id E:\UPUPW\htdocs\Application\Home\Controller\BaseController.class.php 第 9 行.
SQL: SHOW COLUMNS FROM `yzw_article` [ RunTime:0.0040s ]
SQL: SHOW COLUMNS FROM `yzw_article` [ RunTime:0.0030s ]
SQL: SELECT * FROM `yzw_article` WHERE ( cat_id=108 and is_open=1 )  [ RunTime:0.0000s ]
SQL: SELECT * FROM `yzw_article` WHERE ( cat_id=114 and is_open=1 ) LIMIT 1   [ RunTime:0.0000s ]
SQL: SELECT * FROM `yzw_article` WHERE ( cat_id=113 and is_open=1 ) LIMIT 1   [ RunTime:0.0000s ]
SQL: SELECT * FROM `yzw_article` WHERE ( article_id=1284 and is_open=1 ) LIMIT 1   [ RunTime:0.0010s ]
SQL: SELECT * FROM `yzw_article` WHERE ( article_id=1285 and is_open=1 ) LIMIT 1   [ RunTime:0.0000s ]
SQL: SELECT * FROM `yzw_article` WHERE ( article_id=1288 and is_open=1 ) LIMIT 1   [ RunTime:0.0000s ]
SQL: SELECT * FROM `yzw_article` WHERE ( cat_id=110 and is_open=1 ) LIMIT 1   [ RunTime:0.0000s ]
SQL: SELECT * FROM `yzw_article` WHERE ( cat_id=109 and is_open=1 ) LIMIT 1   [ RunTime:0.0000s ]
INFO: [ view_parse ] --START--
INFO: [ template_filter ] --START--
INFO: Run Behavior\ContentReplaceBehavior [ RunTime:0.000000s ]
INFO: [ template_filter ] --END-- [ RunTime:0.000000s ]
NOTIC: [8] Undefined variable: introduce E:\UPUPW\htdocs\Application\Runtime\Cache\Home\769e70f2e46f34ceb60619bbda5e4691.php 第 41 行.
NOTIC: [8] Undefined variable: enterprise E:\UPUPW\htdocs\Application\Runtime\Cache\Home\769e70f2e46f34ceb60619bbda5e4691.php 第 42 行.
NOTIC: [8] Undefined variable: manager E:\UPUPW\htdocs\Application\Runtime\Cache\Home\769e70f2e46f34ceb60619bbda5e4691.php 第 43 行.
NOTIC: [8] Undefined variable: contact E:\UPUPW\htdocs\Application\Runtime\Cache\Home\769e70f2e46f34ceb60619bbda5e4691.php 第 44 行.
NOTIC: [8] Undefined index: user_info E:\UPUPW\htdocs\Application\Runtime\Cache\Home\769e70f2e46f34ceb60619bbda5e4691.php 第 46 行.
SQL: SHOW COLUMNS FROM `yzw_article_cat` [ RunTime:0.0030s ]
SQL: SELECT * FROM `yzw_article` WHERE ( cat_id=111 and is_open=1 ) LIMIT 1   [ RunTime:0.0000s ]
SQL: SELECT * FROM `yzw_article` WHERE ( cat_id=112 and is_open=1 ) LIMIT 1   [ RunTime:0.0000s ]
SQL: SHOW COLUMNS FROM `yzw_article_cat` [ RunTime:0.0030s ]
SQL: SELECT * FROM `yzw_article_cat` WHERE ( cat_id>200 )  [ RunTime:0.0010s ]
SQL: SELECT * FROM `yzw_article` WHERE ( cat_id>200 and is_open=1 )  [ RunTime:0.0000s ]
INFO: Run Behavior\ParseTemplateBehavior [ RunTime:0.026001s ]
INFO: [ view_parse ] --END-- [ RunTime:0.026001s ]
INFO: [ view_filter ] --START--
INFO: Run Behavior\WriteHtmlCacheBehavior [ RunTime:0.002000s ]
INFO: [ view_filter ] --END-- [ RunTime:0.002000s ]
INFO: [ app_end ] --START--
INFO: Run Behavior\ShowPageTraceBehavior [ RunTime:0.001000s ]
INFO: [ app_end ] --END-- [ RunTime:0.001000s ]

[ 2017-07-15T17:24:53+08:00 ] 127.0.0.1 /index.php/Home/Index/js/pickers-init.js
INFO: [ app_init ] --START--
INFO: Run Behavior\BuildLiteBehavior [ RunTime:0.000000s ]
INFO: [ app_init ] --END-- [ RunTime:0.000000s ]
INFO: [ app_begin ] --START--
INFO: Run Behavior\ReadHtmlCacheBehavior [ RunTime:0.002000s ]
INFO: [ app_begin ] --END-- [ RunTime:0.002000s ]
NOTIC: [8] Undefined index: user_id E:\UPUPW\htdocs\Application\Home\Controller\BaseController.class.php 第 9 行.
ERR: 非法操作:js

[ 2017-07-15T17:24:53+08:00 ] 127.0.0.1 /index.php/Home/Index/css/colorpicker.css
INFO: [ app_init ] --START--
INFO: Run Behavior\BuildLiteBehavior [ RunTime:0.000000s ]
INFO: [ app_init ] --END-- [ RunTime:0.000000s ]
INFO: [ app_begin ] --START--
INFO: Run Behavior\ReadHtmlCacheBehavior [ RunTime:0.002000s ]
INFO: [ app_begin ] --END-- [ RunTime:0.002000s ]
NOTIC: [8] Undefined index: user_id E:\UPUPW\htdocs\Application\Home\Controller\BaseController.class.php 第 9 行.
ERR: 非法操作:css

[ 2017-07-15T17:24:53+08:00 ] 127.0.0.1 /index.php/Home/Index/css/datepicker-custom.css
INFO: [ app_init ] --START--
INFO: Run Behavior\BuildLiteBehavior [ RunTime:0.000000s ]
INFO: [ app_init ] --END-- [ RunTime:0.000000s ]
INFO: [ app_begin ] --START--
INFO: Run Behavior\ReadHtmlCacheBehavior [ RunTime:0.001000s ]
INFO: [ app_begin ] --END-- [ RunTime:0.001000s ]
NOTIC: [8] Undefined index: user_id E:\UPUPW\htdocs\Application\Home\Controller\BaseController.class.php 第 9 行.
ERR: 非法操作:css

[ 2017-07-15T17:24:53+08:00 ] 127.0.0.1 /index.php/Home/Index/js/bootstrap-datepicker.js
INFO: [ app_init ] --START--
INFO: Run Behavior\BuildLiteBehavior [ RunTime:0.000000s ]
INFO: [ app_init ] --END-- [ RunTime:0.001000s ]
INFO: [ app_begin ] --START--
INFO: Run Behavior\ReadHtmlCacheBehavior [ RunTime:0.002000s ]
INFO: [ app_begin ] --END-- [ RunTime:0.002000s ]
NOTIC: [8] Undefined index: user_id E:\UPUPW\htdocs\Application\Home\Controller\BaseController.class.php 第 9 行.
ERR: 非法操作:js

[ 2017-07-15T17:24:53+08:00 ] 127.0.0.1 /index.php/Home/Index/js/pickers-init.js
INFO: [ app_init ] --START--
INFO: Run Behavior\BuildLiteBehavior [ RunTime:0.000000s ]
INFO: [ app_init ] --END-- [ RunTime:0.001000s ]
INFO: [ app_begin ] --START--
INFO: Run Behavior\ReadHtmlCacheBehavior [ RunTime:0.001000s ]
INFO: [ app_begin ] --END-- [ RunTime:0.001000s ]
NOTIC: [8] Undefined index: user_id E:\UPUPW\htdocs\Application\Home\Controller\BaseController.class.php 第 9 行.
ERR: 非法操作:js

[ 2017-07-15T17:24:54+08:00 ] 127.0.0.1 /index.php/Home/Login/register
INFO: [ app_init ] --START--
INFO: Run Behavior\BuildLiteBehavior [ RunTime:0.000000s ]
INFO: [ app_init ] --END-- [ RunTime:0.000000s ]
INFO: [ app_begin ] --START--
INFO: Run Behavior\ReadHtmlCacheBehavior [ RunTime:0.002000s ]
INFO: [ app_begin ] --END-- [ RunTime:0.002000s ]
NOTIC: [8] Undefined index: user_id E:\UPUPW\htdocs\Application\Home\Controller\BaseController.class.php 第 9 行.
SQL: SHOW COLUMNS FROM `yzw_users` [ RunTime:0.0040s ]
SQL: SELECT * FROM `yzw_users` WHERE ( stateid=1 )  [ RunTime:0.0000s ]
INFO: [ view_parse ] --START--
INFO: [ template_filter ] --START--
INFO: Run Behavior\ContentReplaceBehavior [ RunTime:0.000000s ]
INFO: [ template_filter ] --END-- [ RunTime:0.001000s ]
NOTIC: [8] Undefined index: id E:\UPUPW\htdocs\Application\Runtime\Cache\Home\ca9ed7c48f7ac8683214b9c983040ef3.php 第 124 行.
INFO: Run Behavior\ParseTemplateBehavior [ RunTime:0.015001s ]
INFO: [ view_parse ] --END-- [ RunTime:0.015001s ]
INFO: [ view_filter ] --START--
INFO: Run Behavior\WriteHtmlCacheBehavior [ RunTime:0.002000s ]
INFO: [ view_filter ] --END-- [ RunTime:0.002000s ]
INFO: [ app_end ] --START--
INFO: Run Behavior\ShowPageTraceBehavior [ RunTime:0.001000s ]
INFO: [ app_end ] --END-- [ RunTime:0.001000s ]

