[ 2017-07-24T08:41:05+08:00 ] 127.0.0.1 /
INFO: [ app_init ] --START--
INFO: Run Behavior\BuildLiteBehavior [ RunTime:0.000000s ]
INFO: [ app_init ] --END-- [ RunTime:0.003000s ]
INFO: [ app_begin ] --START--
INFO: Run Behavior\ReadHtmlCacheBehavior [ RunTime:0.003001s ]
INFO: [ app_begin ] --END-- [ RunTime:0.003001s ]
NOTIC: [8] Undefined index: user_id E:\UPUPW\htdocs\Application\Home\Controller\BaseController.class.php 第 8 行.
SQL: SHOW COLUMNS FROM `yzw_article` [ RunTime:0.0220s ]
SQL: SHOW COLUMNS FROM `yzw_article` [ RunTime:0.0030s ]
SQL: SELECT * FROM `yzw_article` WHERE ( cat_id=108 and is_open=1 )  [ RunTime:0.0010s ]
SQL: SELECT * FROM `yzw_article` WHERE ( cat_id=114 and is_open=1 ) LIMIT 1   [ RunTime:0.0010s ]
SQL: SELECT * FROM `yzw_article` WHERE ( cat_id=113 and is_open=1 ) LIMIT 1   [ RunTime:0.0010s ]
SQL: SELECT * FROM `yzw_article` WHERE ( article_id=1284 and is_open=1 ) LIMIT 1   [ RunTime:0.0010s ]
SQL: SELECT * FROM `yzw_article` WHERE ( article_id=1285 and is_open=1 ) LIMIT 1   [ RunTime:0.0010s ]
SQL: SELECT * FROM `yzw_article` WHERE ( article_id=1288 and is_open=1 ) LIMIT 1   [ RunTime:0.0010s ]
SQL: SELECT * FROM `yzw_article` WHERE ( cat_id=110 and is_open=1 ) LIMIT 1   [ RunTime:0.0010s ]
SQL: SELECT * FROM `yzw_article` WHERE ( cat_id=109 and is_open=1 ) LIMIT 1   [ RunTime:0.0010s ]
SQL: SELECT * FROM `yzw_article` WHERE ( cat_id=116 ) LIMIT 1   [ RunTime:0.0010s ]
INFO: [ view_parse ] --START--
INFO: [ template_filter ] --START--
INFO: Run Behavior\ContentReplaceBehavior [ RunTime:0.000000s ]
INFO: [ template_filter ] --END-- [ RunTime:0.000000s ]
NOTIC: [8] Undefined variable: introduce E:\UPUPW\htdocs\Application\Runtime\Cache\Home\769e70f2e46f34ceb60619bbda5e4691.php 第 42 行.
NOTIC: [8] Undefined variable: enterprise E:\UPUPW\htdocs\Application\Runtime\Cache\Home\769e70f2e46f34ceb60619bbda5e4691.php 第 43 行.
NOTIC: [8] Undefined variable: manager E:\UPUPW\htdocs\Application\Runtime\Cache\Home\769e70f2e46f34ceb60619bbda5e4691.php 第 44 行.
NOTIC: [8] Undefined variable: contact E:\UPUPW\htdocs\Application\Runtime\Cache\Home\769e70f2e46f34ceb60619bbda5e4691.php 第 45 行.
NOTIC: [8] Undefined index: user_info E:\UPUPW\htdocs\Application\Runtime\Cache\Home\769e70f2e46f34ceb60619bbda5e4691.php 第 47 行.
SQL: SHOW COLUMNS FROM `yzw_article_cat` [ RunTime:0.0270s ]
SQL: SELECT * FROM `yzw_article` WHERE ( cat_id=111 and is_open=1 ) LIMIT 1   [ RunTime:0.0000s ]
SQL: SELECT * FROM `yzw_article` WHERE ( cat_id=112 and is_open=1 ) LIMIT 1   [ RunTime:0.0000s ]
SQL: SHOW COLUMNS FROM `yzw_article_cat` [ RunTime:0.0030s ]
SQL: SELECT * FROM `yzw_article_cat` WHERE ( cat_id>200 )  [ RunTime:0.0000s ]
SQL: SELECT * FROM `yzw_article` WHERE ( cat_id>200 and is_open=1 )  [ RunTime:0.0000s ]
INFO: Run Behavior\ParseTemplateBehavior [ RunTime:0.084005s ]
INFO: [ view_parse ] --END-- [ RunTime:0.084005s ]
INFO: [ view_filter ] --START--
INFO: Run Behavior\WriteHtmlCacheBehavior [ RunTime:0.003000s ]
INFO: [ view_filter ] --END-- [ RunTime:0.004000s ]
INFO: [ app_end ] --START--
INFO: Run Behavior\ShowPageTraceBehavior [ RunTime:0.003000s ]
INFO: [ app_end ] --END-- [ RunTime:0.003000s ]

[ 2017-07-24T08:41:09+08:00 ] 127.0.0.1 /index.php/Home/Login/register
INFO: [ app_init ] --START--
INFO: Run Behavior\BuildLiteBehavior [ RunTime:0.000000s ]
INFO: [ app_init ] --END-- [ RunTime:0.001000s ]
INFO: [ app_begin ] --START--
INFO: Run Behavior\ReadHtmlCacheBehavior [ RunTime:0.003000s ]
INFO: [ app_begin ] --END-- [ RunTime:0.003000s ]
NOTIC: [8] Undefined index: user_id E:\UPUPW\htdocs\Application\Home\Controller\BaseController.class.php 第 8 行.
SQL: SHOW COLUMNS FROM `yzw_users` [ RunTime:0.0180s ]
SQL: SELECT * FROM `yzw_users` WHERE ( stateid=1 )  [ RunTime:0.0000s ]
NOTIC: [8] Undefined index: zcdl E:\UPUPW\htdocs\Application\Home\Controller\LoginController.class.php 第 16 行.
NOTIC: [8] Undefined variable: zcdl E:\UPUPW\htdocs\Application\Home\Controller\LoginController.class.php 第 21 行.
INFO: [ view_parse ] --START--
INFO: [ template_filter ] --START--
INFO: Run Behavior\ContentReplaceBehavior [ RunTime:0.000000s ]
INFO: [ template_filter ] --END-- [ RunTime:0.000000s ]
NOTIC: [8] Undefined index: id E:\UPUPW\htdocs\Application\Runtime\Cache\Home\ca9ed7c48f7ac8683214b9c983040ef3.php 第 126 行.
INFO: Run Behavior\ParseTemplateBehavior [ RunTime:0.013001s ]
INFO: [ view_parse ] --END-- [ RunTime:0.013001s ]
INFO: [ view_filter ] --START--
INFO: Run Behavior\WriteHtmlCacheBehavior [ RunTime:0.002000s ]
INFO: [ view_filter ] --END-- [ RunTime:0.002000s ]
INFO: [ app_end ] --START--
INFO: Run Behavior\ShowPageTraceBehavior [ RunTime:0.002000s ]
INFO: [ app_end ] --END-- [ RunTime:0.002000s ]

[ 2017-07-24T08:41:17+08:00 ] 127.0.0.1 /index.php/Home/Login/verification
INFO: [ app_init ] --START--
INFO: Run Behavior\BuildLiteBehavior [ RunTime:0.000000s ]
INFO: [ app_init ] --END-- [ RunTime:0.000000s ]
INFO: [ app_begin ] --START--
INFO: Run Behavior\ReadHtmlCacheBehavior [ RunTime:0.000000s ]
INFO: [ app_begin ] --END-- [ RunTime:0.000000s ]
NOTIC: [8] Undefined index: user_id E:\UPUPW\htdocs\Application\Home\Controller\BaseController.class.php 第 8 行.
SQL: SHOW COLUMNS FROM `yzw_users` [ RunTime:0.0000s ]
SQL: SELECT * FROM `yzw_users` WHERE ( mobile="13845044043" and password="4297f44b13955235245b2497399d7a93" ) LIMIT 1   [ RunTime:0.0000s ]
NOTIC: [8] Undefined index: pid E:\UPUPW\htdocs\Application\Home\Controller\LoginController.class.php 第 39 行.
SQL: UPDATE `yzw_users` SET `last_login`='1500856877',`last_ip`='127.0.0.1' WHERE ( mobile="13845044043" and password="4297f44b13955235245b2497399d7a93" ) [ RunTime:0.0000s ]
INFO: [ app_end ] --START--
INFO: Run Behavior\ShowPageTraceBehavior [ RunTime:0.000000s ]
INFO: [ app_end ] --END-- [ RunTime:0.000000s ]

[ 2017-07-24T08:41:17+08:00 ] 127.0.0.1 /index.php/Home/index/index
INFO: [ app_init ] --START--
INFO: Run Behavior\BuildLiteBehavior [ RunTime:0.000000s ]
INFO: [ app_init ] --END-- [ RunTime:0.000000s ]
INFO: [ app_begin ] --START--
INFO: Run Behavior\ReadHtmlCacheBehavior [ RunTime:0.002000s ]
INFO: [ app_begin ] --END-- [ RunTime:0.002000s ]
NOTIC: [8] Undefined index: user_id E:\UPUPW\htdocs\Application\Home\Controller\BaseController.class.php 第 8 行.
SQL: SHOW COLUMNS FROM `yzw_article` [ RunTime:0.0030s ]
SQL: SHOW COLUMNS FROM `yzw_article` [ RunTime:0.0020s ]
SQL: SELECT * FROM `yzw_article` WHERE ( cat_id=108 and is_open=1 )  [ RunTime:0.0010s ]
SQL: SELECT * FROM `yzw_article` WHERE ( cat_id=114 and is_open=1 ) LIMIT 1   [ RunTime:0.0000s ]
SQL: SELECT * FROM `yzw_article` WHERE ( cat_id=113 and is_open=1 ) LIMIT 1   [ RunTime:0.0000s ]
SQL: SELECT * FROM `yzw_article` WHERE ( article_id=1284 and is_open=1 ) LIMIT 1   [ RunTime:0.0010s ]
SQL: SELECT * FROM `yzw_article` WHERE ( article_id=1285 and is_open=1 ) LIMIT 1   [ RunTime:0.0000s ]
SQL: SELECT * FROM `yzw_article` WHERE ( article_id=1288 and is_open=1 ) LIMIT 1   [ RunTime:0.0000s ]
SQL: SELECT * FROM `yzw_article` WHERE ( cat_id=110 and is_open=1 ) LIMIT 1   [ RunTime:0.0000s ]
SQL: SELECT * FROM `yzw_article` WHERE ( cat_id=109 and is_open=1 ) LIMIT 1   [ RunTime:0.0010s ]
SQL: SELECT * FROM `yzw_article` WHERE ( cat_id=116 ) LIMIT 1   [ RunTime:0.0000s ]
INFO: [ view_parse ] --START--
INFO: [ template_filter ] --START--
INFO: Run Behavior\ContentReplaceBehavior [ RunTime:0.000000s ]
INFO: [ template_filter ] --END-- [ RunTime:0.000000s ]
NOTIC: [8] Undefined variable: introduce E:\UPUPW\htdocs\Application\Runtime\Cache\Home\769e70f2e46f34ceb60619bbda5e4691.php 第 42 行.
NOTIC: [8] Undefined variable: enterprise E:\UPUPW\htdocs\Application\Runtime\Cache\Home\769e70f2e46f34ceb60619bbda5e4691.php 第 43 行.
NOTIC: [8] Undefined variable: manager E:\UPUPW\htdocs\Application\Runtime\Cache\Home\769e70f2e46f34ceb60619bbda5e4691.php 第 44 行.
NOTIC: [8] Undefined variable: contact E:\UPUPW\htdocs\Application\Runtime\Cache\Home\769e70f2e46f34ceb60619bbda5e4691.php 第 45 行.
NOTIC: [8] Use of undefined constant xs - assumed 'xs' E:\UPUPW\htdocs\Application\Runtime\Cache\Home\769e70f2e46f34ceb60619bbda5e4691.php 第 48 行.
NOTIC: [8] Undefined variable: xs E:\UPUPW\htdocs\Application\Runtime\Cache\Home\769e70f2e46f34ceb60619bbda5e4691.php 第 48 行.
SQL: SHOW COLUMNS FROM `yzw_article_cat` [ RunTime:0.0030s ]
SQL: SELECT * FROM `yzw_article` WHERE ( cat_id=111 and is_open=1 ) LIMIT 1   [ RunTime:0.0000s ]
SQL: SELECT * FROM `yzw_article` WHERE ( cat_id=112 and is_open=1 ) LIMIT 1   [ RunTime:0.0000s ]
SQL: SHOW COLUMNS FROM `yzw_article_cat` [ RunTime:0.0030s ]
SQL: SELECT * FROM `yzw_article_cat` WHERE ( cat_id>200 )  [ RunTime:0.0000s ]
SQL: SELECT * FROM `yzw_article` WHERE ( cat_id>200 and is_open=1 )  [ RunTime:0.0000s ]
INFO: Run Behavior\ParseTemplateBehavior [ RunTime:0.024001s ]
INFO: [ view_parse ] --END-- [ RunTime:0.024001s ]
INFO: [ view_filter ] --START--
INFO: Run Behavior\WriteHtmlCacheBehavior [ RunTime:0.001000s ]
INFO: [ view_filter ] --END-- [ RunTime:0.001000s ]
INFO: [ app_end ] --START--
INFO: Run Behavior\ShowPageTraceBehavior [ RunTime:0.002000s ]
INFO: [ app_end ] --END-- [ RunTime:0.002000s ]

[ 2017-07-24T08:41:20+08:00 ] 127.0.0.1 /index.php/Home/User/personal
INFO: [ app_init ] --START--
INFO: Run Behavior\BuildLiteBehavior [ RunTime:0.000000s ]
INFO: [ app_init ] --END-- [ RunTime:0.000000s ]
INFO: [ app_begin ] --START--
INFO: Run Behavior\ReadHtmlCacheBehavior [ RunTime:0.001000s ]
INFO: [ app_begin ] --END-- [ RunTime:0.001000s ]
NOTIC: [8] Undefined index: user_id E:\UPUPW\htdocs\Application\Home\Controller\UserController.class.php 第 8 行.
INFO: [ view_parse ] --START--
INFO: [ template_filter ] --START--
INFO: Run Behavior\ContentReplaceBehavior [ RunTime:0.001000s ]
INFO: [ template_filter ] --END-- [ RunTime:0.001000s ]
NOTIC: [8] Undefined variable: index E:\UPUPW\htdocs\Application\Runtime\Cache\Home\4f1cddef4d5fe2b9195a2505d2d018eb.php 第 40 行.
NOTIC: [8] Undefined variable: introduce E:\UPUPW\htdocs\Application\Runtime\Cache\Home\4f1cddef4d5fe2b9195a2505d2d018eb.php 第 41 行.
NOTIC: [8] Undefined variable: enterprise E:\UPUPW\htdocs\Application\Runtime\Cache\Home\4f1cddef4d5fe2b9195a2505d2d018eb.php 第 42 行.
NOTIC: [8] Undefined variable: manager E:\UPUPW\htdocs\Application\Runtime\Cache\Home\4f1cddef4d5fe2b9195a2505d2d018eb.php 第 43 行.
NOTIC: [8] Undefined variable: contact E:\UPUPW\htdocs\Application\Runtime\Cache\Home\4f1cddef4d5fe2b9195a2505d2d018eb.php 第 44 行.
NOTIC: [8] Use of undefined constant xs - assumed 'xs' E:\UPUPW\htdocs\Application\Runtime\Cache\Home\4f1cddef4d5fe2b9195a2505d2d018eb.php 第 47 行.
SQL: SHOW COLUMNS FROM `yzw_users` [ RunTime:0.0040s ]
SQL: SELECT * FROM `yzw_users` WHERE ( user_id=3740 ) LIMIT 1   [ RunTime:0.0010s ]
NOTIC: [2] Missing argument 1 for user_pr(), called in E:\UPUPW\htdocs\Application\Runtime\Cache\Home\4f1cddef4d5fe2b9195a2505d2d018eb.php on line 85 and defined E:\UPUPW\htdocs\Application\Common\Common\function.php 第 302 行.
SQL: SHOW COLUMNS FROM `yzw_user_wallet` [ RunTime:0.0120s ]
SQL: SELECT * FROM `yzw_user_wallet` WHERE ( user_id=3740 ) ORDER BY wallet_id desc LIMIT 1   [ RunTime:0.0010s ]
SQL: SELECT * FROM `yzw_user_wallet` WHERE ( user_id=3740 ) ORDER BY wallet_id desc LIMIT 1   [ RunTime:0.0010s ]
SQL: SHOW COLUMNS FROM `yzw_article` [ RunTime:0.0030s ]
SQL: SHOW COLUMNS FROM `yzw_article_cat` [ RunTime:0.0020s ]
SQL: SHOW COLUMNS FROM `yzw_article` [ RunTime:0.0020s ]
SQL: SELECT * FROM `yzw_article` WHERE ( cat_id=111 and is_open=1 ) LIMIT 1   [ RunTime:0.0000s ]
SQL: SELECT * FROM `yzw_article` WHERE ( cat_id=112 and is_open=1 ) LIMIT 1   [ RunTime:0.0010s ]
SQL: SHOW COLUMNS FROM `yzw_article_cat` [ RunTime:0.0020s ]
SQL: SELECT * FROM `yzw_article_cat` WHERE ( cat_id>200 )  [ RunTime:0.0000s ]
SQL: SELECT * FROM `yzw_article` WHERE ( cat_id>200 and is_open=1 )  [ RunTime:0.0000s ]
INFO: Run Behavior\ParseTemplateBehavior [ RunTime:0.071004s ]
INFO: [ view_parse ] --END-- [ RunTime:0.072004s ]
INFO: [ view_filter ] --START--
INFO: Run Behavior\WriteHtmlCacheBehavior [ RunTime:0.001000s ]
INFO: [ view_filter ] --END-- [ RunTime:0.001000s ]
INFO: [ app_end ] --START--
INFO: Run Behavior\ShowPageTraceBehavior [ RunTime:0.002000s ]
INFO: [ app_end ] --END-- [ RunTime:0.002000s ]

[ 2017-07-24T08:41:22+08:00 ] 127.0.0.1 /index.php/Home/index/index
INFO: [ app_init ] --START--
INFO: Run Behavior\BuildLiteBehavior [ RunTime:0.000000s ]
INFO: [ app_init ] --END-- [ RunTime:0.001000s ]
INFO: [ app_begin ] --START--
INFO: Run Behavior\ReadHtmlCacheBehavior [ RunTime:0.002000s ]
INFO: [ app_begin ] --END-- [ RunTime:0.002000s ]
NOTIC: [8] Undefined index: user_id E:\UPUPW\htdocs\Application\Home\Controller\BaseController.class.php 第 8 行.
SQL: SHOW COLUMNS FROM `yzw_article` [ RunTime:0.0030s ]
SQL: SHOW COLUMNS FROM `yzw_article` [ RunTime:0.0020s ]
SQL: SELECT * FROM `yzw_article` WHERE ( cat_id=108 and is_open=1 )  [ RunTime:0.0000s ]
SQL: SELECT * FROM `yzw_article` WHERE ( cat_id=114 and is_open=1 ) LIMIT 1   [ RunTime:0.0000s ]
SQL: SELECT * FROM `yzw_article` WHERE ( cat_id=113 and is_open=1 ) LIMIT 1   [ RunTime:0.0000s ]
SQL: SELECT * FROM `yzw_article` WHERE ( article_id=1284 and is_open=1 ) LIMIT 1   [ RunTime:0.0000s ]
SQL: SELECT * FROM `yzw_article` WHERE ( article_id=1285 and is_open=1 ) LIMIT 1   [ RunTime:0.0000s ]
SQL: SELECT * FROM `yzw_article` WHERE ( article_id=1288 and is_open=1 ) LIMIT 1   [ RunTime:0.0000s ]
SQL: SELECT * FROM `yzw_article` WHERE ( cat_id=110 and is_open=1 ) LIMIT 1   [ RunTime:0.0000s ]
SQL: SELECT * FROM `yzw_article` WHERE ( cat_id=109 and is_open=1 ) LIMIT 1   [ RunTime:0.0000s ]
SQL: SELECT * FROM `yzw_article` WHERE ( cat_id=116 ) LIMIT 1   [ RunTime:0.0010s ]
INFO: [ view_parse ] --START--
INFO: [ template_filter ] --START--
INFO: Run Behavior\ContentReplaceBehavior [ RunTime:0.000000s ]
INFO: [ template_filter ] --END-- [ RunTime:0.000000s ]
NOTIC: [8] Undefined variable: introduce E:\UPUPW\htdocs\Application\Runtime\Cache\Home\769e70f2e46f34ceb60619bbda5e4691.php 第 42 行.
NOTIC: [8] Undefined variable: enterprise E:\UPUPW\htdocs\Application\Runtime\Cache\Home\769e70f2e46f34ceb60619bbda5e4691.php 第 43 行.
NOTIC: [8] Undefined variable: manager E:\UPUPW\htdocs\Application\Runtime\Cache\Home\769e70f2e46f34ceb60619bbda5e4691.php 第 44 行.
NOTIC: [8] Undefined variable: contact E:\UPUPW\htdocs\Application\Runtime\Cache\Home\769e70f2e46f34ceb60619bbda5e4691.php 第 45 行.
NOTIC: [8] Use of undefined constant xs - assumed 'xs' E:\UPUPW\htdocs\Application\Runtime\Cache\Home\769e70f2e46f34ceb60619bbda5e4691.php 第 48 行.
NOTIC: [8] Undefined variable: xs E:\UPUPW\htdocs\Application\Runtime\Cache\Home\769e70f2e46f34ceb60619bbda5e4691.php 第 48 行.
SQL: SHOW COLUMNS FROM `yzw_article_cat` [ RunTime:0.0020s ]
SQL: SELECT * FROM `yzw_article` WHERE ( cat_id=111 and is_open=1 ) LIMIT 1   [ RunTime:0.0000s ]
SQL: SELECT * FROM `yzw_article` WHERE ( cat_id=112 and is_open=1 ) LIMIT 1   [ RunTime:0.0000s ]
SQL: SHOW COLUMNS FROM `yzw_article_cat` [ RunTime:0.0020s ]
SQL: SELECT * FROM `yzw_article_cat` WHERE ( cat_id>200 )  [ RunTime:0.0000s ]
SQL: SELECT * FROM `yzw_article` WHERE ( cat_id>200 and is_open=1 )  [ RunTime:0.0000s ]
INFO: Run Behavior\ParseTemplateBehavior [ RunTime:0.023001s ]
INFO: [ view_parse ] --END-- [ RunTime:0.023001s ]
INFO: [ view_filter ] --START--
INFO: Run Behavior\WriteHtmlCacheBehavior [ RunTime:0.002000s ]
INFO: [ view_filter ] --END-- [ RunTime:0.002000s ]
INFO: [ app_end ] --START--
INFO: Run Behavior\ShowPageTraceBehavior [ RunTime:0.001000s ]
INFO: [ app_end ] --END-- [ RunTime:0.001000s ]

[ 2017-07-24T09:03:17+08:00 ] 127.0.0.1 /index.php/Home/index/index
INFO: [ app_init ] --START--
INFO: Run Behavior\BuildLiteBehavior [ RunTime:0.000000s ]
INFO: [ app_init ] --END-- [ RunTime:0.000000s ]
INFO: [ app_begin ] --START--
INFO: Run Behavior\ReadHtmlCacheBehavior [ RunTime:0.002000s ]
INFO: [ app_begin ] --END-- [ RunTime:0.002000s ]
NOTIC: [8] Undefined index: user_id E:\UPUPW\htdocs\Application\Home\Controller\BaseController.class.php 第 8 行.
SQL: SHOW COLUMNS FROM `yzw_article` [ RunTime:0.0030s ]
SQL: SHOW COLUMNS FROM `yzw_article` [ RunTime:0.0020s ]
SQL: SELECT * FROM `yzw_article` WHERE ( cat_id=108 and is_open=1 )  [ RunTime:0.0010s ]
SQL: SELECT * FROM `yzw_article` WHERE ( cat_id=114 and is_open=1 ) LIMIT 1   [ RunTime:0.0000s ]
SQL: SELECT * FROM `yzw_article` WHERE ( cat_id=113 and is_open=1 ) LIMIT 1   [ RunTime:0.0000s ]
SQL: SELECT * FROM `yzw_article` WHERE ( article_id=1284 and is_open=1 ) LIMIT 1   [ RunTime:0.0010s ]
SQL: SELECT * FROM `yzw_article` WHERE ( article_id=1285 and is_open=1 ) LIMIT 1   [ RunTime:0.0000s ]
SQL: SELECT * FROM `yzw_article` WHERE ( article_id=1288 and is_open=1 ) LIMIT 1   [ RunTime:0.0000s ]
SQL: SELECT * FROM `yzw_article` WHERE ( cat_id=110 and is_open=1 ) LIMIT 1   [ RunTime:0.0000s ]
SQL: SELECT * FROM `yzw_article` WHERE ( cat_id=109 and is_open=1 ) LIMIT 1   [ RunTime:0.0000s ]
SQL: SELECT * FROM `yzw_article` WHERE ( cat_id=116 ) LIMIT 1   [ RunTime:0.0000s ]
ERR: Think\Controller:disableView方法不存在！

[ 2017-07-24T09:03:42+08:00 ] 127.0.0.1 /index.php/Home/index/index
INFO: [ app_init ] --START--
INFO: Run Behavior\BuildLiteBehavior [ RunTime:0.000000s ]
INFO: [ app_init ] --END-- [ RunTime:0.000000s ]
INFO: [ app_begin ] --START--
INFO: Run Behavior\ReadHtmlCacheBehavior [ RunTime:0.002000s ]
INFO: [ app_begin ] --END-- [ RunTime:0.002000s ]
NOTIC: [8] Undefined index: user_id E:\UPUPW\htdocs\Application\Home\Controller\BaseController.class.php 第 8 行.
SQL: SHOW COLUMNS FROM `yzw_article` [ RunTime:0.0030s ]
SQL: SHOW COLUMNS FROM `yzw_article` [ RunTime:0.0040s ]
SQL: SELECT * FROM `yzw_article` WHERE ( cat_id=108 and is_open=1 )  [ RunTime:0.0000s ]
SQL: SELECT * FROM `yzw_article` WHERE ( cat_id=114 and is_open=1 ) LIMIT 1   [ RunTime:0.0000s ]
SQL: SELECT * FROM `yzw_article` WHERE ( cat_id=113 and is_open=1 ) LIMIT 1   [ RunTime:0.0000s ]
SQL: SELECT * FROM `yzw_article` WHERE ( article_id=1284 and is_open=1 ) LIMIT 1   [ RunTime:0.0010s ]
SQL: SELECT * FROM `yzw_article` WHERE ( article_id=1285 and is_open=1 ) LIMIT 1   [ RunTime:0.0000s ]
SQL: SELECT * FROM `yzw_article` WHERE ( article_id=1288 and is_open=1 ) LIMIT 1   [ RunTime:0.0000s ]
SQL: SELECT * FROM `yzw_article` WHERE ( cat_id=110 and is_open=1 ) LIMIT 1   [ RunTime:0.0010s ]
SQL: SELECT * FROM `yzw_article` WHERE ( cat_id=109 and is_open=1 ) LIMIT 1   [ RunTime:0.0000s ]
SQL: SELECT * FROM `yzw_article` WHERE ( cat_id=116 ) LIMIT 1   [ RunTime:0.0000s ]
ERR: Think\Controller:disableView方法不存在！

[ 2017-07-24T09:26:12+08:00 ] 127.0.0.1 /index.php/Home/index/index
INFO: [ app_init ] --START--
INFO: Run Behavior\BuildLiteBehavior [ RunTime:0.000000s ]
INFO: [ app_init ] --END-- [ RunTime:0.000000s ]
INFO: [ app_begin ] --START--
INFO: Run Behavior\ReadHtmlCacheBehavior [ RunTime:0.002000s ]
INFO: [ app_begin ] --END-- [ RunTime:0.002000s ]
NOTIC: [8] Undefined index: user_id E:\UPUPW\htdocs\Application\Home\Controller\BaseController.class.php 第 8 行.
SQL: SHOW COLUMNS FROM `yzw_article` [ RunTime:0.0030s ]
SQL: SHOW COLUMNS FROM `yzw_article` [ RunTime:0.0030s ]
SQL: SELECT * FROM `yzw_article` WHERE ( cat_id=108 and is_open=1 )  [ RunTime:0.0000s ]
SQL: SELECT * FROM `yzw_article` WHERE ( cat_id=114 and is_open=1 ) LIMIT 1   [ RunTime:0.0010s ]
SQL: SELECT * FROM `yzw_article` WHERE ( cat_id=113 and is_open=1 ) LIMIT 1   [ RunTime:0.0000s ]
SQL: SELECT * FROM `yzw_article` WHERE ( article_id=1284 and is_open=1 ) LIMIT 1   [ RunTime:0.0000s ]
SQL: SELECT * FROM `yzw_article` WHERE ( article_id=1285 and is_open=1 ) LIMIT 1   [ RunTime:0.0000s ]
SQL: SELECT * FROM `yzw_article` WHERE ( article_id=1288 and is_open=1 ) LIMIT 1   [ RunTime:0.0000s ]
SQL: SELECT * FROM `yzw_article` WHERE ( cat_id=110 and is_open=1 ) LIMIT 1   [ RunTime:0.0000s ]
SQL: SELECT * FROM `yzw_article` WHERE ( cat_id=109 and is_open=1 ) LIMIT 1   [ RunTime:0.0000s ]
SQL: SELECT * FROM `yzw_article` WHERE ( cat_id=116 ) LIMIT 1   [ RunTime:0.0010s ]
INFO: [ view_parse ] --START--
INFO: [ template_filter ] --START--
INFO: Run Behavior\ContentReplaceBehavior [ RunTime:0.000000s ]
INFO: [ template_filter ] --END-- [ RunTime:0.000000s ]
NOTIC: [8] Undefined variable: introduce E:\UPUPW\htdocs\Application\Runtime\Cache\Home\769e70f2e46f34ceb60619bbda5e4691.php 第 42 行.
NOTIC: [8] Undefined variable: enterprise E:\UPUPW\htdocs\Application\Runtime\Cache\Home\769e70f2e46f34ceb60619bbda5e4691.php 第 43 行.
NOTIC: [8] Undefined variable: manager E:\UPUPW\htdocs\Application\Runtime\Cache\Home\769e70f2e46f34ceb60619bbda5e4691.php 第 44 行.
NOTIC: [8] Undefined variable: contact E:\UPUPW\htdocs\Application\Runtime\Cache\Home\769e70f2e46f34ceb60619bbda5e4691.php 第 45 行.
NOTIC: [8] Use of undefined constant xs - assumed 'xs' E:\UPUPW\htdocs\Application\Runtime\Cache\Home\769e70f2e46f34ceb60619bbda5e4691.php 第 48 行.
NOTIC: [8] Undefined variable: xs E:\UPUPW\htdocs\Application\Runtime\Cache\Home\769e70f2e46f34ceb60619bbda5e4691.php 第 48 行.
SQL: SHOW COLUMNS FROM `yzw_article_cat` [ RunTime:0.0020s ]
SQL: SELECT * FROM `yzw_article` WHERE ( cat_id=111 and is_open=1 ) LIMIT 1   [ RunTime:0.0010s ]
SQL: SELECT * FROM `yzw_article` WHERE ( cat_id=112 and is_open=1 ) LIMIT 1   [ RunTime:0.0000s ]
SQL: SHOW COLUMNS FROM `yzw_article_cat` [ RunTime:0.0020s ]
SQL: SELECT * FROM `yzw_article_cat` WHERE ( cat_id>200 )  [ RunTime:0.0000s ]
SQL: SELECT * FROM `yzw_article` WHERE ( cat_id>200 and is_open=1 )  [ RunTime:0.0000s ]
INFO: Run Behavior\ParseTemplateBehavior [ RunTime:0.023002s ]
INFO: [ view_parse ] --END-- [ RunTime:0.023002s ]
INFO: [ view_filter ] --START--
INFO: Run Behavior\WriteHtmlCacheBehavior [ RunTime:0.002000s ]
INFO: [ view_filter ] --END-- [ RunTime:0.002000s ]
INFO: [ app_end ] --START--
INFO: Run Behavior\ShowPageTraceBehavior [ RunTime:0.001000s ]
INFO: [ app_end ] --END-- [ RunTime:0.001000s ]

