[ 2017-07-07T11:24:29+08:00 ] 127.0.0.1 /Public/Admin/assets/img/select.png
INFO: [ app_init ] --START--
INFO: Run Behavior\BuildLiteBehavior [ RunTime:0.000000s ]
INFO: [ app_init ] --END-- [ RunTime:0.001000s ]
ERR: 无法加载模块:Public

[ 2017-07-07T11:24:48+08:00 ] 127.0.0.1 /Public/Admin/assets/img/select.png
INFO: [ app_init ] --START--
INFO: Run Behavior\BuildLiteBehavior [ RunTime:0.000000s ]
INFO: [ app_init ] --END-- [ RunTime:0.000000s ]
ERR: 无法加载模块:Public

[ 2017-07-07T13:52:18+08:00 ] 127.0.0.1 /favicon.ico
INFO: [ app_init ] --START--
INFO: Run Behavior\BuildLiteBehavior [ RunTime:0.000000s ]
INFO: [ app_init ] --END-- [ RunTime:0.000000s ]
ERR: 无法加载模块:Favicon

[ 2017-07-07T13:52:29+08:00 ] 127.0.0.1 /Public/Admin/assets/plugins/daterangepicker/js/daterangepicker.min.js
INFO: [ app_init ] --START--
INFO: Run Behavior\BuildLiteBehavior [ RunTime:0.000000s ]
INFO: [ app_init ] --END-- [ RunTime:0.000000s ]
ERR: 无法加载模块:Public

[ 2017-07-07T13:52:29+08:00 ] 127.0.0.1 /Public/Admin/assets/plugins/timepicker/js/bootstrap-timepicker.min.js
INFO: [ app_init ] --START--
INFO: Run Behavior\BuildLiteBehavior [ RunTime:0.000000s ]
INFO: [ app_init ] --END-- [ RunTime:0.001000s ]
ERR: 无法加载模块:Public

[ 2017-07-07T13:52:29+08:00 ] 127.0.0.1 /Public/Admin/assets/plugins/datepicker/js/bootstrap-datepicker.min.js
INFO: [ app_init ] --START--
INFO: Run Behavior\BuildLiteBehavior [ RunTime:0.000000s ]
INFO: [ app_init ] --END-- [ RunTime:0.001000s ]
ERR: 无法加载模块:Public

[ 2017-07-07T13:52:29+08:00 ] 127.0.0.1 /Public/Admin/assets/plugins/hotkeys/jquery.hotkeys.min.js
INFO: [ app_init ] --START--
INFO: Run Behavior\BuildLiteBehavior [ RunTime:0.000000s ]
INFO: [ app_init ] --END-- [ RunTime:0.001000s ]
ERR: 无法加载模块:Public

[ 2017-07-07T13:52:29+08:00 ] 127.0.0.1 /Public/Admin/assets/plugins/inputlimiter/js/jquery.inputlimiter.1.3.1.min.js
INFO: [ app_init ] --START--
INFO: Run Behavior\BuildLiteBehavior [ RunTime:0.000000s ]
INFO: [ app_init ] --END-- [ RunTime:0.001000s ]
ERR: 无法加载模块:Public

[ 2017-07-07T13:52:29+08:00 ] 127.0.0.1 /Public/Admin/assets/plugins/wysiwyg/bootstrap-wysiwyg.min.js
INFO: [ app_init ] --START--
INFO: Run Behavior\BuildLiteBehavior [ RunTime:0.000000s ]
INFO: [ app_init ] --END-- [ RunTime:0.000000s ]
ERR: 无法加载模块:Public

[ 2017-07-07T13:52:29+08:00 ] 127.0.0.1 /Public/Admin/assets/plugins/colorpicker/js/bootstrap-colorpicker.min.js
INFO: [ app_init ] --START--
INFO: Run Behavior\BuildLiteBehavior [ RunTime:0.000000s ]
INFO: [ app_init ] --END-- [ RunTime:0.000000s ]
ERR: 无法加载模块:Public

[ 2017-07-07T13:52:29+08:00 ] 127.0.0.1 /Public/Admin/assets/js/pages/form-elements.js
INFO: [ app_init ] --START--
INFO: Run Behavior\BuildLiteBehavior [ RunTime:0.000000s ]
INFO: [ app_init ] --END-- [ RunTime:0.000000s ]
ERR: 无法加载模块:Public

[ 2017-07-07T13:52:29+08:00 ] 127.0.0.1 /Public/admin/timepicker/WdatePicker.js
INFO: [ app_init ] --START--
INFO: Run Behavior\BuildLiteBehavior [ RunTime:0.000000s ]
INFO: [ app_init ] --END-- [ RunTime:0.000000s ]
ERR: 无法加载模块:Public

[ 2017-07-07T13:52:29+08:00 ] 127.0.0.1 /Public/Admin/assets/plugins/inputlimiter/js/jquery.inputlimiter.1.3.1.min.js
INFO: [ app_init ] --START--
INFO: Run Behavior\BuildLiteBehavior [ RunTime:0.000000s ]
INFO: [ app_init ] --END-- [ RunTime:0.001000s ]
ERR: 无法加载模块:Public

[ 2017-07-07T13:52:29+08:00 ] 127.0.0.1 /Public/Admin/assets/plugins/datepicker/js/bootstrap-datepicker.min.js
INFO: [ app_init ] --START--
INFO: Run Behavior\BuildLiteBehavior [ RunTime:0.000000s ]
INFO: [ app_init ] --END-- [ RunTime:0.000000s ]
ERR: 无法加载模块:Public

[ 2017-07-07T13:52:29+08:00 ] 127.0.0.1 /Public/Admin/assets/plugins/timepicker/js/bootstrap-timepicker.min.js
INFO: [ app_init ] --START--
INFO: Run Behavior\BuildLiteBehavior [ RunTime:0.000000s ]
INFO: [ app_init ] --END-- [ RunTime:0.001000s ]
ERR: 无法加载模块:Public

[ 2017-07-07T13:52:29+08:00 ] 127.0.0.1 /Public/Admin/assets/plugins/daterangepicker/js/daterangepicker.min.js
INFO: [ app_init ] --START--
INFO: Run Behavior\BuildLiteBehavior [ RunTime:0.000000s ]
INFO: [ app_init ] --END-- [ RunTime:0.000000s ]
ERR: 无法加载模块:Public

[ 2017-07-07T13:52:29+08:00 ] 127.0.0.1 /Public/Admin/assets/plugins/hotkeys/jquery.hotkeys.min.js
INFO: [ app_init ] --START--
INFO: Run Behavior\BuildLiteBehavior [ RunTime:0.000000s ]
INFO: [ app_init ] --END-- [ RunTime:0.000000s ]
ERR: 无法加载模块:Public

[ 2017-07-07T13:52:30+08:00 ] 127.0.0.1 /Public/Admin/assets/plugins/wysiwyg/bootstrap-wysiwyg.min.js
INFO: [ app_init ] --START--
INFO: Run Behavior\BuildLiteBehavior [ RunTime:0.000000s ]
INFO: [ app_init ] --END-- [ RunTime:0.000000s ]
ERR: 无法加载模块:Public

[ 2017-07-07T13:52:30+08:00 ] 127.0.0.1 /Public/Admin/assets/plugins/colorpicker/js/bootstrap-colorpicker.min.js
INFO: [ app_init ] --START--
INFO: Run Behavior\BuildLiteBehavior [ RunTime:0.000000s ]
INFO: [ app_init ] --END-- [ RunTime:0.001000s ]
ERR: 无法加载模块:Public

[ 2017-07-07T13:52:30+08:00 ] 127.0.0.1 /Public/Admin/assets/js/pages/form-elements.js
INFO: [ app_init ] --START--
INFO: Run Behavior\BuildLiteBehavior [ RunTime:0.000000s ]
INFO: [ app_init ] --END-- [ RunTime:0.001000s ]
ERR: 无法加载模块:Public

[ 2017-07-07T13:52:30+08:00 ] 127.0.0.1 /Public/admin/timepicker/WdatePicker.js
INFO: [ app_init ] --START--
INFO: Run Behavior\BuildLiteBehavior [ RunTime:0.000000s ]
INFO: [ app_init ] --END-- [ RunTime:0.000000s ]
ERR: 无法加载模块:Public

[ 2017-07-07T13:58:01+08:00 ] 127.0.0.1 /Public/Admin/assets/img/select.png
INFO: [ app_init ] --START--
INFO: Run Behavior\BuildLiteBehavior [ RunTime:0.000000s ]
INFO: [ app_init ] --END-- [ RunTime:0.000000s ]
ERR: 无法加载模块:Public

[ 2017-07-07T13:58:09+08:00 ] 127.0.0.1 /Public/Admin/assets/img/select.png
INFO: [ app_init ] --START--
INFO: Run Behavior\BuildLiteBehavior [ RunTime:0.000000s ]
INFO: [ app_init ] --END-- [ RunTime:0.000000s ]
ERR: 无法加载模块:Public

[ 2017-07-07T13:58:29+08:00 ] 127.0.0.1 /Public/Admin/assets/plugins/datepicker/js/bootstrap-datepicker.min.js
INFO: [ app_init ] --START--
INFO: Run Behavior\BuildLiteBehavior [ RunTime:0.000000s ]
INFO: [ app_init ] --END-- [ RunTime:0.000000s ]
ERR: 无法加载模块:Public

[ 2017-07-07T13:58:29+08:00 ] 127.0.0.1 /Public/Admin/assets/plugins/timepicker/js/bootstrap-timepicker.min.js
INFO: [ app_init ] --START--
INFO: Run Behavior\BuildLiteBehavior [ RunTime:0.000000s ]
INFO: [ app_init ] --END-- [ RunTime:0.001000s ]
ERR: 无法加载模块:Public

[ 2017-07-07T13:58:29+08:00 ] 127.0.0.1 /Public/Admin/assets/plugins/inputlimiter/js/jquery.inputlimiter.1.3.1.min.js
INFO: [ app_init ] --START--
INFO: Run Behavior\BuildLiteBehavior [ RunTime:0.000000s ]
INFO: [ app_init ] --END-- [ RunTime:0.000000s ]
ERR: 无法加载模块:Public

[ 2017-07-07T13:58:29+08:00 ] 127.0.0.1 /Public/Admin/assets/plugins/hotkeys/jquery.hotkeys.min.js
INFO: [ app_init ] --START--
INFO: Run Behavior\BuildLiteBehavior [ RunTime:0.000000s ]
INFO: [ app_init ] --END-- [ RunTime:0.001000s ]
ERR: 无法加载模块:Public

[ 2017-07-07T13:58:29+08:00 ] 127.0.0.1 /Public/Admin/assets/plugins/wysiwyg/bootstrap-wysiwyg.min.js
INFO: [ app_init ] --START--
INFO: Run Behavior\BuildLiteBehavior [ RunTime:0.000000s ]
INFO: [ app_init ] --END-- [ RunTime:0.001000s ]
ERR: 无法加载模块:Public

[ 2017-07-07T13:58:29+08:00 ] 127.0.0.1 /Public/Admin/assets/plugins/daterangepicker/js/daterangepicker.min.js
INFO: [ app_init ] --START--
INFO: Run Behavior\BuildLiteBehavior [ RunTime:0.000000s ]
INFO: [ app_init ] --END-- [ RunTime:0.001000s ]
ERR: 无法加载模块:Public

[ 2017-07-07T13:58:29+08:00 ] 127.0.0.1 /Public/Admin/assets/plugins/colorpicker/js/bootstrap-colorpicker.min.js
INFO: [ app_init ] --START--
INFO: Run Behavior\BuildLiteBehavior [ RunTime:0.000000s ]
INFO: [ app_init ] --END-- [ RunTime:0.000000s ]
ERR: 无法加载模块:Public

[ 2017-07-07T13:58:29+08:00 ] 127.0.0.1 /Public/Admin/assets/js/pages/form-elements.js
INFO: [ app_init ] --START--
INFO: Run Behavior\BuildLiteBehavior [ RunTime:0.000000s ]
INFO: [ app_init ] --END-- [ RunTime:0.000000s ]
ERR: 无法加载模块:Public

[ 2017-07-07T13:58:29+08:00 ] 127.0.0.1 /Public/admin/timepicker/WdatePicker.js
INFO: [ app_init ] --START--
INFO: Run Behavior\BuildLiteBehavior [ RunTime:0.000000s ]
INFO: [ app_init ] --END-- [ RunTime:0.000000s ]
ERR: 无法加载模块:Public

[ 2017-07-07T13:58:29+08:00 ] 127.0.0.1 /Public/Admin/assets/img/select.png
INFO: [ app_init ] --START--
INFO: Run Behavior\BuildLiteBehavior [ RunTime:0.000000s ]
INFO: [ app_init ] --END-- [ RunTime:0.000000s ]
ERR: 无法加载模块:Public

[ 2017-07-07T13:58:29+08:00 ] 127.0.0.1 /Public/Admin/assets/plugins/inputlimiter/js/jquery.inputlimiter.1.3.1.min.js
INFO: [ app_init ] --START--
INFO: Run Behavior\BuildLiteBehavior [ RunTime:0.000000s ]
INFO: [ app_init ] --END-- [ RunTime:0.000000s ]
ERR: 无法加载模块:Public

[ 2017-07-07T13:58:29+08:00 ] 127.0.0.1 /Public/Admin/assets/plugins/datepicker/js/bootstrap-datepicker.min.js
INFO: [ app_init ] --START--
INFO: Run Behavior\BuildLiteBehavior [ RunTime:0.000000s ]
INFO: [ app_init ] --END-- [ RunTime:0.000000s ]
ERR: 无法加载模块:Public

[ 2017-07-07T13:58:29+08:00 ] 127.0.0.1 /Public/Admin/assets/plugins/timepicker/js/bootstrap-timepicker.min.js
INFO: [ app_init ] --START--
INFO: Run Behavior\BuildLiteBehavior [ RunTime:0.000000s ]
INFO: [ app_init ] --END-- [ RunTime:0.000000s ]
ERR: 无法加载模块:Public

[ 2017-07-07T13:58:29+08:00 ] 127.0.0.1 /Public/Admin/assets/plugins/daterangepicker/js/daterangepicker.min.js
INFO: [ app_init ] --START--
INFO: Run Behavior\BuildLiteBehavior [ RunTime:0.000000s ]
INFO: [ app_init ] --END-- [ RunTime:0.001000s ]
ERR: 无法加载模块:Public

[ 2017-07-07T13:58:29+08:00 ] 127.0.0.1 /Public/Admin/assets/plugins/hotkeys/jquery.hotkeys.min.js
INFO: [ app_init ] --START--
INFO: Run Behavior\BuildLiteBehavior [ RunTime:0.000000s ]
INFO: [ app_init ] --END-- [ RunTime:0.000000s ]
ERR: 无法加载模块:Public

[ 2017-07-07T13:58:29+08:00 ] 127.0.0.1 /Public/Admin/assets/plugins/wysiwyg/bootstrap-wysiwyg.min.js
INFO: [ app_init ] --START--
INFO: Run Behavior\BuildLiteBehavior [ RunTime:0.000000s ]
INFO: [ app_init ] --END-- [ RunTime:0.000000s ]
ERR: 无法加载模块:Public

[ 2017-07-07T13:58:29+08:00 ] 127.0.0.1 /Public/Admin/assets/plugins/colorpicker/js/bootstrap-colorpicker.min.js
INFO: [ app_init ] --START--
INFO: Run Behavior\BuildLiteBehavior [ RunTime:0.000000s ]
INFO: [ app_init ] --END-- [ RunTime:0.000000s ]
ERR: 无法加载模块:Public

[ 2017-07-07T13:58:29+08:00 ] 127.0.0.1 /Public/Admin/assets/js/pages/form-elements.js
INFO: [ app_init ] --START--
INFO: Run Behavior\BuildLiteBehavior [ RunTime:0.000000s ]
INFO: [ app_init ] --END-- [ RunTime:0.000000s ]
ERR: 无法加载模块:Public

[ 2017-07-07T13:58:29+08:00 ] 127.0.0.1 /Public/admin/timepicker/WdatePicker.js
INFO: [ app_init ] --START--
INFO: Run Behavior\BuildLiteBehavior [ RunTime:0.000000s ]
INFO: [ app_init ] --END-- [ RunTime:0.000000s ]
ERR: 无法加载模块:Public

[ 2017-07-07T13:58:33+08:00 ] 127.0.0.1 /Public/Admin/assets/plugins/inputlimiter/js/jquery.inputlimiter.1.3.1.min.js
INFO: [ app_init ] --START--
INFO: Run Behavior\BuildLiteBehavior [ RunTime:0.000000s ]
INFO: [ app_init ] --END-- [ RunTime:0.001000s ]
ERR: 无法加载模块:Public

[ 2017-07-07T13:58:33+08:00 ] 127.0.0.1 /Public/Admin/assets/plugins/timepicker/js/bootstrap-timepicker.min.js
INFO: [ app_init ] --START--
INFO: Run Behavior\BuildLiteBehavior [ RunTime:0.000000s ]
INFO: [ app_init ] --END-- [ RunTime:0.000000s ]
ERR: 无法加载模块:Public

[ 2017-07-07T13:58:33+08:00 ] 127.0.0.1 /Public/Admin/assets/plugins/datepicker/js/bootstrap-datepicker.min.js
INFO: [ app_init ] --START--
INFO: Run Behavior\BuildLiteBehavior [ RunTime:0.000000s ]
INFO: [ app_init ] --END-- [ RunTime:0.001000s ]
ERR: 无法加载模块:Public

[ 2017-07-07T13:58:33+08:00 ] 127.0.0.1 /Public/Admin/assets/plugins/wysiwyg/bootstrap-wysiwyg.min.js
INFO: [ app_init ] --START--
INFO: Run Behavior\BuildLiteBehavior [ RunTime:0.000000s ]
INFO: [ app_init ] --END-- [ RunTime:0.001000s ]
ERR: 无法加载模块:Public

[ 2017-07-07T13:58:33+08:00 ] 127.0.0.1 /Public/Admin/assets/plugins/hotkeys/jquery.hotkeys.min.js
INFO: [ app_init ] --START--
INFO: Run Behavior\BuildLiteBehavior [ RunTime:0.000000s ]
INFO: [ app_init ] --END-- [ RunTime:0.001000s ]
ERR: 无法加载模块:Public

[ 2017-07-07T13:58:33+08:00 ] 127.0.0.1 /Public/Admin/assets/plugins/daterangepicker/js/daterangepicker.min.js
INFO: [ app_init ] --START--
INFO: Run Behavior\BuildLiteBehavior [ RunTime:0.000000s ]
INFO: [ app_init ] --END-- [ RunTime:0.002000s ]
ERR: 无法加载模块:Public

[ 2017-07-07T13:58:33+08:00 ] 127.0.0.1 /Public/Admin/assets/plugins/colorpicker/js/bootstrap-colorpicker.min.js
INFO: [ app_init ] --START--
INFO: Run Behavior\BuildLiteBehavior [ RunTime:0.000000s ]
INFO: [ app_init ] --END-- [ RunTime:0.001000s ]
ERR: 无法加载模块:Public

[ 2017-07-07T13:58:33+08:00 ] 127.0.0.1 /Public/Admin/assets/js/pages/form-elements.js
INFO: [ app_init ] --START--
INFO: Run Behavior\BuildLiteBehavior [ RunTime:0.000000s ]
INFO: [ app_init ] --END-- [ RunTime:0.000000s ]
ERR: 无法加载模块:Public

[ 2017-07-07T13:58:33+08:00 ] 127.0.0.1 /Public/admin/timepicker/WdatePicker.js
INFO: [ app_init ] --START--
INFO: Run Behavior\BuildLiteBehavior [ RunTime:0.000000s ]
INFO: [ app_init ] --END-- [ RunTime:0.000000s ]
ERR: 无法加载模块:Public

[ 2017-07-07T13:58:33+08:00 ] 127.0.0.1 /Public/Admin/assets/img/select.png
INFO: [ app_init ] --START--
INFO: Run Behavior\BuildLiteBehavior [ RunTime:0.000000s ]
INFO: [ app_init ] --END-- [ RunTime:0.000000s ]
ERR: 无法加载模块:Public

[ 2017-07-07T13:58:33+08:00 ] 127.0.0.1 /Public/Admin/assets/plugins/inputlimiter/js/jquery.inputlimiter.1.3.1.min.js
INFO: [ app_init ] --START--
INFO: Run Behavior\BuildLiteBehavior [ RunTime:0.000000s ]
INFO: [ app_init ] --END-- [ RunTime:0.000000s ]
ERR: 无法加载模块:Public

[ 2017-07-07T13:58:33+08:00 ] 127.0.0.1 /Public/Admin/assets/plugins/datepicker/js/bootstrap-datepicker.min.js
INFO: [ app_init ] --START--
INFO: Run Behavior\BuildLiteBehavior [ RunTime:0.000000s ]
INFO: [ app_init ] --END-- [ RunTime:0.001000s ]
ERR: 无法加载模块:Public

[ 2017-07-07T13:58:33+08:00 ] 127.0.0.1 /Public/Admin/assets/plugins/timepicker/js/bootstrap-timepicker.min.js
INFO: [ app_init ] --START--
INFO: Run Behavior\BuildLiteBehavior [ RunTime:0.000000s ]
INFO: [ app_init ] --END-- [ RunTime:0.000000s ]
ERR: 无法加载模块:Public

[ 2017-07-07T13:58:33+08:00 ] 127.0.0.1 /Public/Admin/assets/plugins/daterangepicker/js/daterangepicker.min.js
INFO: [ app_init ] --START--
INFO: Run Behavior\BuildLiteBehavior [ RunTime:0.000000s ]
INFO: [ app_init ] --END-- [ RunTime:0.000000s ]
ERR: 无法加载模块:Public

[ 2017-07-07T13:58:33+08:00 ] 127.0.0.1 /Public/Admin/assets/plugins/hotkeys/jquery.hotkeys.min.js
INFO: [ app_init ] --START--
INFO: Run Behavior\BuildLiteBehavior [ RunTime:0.000000s ]
INFO: [ app_init ] --END-- [ RunTime:0.000000s ]
ERR: 无法加载模块:Public

[ 2017-07-07T13:58:33+08:00 ] 127.0.0.1 /Public/Admin/assets/plugins/wysiwyg/bootstrap-wysiwyg.min.js
INFO: [ app_init ] --START--
INFO: Run Behavior\BuildLiteBehavior [ RunTime:0.000000s ]
INFO: [ app_init ] --END-- [ RunTime:0.001000s ]
ERR: 无法加载模块:Public

[ 2017-07-07T13:58:33+08:00 ] 127.0.0.1 /Public/Admin/assets/plugins/colorpicker/js/bootstrap-colorpicker.min.js
INFO: [ app_init ] --START--
INFO: Run Behavior\BuildLiteBehavior [ RunTime:0.000000s ]
INFO: [ app_init ] --END-- [ RunTime:0.001000s ]
ERR: 无法加载模块:Public

[ 2017-07-07T13:58:33+08:00 ] 127.0.0.1 /Public/Admin/assets/js/pages/form-elements.js
INFO: [ app_init ] --START--
INFO: Run Behavior\BuildLiteBehavior [ RunTime:0.001000s ]
INFO: [ app_init ] --END-- [ RunTime:0.001000s ]
ERR: 无法加载模块:Public

[ 2017-07-07T13:58:33+08:00 ] 127.0.0.1 /Public/admin/timepicker/WdatePicker.js
INFO: [ app_init ] --START--
INFO: Run Behavior\BuildLiteBehavior [ RunTime:0.000000s ]
INFO: [ app_init ] --END-- [ RunTime:0.000000s ]
ERR: 无法加载模块:Public

[ 2017-07-07T13:58:36+08:00 ] 127.0.0.1 /Public/Admin/assets/plugins/timepicker/js/bootstrap-timepicker.min.js
INFO: [ app_init ] --START--
INFO: Run Behavior\BuildLiteBehavior [ RunTime:0.000000s ]
INFO: [ app_init ] --END-- [ RunTime:0.000000s ]
ERR: 无法加载模块:Public

[ 2017-07-07T13:58:36+08:00 ] 127.0.0.1 /Public/Admin/assets/plugins/daterangepicker/js/daterangepicker.min.js
INFO: [ app_init ] --START--
INFO: Run Behavior\BuildLiteBehavior [ RunTime:0.000000s ]
INFO: [ app_init ] --END-- [ RunTime:0.001000s ]
ERR: 无法加载模块:Public

[ 2017-07-07T13:58:36+08:00 ] 127.0.0.1 /Public/Admin/assets/plugins/wysiwyg/bootstrap-wysiwyg.min.js
INFO: [ app_init ] --START--
INFO: Run Behavior\BuildLiteBehavior [ RunTime:0.000000s ]
INFO: [ app_init ] --END-- [ RunTime:0.000000s ]
ERR: 无法加载模块:Public

[ 2017-07-07T13:58:36+08:00 ] 127.0.0.1 /Public/Admin/assets/plugins/inputlimiter/js/jquery.inputlimiter.1.3.1.min.js
INFO: [ app_init ] --START--
INFO: Run Behavior\BuildLiteBehavior [ RunTime:0.000000s ]
INFO: [ app_init ] --END-- [ RunTime:0.001000s ]
ERR: 无法加载模块:Public

[ 2017-07-07T13:58:36+08:00 ] 127.0.0.1 /Public/Admin/assets/plugins/hotkeys/jquery.hotkeys.min.js
INFO: [ app_init ] --START--
INFO: Run Behavior\BuildLiteBehavior [ RunTime:0.000000s ]
INFO: [ app_init ] --END-- [ RunTime:0.000000s ]
ERR: 无法加载模块:Public

[ 2017-07-07T13:58:36+08:00 ] 127.0.0.1 /Public/Admin/assets/plugins/datepicker/js/bootstrap-datepicker.min.js
INFO: [ app_init ] --START--
INFO: Run Behavior\BuildLiteBehavior [ RunTime:0.000000s ]
INFO: [ app_init ] --END-- [ RunTime:0.001000s ]
ERR: 无法加载模块:Public

[ 2017-07-07T13:58:36+08:00 ] 127.0.0.1 /Public/Admin/assets/plugins/colorpicker/js/bootstrap-colorpicker.min.js
INFO: [ app_init ] --START--
INFO: Run Behavior\BuildLiteBehavior [ RunTime:0.000000s ]
INFO: [ app_init ] --END-- [ RunTime:0.000000s ]
ERR: 无法加载模块:Public

[ 2017-07-07T13:58:36+08:00 ] 127.0.0.1 /Public/Admin/assets/js/pages/form-elements.js
INFO: [ app_init ] --START--
INFO: Run Behavior\BuildLiteBehavior [ RunTime:0.000000s ]
INFO: [ app_init ] --END-- [ RunTime:0.001000s ]
ERR: 无法加载模块:Public

[ 2017-07-07T13:58:36+08:00 ] 127.0.0.1 /Public/admin/timepicker/WdatePicker.js
INFO: [ app_init ] --START--
INFO: Run Behavior\BuildLiteBehavior [ RunTime:0.000000s ]
INFO: [ app_init ] --END-- [ RunTime:0.001000s ]
ERR: 无法加载模块:Public

[ 2017-07-07T13:58:36+08:00 ] 127.0.0.1 /Public/Admin/assets/img/select.png
INFO: [ app_init ] --START--
INFO: Run Behavior\BuildLiteBehavior [ RunTime:0.000000s ]
INFO: [ app_init ] --END-- [ RunTime:0.001000s ]
ERR: 无法加载模块:Public

[ 2017-07-07T13:58:36+08:00 ] 127.0.0.1 /Public/Admin/assets/plugins/inputlimiter/js/jquery.inputlimiter.1.3.1.min.js
INFO: [ app_init ] --START--
INFO: Run Behavior\BuildLiteBehavior [ RunTime:0.000000s ]
INFO: [ app_init ] --END-- [ RunTime:0.000000s ]
ERR: 无法加载模块:Public

[ 2017-07-07T13:58:36+08:00 ] 127.0.0.1 /Public/Admin/assets/plugins/datepicker/js/bootstrap-datepicker.min.js
INFO: [ app_init ] --START--
INFO: Run Behavior\BuildLiteBehavior [ RunTime:0.000000s ]
INFO: [ app_init ] --END-- [ RunTime:0.000000s ]
ERR: 无法加载模块:Public

[ 2017-07-07T13:58:36+08:00 ] 127.0.0.1 /Public/Admin/assets/plugins/timepicker/js/bootstrap-timepicker.min.js
INFO: [ app_init ] --START--
INFO: Run Behavior\BuildLiteBehavior [ RunTime:0.000000s ]
INFO: [ app_init ] --END-- [ RunTime:0.000000s ]
ERR: 无法加载模块:Public

[ 2017-07-07T13:58:36+08:00 ] 127.0.0.1 /Public/Admin/assets/plugins/daterangepicker/js/daterangepicker.min.js
INFO: [ app_init ] --START--
INFO: Run Behavior\BuildLiteBehavior [ RunTime:0.000000s ]
INFO: [ app_init ] --END-- [ RunTime:0.000000s ]
ERR: 无法加载模块:Public

[ 2017-07-07T13:58:36+08:00 ] 127.0.0.1 /Public/Admin/assets/plugins/hotkeys/jquery.hotkeys.min.js
INFO: [ app_init ] --START--
INFO: Run Behavior\BuildLiteBehavior [ RunTime:0.000000s ]
INFO: [ app_init ] --END-- [ RunTime:0.000000s ]
ERR: 无法加载模块:Public

[ 2017-07-07T13:58:36+08:00 ] 127.0.0.1 /Public/Admin/assets/plugins/wysiwyg/bootstrap-wysiwyg.min.js
INFO: [ app_init ] --START--
INFO: Run Behavior\BuildLiteBehavior [ RunTime:0.000000s ]
INFO: [ app_init ] --END-- [ RunTime:0.000000s ]
ERR: 无法加载模块:Public

[ 2017-07-07T13:58:36+08:00 ] 127.0.0.1 /Public/Admin/assets/plugins/colorpicker/js/bootstrap-colorpicker.min.js
INFO: [ app_init ] --START--
INFO: Run Behavior\BuildLiteBehavior [ RunTime:0.000000s ]
INFO: [ app_init ] --END-- [ RunTime:0.001000s ]
ERR: 无法加载模块:Public

[ 2017-07-07T13:58:36+08:00 ] 127.0.0.1 /Public/Admin/assets/js/pages/form-elements.js
INFO: [ app_init ] --START--
INFO: Run Behavior\BuildLiteBehavior [ RunTime:0.000000s ]
INFO: [ app_init ] --END-- [ RunTime:0.000000s ]
ERR: 无法加载模块:Public

[ 2017-07-07T13:58:36+08:00 ] 127.0.0.1 /Public/admin/timepicker/WdatePicker.js
INFO: [ app_init ] --START--
INFO: Run Behavior\BuildLiteBehavior [ RunTime:0.000000s ]
INFO: [ app_init ] --END-- [ RunTime:0.000000s ]
ERR: 无法加载模块:Public

[ 2017-07-07T13:59:07+08:00 ] 127.0.0.1 /Public/Admin/assets/plugins/inputlimiter/js/jquery.inputlimiter.1.3.1.min.js
INFO: [ app_init ] --START--
INFO: Run Behavior\BuildLiteBehavior [ RunTime:0.000000s ]
INFO: [ app_init ] --END-- [ RunTime:0.000000s ]
ERR: 无法加载模块:Public

[ 2017-07-07T13:59:07+08:00 ] 127.0.0.1 /Public/Admin/assets/plugins/timepicker/js/bootstrap-timepicker.min.js
INFO: [ app_init ] --START--
INFO: Run Behavior\BuildLiteBehavior [ RunTime:0.000000s ]
INFO: [ app_init ] --END-- [ RunTime:0.001000s ]
ERR: 无法加载模块:Public

[ 2017-07-07T13:59:07+08:00 ] 127.0.0.1 /Public/Admin/assets/plugins/wysiwyg/bootstrap-wysiwyg.min.js
INFO: [ app_init ] --START--
INFO: Run Behavior\BuildLiteBehavior [ RunTime:0.000000s ]
INFO: [ app_init ] --END-- [ RunTime:0.000000s ]
ERR: 无法加载模块:Public

[ 2017-07-07T13:59:07+08:00 ] 127.0.0.1 /Public/Admin/assets/plugins/datepicker/js/bootstrap-datepicker.min.js
INFO: [ app_init ] --START--
INFO: Run Behavior\BuildLiteBehavior [ RunTime:0.000000s ]
INFO: [ app_init ] --END-- [ RunTime:0.001000s ]
ERR: 无法加载模块:Public

[ 2017-07-07T13:59:07+08:00 ] 127.0.0.1 /Public/Admin/assets/plugins/daterangepicker/js/daterangepicker.min.js
INFO: [ app_init ] --START--
INFO: Run Behavior\BuildLiteBehavior [ RunTime:0.000000s ]
INFO: [ app_init ] --END-- [ RunTime:0.001000s ]
ERR: 无法加载模块:Public

[ 2017-07-07T13:59:07+08:00 ] 127.0.0.1 /Public/Admin/assets/plugins/hotkeys/jquery.hotkeys.min.js
INFO: [ app_init ] --START--
INFO: Run Behavior\BuildLiteBehavior [ RunTime:0.000000s ]
INFO: [ app_init ] --END-- [ RunTime:0.000000s ]
ERR: 无法加载模块:Public

[ 2017-07-07T13:59:07+08:00 ] 127.0.0.1 /Public/Admin/assets/plugins/colorpicker/js/bootstrap-colorpicker.min.js
INFO: [ app_init ] --START--
INFO: Run Behavior\BuildLiteBehavior [ RunTime:0.000000s ]
INFO: [ app_init ] --END-- [ RunTime:0.001000s ]
ERR: 无法加载模块:Public

[ 2017-07-07T13:59:07+08:00 ] 127.0.0.1 /Public/Admin/assets/js/pages/form-elements.js
INFO: [ app_init ] --START--
INFO: Run Behavior\BuildLiteBehavior [ RunTime:0.000000s ]
INFO: [ app_init ] --END-- [ RunTime:0.000000s ]
ERR: 无法加载模块:Public

[ 2017-07-07T13:59:07+08:00 ] 127.0.0.1 /Public/admin/timepicker/WdatePicker.js
INFO: [ app_init ] --START--
INFO: Run Behavior\BuildLiteBehavior [ RunTime:0.000000s ]
INFO: [ app_init ] --END-- [ RunTime:0.000000s ]
ERR: 无法加载模块:Public

[ 2017-07-07T13:59:07+08:00 ] 127.0.0.1 /Public/Admin/assets/plugins/inputlimiter/js/jquery.inputlimiter.1.3.1.min.js
INFO: [ app_init ] --START--
INFO: Run Behavior\BuildLiteBehavior [ RunTime:0.000000s ]
INFO: [ app_init ] --END-- [ RunTime:0.000000s ]
ERR: 无法加载模块:Public

[ 2017-07-07T13:59:07+08:00 ] 127.0.0.1 /Public/Admin/assets/plugins/datepicker/js/bootstrap-datepicker.min.js
INFO: [ app_init ] --START--
INFO: Run Behavior\BuildLiteBehavior [ RunTime:0.000000s ]
INFO: [ app_init ] --END-- [ RunTime:0.000000s ]
ERR: 无法加载模块:Public

[ 2017-07-07T13:59:07+08:00 ] 127.0.0.1 /Public/Admin/assets/plugins/timepicker/js/bootstrap-timepicker.min.js
INFO: [ app_init ] --START--
INFO: Run Behavior\BuildLiteBehavior [ RunTime:0.000000s ]
INFO: [ app_init ] --END-- [ RunTime:0.000000s ]
ERR: 无法加载模块:Public

[ 2017-07-07T13:59:07+08:00 ] 127.0.0.1 /Public/Admin/assets/plugins/daterangepicker/js/daterangepicker.min.js
INFO: [ app_init ] --START--
INFO: Run Behavior\BuildLiteBehavior [ RunTime:0.000000s ]
INFO: [ app_init ] --END-- [ RunTime:0.000000s ]
ERR: 无法加载模块:Public

[ 2017-07-07T13:59:07+08:00 ] 127.0.0.1 /Public/Admin/assets/plugins/hotkeys/jquery.hotkeys.min.js
INFO: [ app_init ] --START--
INFO: Run Behavior\BuildLiteBehavior [ RunTime:0.000000s ]
INFO: [ app_init ] --END-- [ RunTime:0.000000s ]
ERR: 无法加载模块:Public

[ 2017-07-07T13:59:07+08:00 ] 127.0.0.1 /Public/Admin/assets/plugins/wysiwyg/bootstrap-wysiwyg.min.js
INFO: [ app_init ] --START--
INFO: Run Behavior\BuildLiteBehavior [ RunTime:0.000000s ]
INFO: [ app_init ] --END-- [ RunTime:0.000000s ]
ERR: 无法加载模块:Public

[ 2017-07-07T13:59:07+08:00 ] 127.0.0.1 /Public/Admin/assets/plugins/colorpicker/js/bootstrap-colorpicker.min.js
INFO: [ app_init ] --START--
INFO: Run Behavior\BuildLiteBehavior [ RunTime:0.000000s ]
INFO: [ app_init ] --END-- [ RunTime:0.001000s ]
ERR: 无法加载模块:Public

[ 2017-07-07T13:59:07+08:00 ] 127.0.0.1 /Public/Admin/assets/js/pages/form-elements.js
INFO: [ app_init ] --START--
INFO: Run Behavior\BuildLiteBehavior [ RunTime:0.000000s ]
INFO: [ app_init ] --END-- [ RunTime:0.000000s ]
ERR: 无法加载模块:Public

[ 2017-07-07T13:59:07+08:00 ] 127.0.0.1 /Public/admin/timepicker/WdatePicker.js
INFO: [ app_init ] --START--
INFO: Run Behavior\BuildLiteBehavior [ RunTime:0.000000s ]
INFO: [ app_init ] --END-- [ RunTime:0.000000s ]
ERR: 无法加载模块:Public

[ 2017-07-07T13:59:19+08:00 ] 127.0.0.1 /Public/Admin/assets/img/select.png
INFO: [ app_init ] --START--
INFO: Run Behavior\BuildLiteBehavior [ RunTime:0.000000s ]
INFO: [ app_init ] --END-- [ RunTime:0.000000s ]
ERR: 无法加载模块:Public

[ 2017-07-07T13:59:41+08:00 ] 127.0.0.1 /Public/Admin/assets/img/select.png
INFO: [ app_init ] --START--
INFO: Run Behavior\BuildLiteBehavior [ RunTime:0.000000s ]
INFO: [ app_init ] --END-- [ RunTime:0.000000s ]
ERR: 无法加载模块:Public

[ 2017-07-07T13:59:45+08:00 ] 127.0.0.1 /Public/Admin/assets/img/select.png
INFO: [ app_init ] --START--
INFO: Run Behavior\BuildLiteBehavior [ RunTime:0.000000s ]
INFO: [ app_init ] --END-- [ RunTime:0.000000s ]
ERR: 无法加载模块:Public

[ 2017-07-07T14:00:15+08:00 ] 127.0.0.1 /Public/Admin/assets/img/select.png
INFO: [ app_init ] --START--
INFO: Run Behavior\BuildLiteBehavior [ RunTime:0.000000s ]
INFO: [ app_init ] --END-- [ RunTime:0.000000s ]
ERR: 无法加载模块:Public

[ 2017-07-07T14:00:18+08:00 ] 127.0.0.1 /Public/Admin/assets/img/select.png
INFO: [ app_init ] --START--
INFO: Run Behavior\BuildLiteBehavior [ RunTime:0.000000s ]
INFO: [ app_init ] --END-- [ RunTime:0.000000s ]
ERR: 无法加载模块:Public

[ 2017-07-07T14:00:23+08:00 ] 127.0.0.1 /Public/Admin/assets/img/select.png
INFO: [ app_init ] --START--
INFO: Run Behavior\BuildLiteBehavior [ RunTime:0.000000s ]
INFO: [ app_init ] --END-- [ RunTime:0.001000s ]
ERR: 无法加载模块:Public

[ 2017-07-07T14:00:29+08:00 ] 127.0.0.1 /Public/Admin/assets/plugins/inputlimiter/js/jquery.inputlimiter.1.3.1.min.js
INFO: [ app_init ] --START--
INFO: Run Behavior\BuildLiteBehavior [ RunTime:0.000000s ]
INFO: [ app_init ] --END-- [ RunTime:0.001000s ]
ERR: 无法加载模块:Public

[ 2017-07-07T14:00:29+08:00 ] 127.0.0.1 /Public/Admin/assets/plugins/hotkeys/jquery.hotkeys.min.js
INFO: [ app_init ] --START--
INFO: Run Behavior\BuildLiteBehavior [ RunTime:0.000000s ]
INFO: [ app_init ] --END-- [ RunTime:0.000000s ]
ERR: 无法加载模块:Public

[ 2017-07-07T14:00:29+08:00 ] 127.0.0.1 /Public/Admin/assets/plugins/wysiwyg/bootstrap-wysiwyg.min.js
INFO: [ app_init ] --START--
INFO: Run Behavior\BuildLiteBehavior [ RunTime:0.000000s ]
INFO: [ app_init ] --END-- [ RunTime:0.000000s ]
ERR: 无法加载模块:Public

[ 2017-07-07T14:00:29+08:00 ] 127.0.0.1 /Public/Admin/assets/plugins/timepicker/js/bootstrap-timepicker.min.js
INFO: [ app_init ] --START--
INFO: Run Behavior\BuildLiteBehavior [ RunTime:0.000000s ]
INFO: [ app_init ] --END-- [ RunTime:0.000000s ]
ERR: 无法加载模块:Public

[ 2017-07-07T14:00:29+08:00 ] 127.0.0.1 /Public/Admin/assets/plugins/colorpicker/js/bootstrap-colorpicker.min.js
INFO: [ app_init ] --START--
INFO: Run Behavior\BuildLiteBehavior [ RunTime:0.001000s ]
INFO: [ app_init ] --END-- [ RunTime:0.001000s ]
ERR: 无法加载模块:Public

[ 2017-07-07T14:00:29+08:00 ] 127.0.0.1 /Public/Admin/assets/js/pages/form-elements.js
INFO: [ app_init ] --START--
INFO: Run Behavior\BuildLiteBehavior [ RunTime:0.000000s ]
INFO: [ app_init ] --END-- [ RunTime:0.001000s ]
ERR: 无法加载模块:Public

[ 2017-07-07T14:00:29+08:00 ] 127.0.0.1 /Public/Admin/assets/plugins/datepicker/js/bootstrap-datepicker.min.js
INFO: [ app_init ] --START--
INFO: Run Behavior\BuildLiteBehavior [ RunTime:0.000000s ]
INFO: [ app_init ] --END-- [ RunTime:0.000000s ]
ERR: 无法加载模块:Public

[ 2017-07-07T14:00:29+08:00 ] 127.0.0.1 /Public/Admin/assets/plugins/daterangepicker/js/daterangepicker.min.js
INFO: [ app_init ] --START--
INFO: Run Behavior\BuildLiteBehavior [ RunTime:0.000000s ]
INFO: [ app_init ] --END-- [ RunTime:0.000000s ]
ERR: 无法加载模块:Public

[ 2017-07-07T14:00:29+08:00 ] 127.0.0.1 /Public/Admin/assets/plugins/timepicker/js/bootstrap-timepicker.min.js
INFO: [ app_init ] --START--
INFO: Run Behavior\BuildLiteBehavior [ RunTime:0.000000s ]
INFO: [ app_init ] --END-- [ RunTime:0.001000s ]
ERR: 无法加载模块:Public

[ 2017-07-07T14:00:29+08:00 ] 127.0.0.1 /Public/Admin/assets/plugins/daterangepicker/js/daterangepicker.min.js
INFO: [ app_init ] --START--
INFO: Run Behavior\BuildLiteBehavior [ RunTime:0.000000s ]
INFO: [ app_init ] --END-- [ RunTime:0.000000s ]
ERR: 无法加载模块:Public

[ 2017-07-07T14:00:29+08:00 ] 127.0.0.1 /Public/Admin/assets/plugins/hotkeys/jquery.hotkeys.min.js
INFO: [ app_init ] --START--
INFO: Run Behavior\BuildLiteBehavior [ RunTime:0.000000s ]
INFO: [ app_init ] --END-- [ RunTime:0.001000s ]
ERR: 无法加载模块:Public

[ 2017-07-07T14:00:29+08:00 ] 127.0.0.1 /Public/Admin/assets/plugins/wysiwyg/bootstrap-wysiwyg.min.js
INFO: [ app_init ] --START--
INFO: Run Behavior\BuildLiteBehavior [ RunTime:0.000000s ]
INFO: [ app_init ] --END-- [ RunTime:0.000000s ]
ERR: 无法加载模块:Public

[ 2017-07-07T14:00:29+08:00 ] 127.0.0.1 /Public/Admin/assets/plugins/colorpicker/js/bootstrap-colorpicker.min.js
INFO: [ app_init ] --START--
INFO: Run Behavior\BuildLiteBehavior [ RunTime:0.000000s ]
INFO: [ app_init ] --END-- [ RunTime:0.000000s ]
ERR: 无法加载模块:Public

[ 2017-07-07T14:00:29+08:00 ] 127.0.0.1 /Public/Admin/assets/js/pages/form-elements.js
INFO: [ app_init ] --START--
INFO: Run Behavior\BuildLiteBehavior [ RunTime:0.000000s ]
INFO: [ app_init ] --END-- [ RunTime:0.001000s ]
ERR: 无法加载模块:Public

[ 2017-07-07T14:00:29+08:00 ] 127.0.0.1 /Public/admin/timepicker/WdatePicker.js
INFO: [ app_init ] --START--
INFO: Run Behavior\BuildLiteBehavior [ RunTime:0.000000s ]
INFO: [ app_init ] --END-- [ RunTime:0.000000s ]
ERR: 无法加载模块:Public

[ 2017-07-07T14:00:41+08:00 ] 127.0.0.1 /Public/Admin/assets/plugins/inputlimiter/js/jquery.inputlimiter.1.3.1.min.js
INFO: [ app_init ] --START--
INFO: Run Behavior\BuildLiteBehavior [ RunTime:0.000000s ]
INFO: [ app_init ] --END-- [ RunTime:0.000000s ]
ERR: 无法加载模块:Public

[ 2017-07-07T14:00:41+08:00 ] 127.0.0.1 /Public/Admin/assets/plugins/wysiwyg/bootstrap-wysiwyg.min.js
INFO: [ app_init ] --START--
INFO: Run Behavior\BuildLiteBehavior [ RunTime:0.000000s ]
INFO: [ app_init ] --END-- [ RunTime:0.001000s ]
ERR: 无法加载模块:Public

[ 2017-07-07T14:00:41+08:00 ] 127.0.0.1 /Public/Admin/assets/plugins/hotkeys/jquery.hotkeys.min.js
INFO: [ app_init ] --START--
INFO: Run Behavior\BuildLiteBehavior [ RunTime:0.000000s ]
INFO: [ app_init ] --END-- [ RunTime:0.001000s ]
ERR: 无法加载模块:Public

[ 2017-07-07T14:00:41+08:00 ] 127.0.0.1 /Public/Admin/assets/plugins/timepicker/js/bootstrap-timepicker.min.js
INFO: [ app_init ] --START--
INFO: Run Behavior\BuildLiteBehavior [ RunTime:0.000000s ]
INFO: [ app_init ] --END-- [ RunTime:0.001000s ]
ERR: 无法加载模块:Public

[ 2017-07-07T14:00:41+08:00 ] 127.0.0.1 /Public/Admin/assets/plugins/datepicker/js/bootstrap-datepicker.min.js
INFO: [ app_init ] --START--
INFO: Run Behavior\BuildLiteBehavior [ RunTime:0.000000s ]
INFO: [ app_init ] --END-- [ RunTime:0.001000s ]
ERR: 无法加载模块:Public

[ 2017-07-07T14:00:41+08:00 ] 127.0.0.1 /Public/Admin/assets/plugins/daterangepicker/js/daterangepicker.min.js
INFO: [ app_init ] --START--
INFO: Run Behavior\BuildLiteBehavior [ RunTime:0.000000s ]
INFO: [ app_init ] --END-- [ RunTime:0.001000s ]
ERR: 无法加载模块:Public

[ 2017-07-07T14:00:41+08:00 ] 127.0.0.1 /Public/Admin/assets/plugins/colorpicker/js/bootstrap-colorpicker.min.js
INFO: [ app_init ] --START--
INFO: Run Behavior\BuildLiteBehavior [ RunTime:0.000000s ]
INFO: [ app_init ] --END-- [ RunTime:0.001000s ]
ERR: 无法加载模块:Public

[ 2017-07-07T14:00:41+08:00 ] 127.0.0.1 /Public/Admin/assets/js/pages/form-elements.js
INFO: [ app_init ] --START--
INFO: Run Behavior\BuildLiteBehavior [ RunTime:0.000000s ]
INFO: [ app_init ] --END-- [ RunTime:0.000000s ]
ERR: 无法加载模块:Public

[ 2017-07-07T14:00:41+08:00 ] 127.0.0.1 /Public/admin/timepicker/WdatePicker.js
INFO: [ app_init ] --START--
INFO: Run Behavior\BuildLiteBehavior [ RunTime:0.000000s ]
INFO: [ app_init ] --END-- [ RunTime:0.000000s ]
ERR: 无法加载模块:Public

[ 2017-07-07T14:00:42+08:00 ] 127.0.0.1 /Public/Admin/assets/plugins/inputlimiter/js/jquery.inputlimiter.1.3.1.min.js
INFO: [ app_init ] --START--
INFO: Run Behavior\BuildLiteBehavior [ RunTime:0.000000s ]
INFO: [ app_init ] --END-- [ RunTime:0.000000s ]
ERR: 无法加载模块:Public

[ 2017-07-07T14:00:42+08:00 ] 127.0.0.1 /Public/Admin/assets/plugins/datepicker/js/bootstrap-datepicker.min.js
INFO: [ app_init ] --START--
INFO: Run Behavior\BuildLiteBehavior [ RunTime:0.000000s ]
INFO: [ app_init ] --END-- [ RunTime:0.000000s ]
ERR: 无法加载模块:Public

[ 2017-07-07T14:00:42+08:00 ] 127.0.0.1 /Public/Admin/assets/plugins/timepicker/js/bootstrap-timepicker.min.js
INFO: [ app_init ] --START--
INFO: Run Behavior\BuildLiteBehavior [ RunTime:0.000000s ]
INFO: [ app_init ] --END-- [ RunTime:0.001000s ]
ERR: 无法加载模块:Public

[ 2017-07-07T14:00:42+08:00 ] 127.0.0.1 /Public/Admin/assets/plugins/daterangepicker/js/daterangepicker.min.js
INFO: [ app_init ] --START--
INFO: Run Behavior\BuildLiteBehavior [ RunTime:0.000000s ]
INFO: [ app_init ] --END-- [ RunTime:0.000000s ]
ERR: 无法加载模块:Public

[ 2017-07-07T14:00:42+08:00 ] 127.0.0.1 /Public/Admin/assets/plugins/hotkeys/jquery.hotkeys.min.js
INFO: [ app_init ] --START--
INFO: Run Behavior\BuildLiteBehavior [ RunTime:0.000000s ]
INFO: [ app_init ] --END-- [ RunTime:0.000000s ]
ERR: 无法加载模块:Public

[ 2017-07-07T14:00:42+08:00 ] 127.0.0.1 /Public/Admin/assets/plugins/wysiwyg/bootstrap-wysiwyg.min.js
INFO: [ app_init ] --START--
INFO: Run Behavior\BuildLiteBehavior [ RunTime:0.000000s ]
INFO: [ app_init ] --END-- [ RunTime:0.001000s ]
ERR: 无法加载模块:Public

[ 2017-07-07T14:00:42+08:00 ] 127.0.0.1 /Public/Admin/assets/plugins/colorpicker/js/bootstrap-colorpicker.min.js
INFO: [ app_init ] --START--
INFO: Run Behavior\BuildLiteBehavior [ RunTime:0.000000s ]
INFO: [ app_init ] --END-- [ RunTime:0.000000s ]
ERR: 无法加载模块:Public

[ 2017-07-07T14:00:42+08:00 ] 127.0.0.1 /Public/Admin/assets/js/pages/form-elements.js
INFO: [ app_init ] --START--
INFO: Run Behavior\BuildLiteBehavior [ RunTime:0.000000s ]
INFO: [ app_init ] --END-- [ RunTime:0.001000s ]
ERR: 无法加载模块:Public

[ 2017-07-07T14:00:42+08:00 ] 127.0.0.1 /Public/admin/timepicker/WdatePicker.js
INFO: [ app_init ] --START--
INFO: Run Behavior\BuildLiteBehavior [ RunTime:0.000000s ]
INFO: [ app_init ] --END-- [ RunTime:0.000000s ]
ERR: 无法加载模块:Public

[ 2017-07-07T14:02:57+08:00 ] 127.0.0.1 /Public/Admin/assets/plugins/datepicker/js/bootstrap-datepicker.min.js
INFO: [ app_init ] --START--
INFO: Run Behavior\BuildLiteBehavior [ RunTime:0.000000s ]
INFO: [ app_init ] --END-- [ RunTime:0.001000s ]
ERR: 无法加载模块:Public

[ 2017-07-07T14:02:57+08:00 ] 127.0.0.1 /Public/Admin/assets/plugins/timepicker/js/bootstrap-timepicker.min.js
INFO: [ app_init ] --START--
INFO: Run Behavior\BuildLiteBehavior [ RunTime:0.000000s ]
INFO: [ app_init ] --END-- [ RunTime:0.000000s ]
ERR: 无法加载模块:Public

[ 2017-07-07T14:02:58+08:00 ] 127.0.0.1 /Public/Admin/assets/plugins/inputlimiter/js/jquery.inputlimiter.1.3.1.min.js
INFO: [ app_init ] --START--
INFO: Run Behavior\BuildLiteBehavior [ RunTime:0.000000s ]
INFO: [ app_init ] --END-- [ RunTime:0.001000s ]
ERR: 无法加载模块:Public

[ 2017-07-07T14:02:58+08:00 ] 127.0.0.1 /Public/Admin/assets/plugins/wysiwyg/bootstrap-wysiwyg.min.js
INFO: [ app_init ] --START--
INFO: Run Behavior\BuildLiteBehavior [ RunTime:0.000000s ]
INFO: [ app_init ] --END-- [ RunTime:0.000000s ]
ERR: 无法加载模块:Public

[ 2017-07-07T14:02:58+08:00 ] 127.0.0.1 /Public/Admin/assets/plugins/hotkeys/jquery.hotkeys.min.js
INFO: [ app_init ] --START--
INFO: Run Behavior\BuildLiteBehavior [ RunTime:0.000000s ]
INFO: [ app_init ] --END-- [ RunTime:0.001000s ]
ERR: 无法加载模块:Public

[ 2017-07-07T14:02:58+08:00 ] 127.0.0.1 /Public/Admin/assets/plugins/daterangepicker/js/daterangepicker.min.js
INFO: [ app_init ] --START--
INFO: Run Behavior\BuildLiteBehavior [ RunTime:0.000000s ]
INFO: [ app_init ] --END-- [ RunTime:0.000000s ]
ERR: 无法加载模块:Public

[ 2017-07-07T14:02:58+08:00 ] 127.0.0.1 /Public/Admin/assets/plugins/colorpicker/js/bootstrap-colorpicker.min.js
INFO: [ app_init ] --START--
INFO: Run Behavior\BuildLiteBehavior [ RunTime:0.000000s ]
INFO: [ app_init ] --END-- [ RunTime:0.000000s ]
ERR: 无法加载模块:Public

[ 2017-07-07T14:02:58+08:00 ] 127.0.0.1 /Public/Admin/assets/js/pages/form-elements.js
INFO: [ app_init ] --START--
INFO: Run Behavior\BuildLiteBehavior [ RunTime:0.000000s ]
INFO: [ app_init ] --END-- [ RunTime:0.000000s ]
ERR: 无法加载模块:Public

[ 2017-07-07T14:02:58+08:00 ] 127.0.0.1 /Public/admin/timepicker/WdatePicker.js
INFO: [ app_init ] --START--
INFO: Run Behavior\BuildLiteBehavior [ RunTime:0.000000s ]
INFO: [ app_init ] --END-- [ RunTime:0.001000s ]
ERR: 无法加载模块:Public

[ 2017-07-07T14:02:58+08:00 ] 127.0.0.1 /Public/Admin/assets/plugins/inputlimiter/js/jquery.inputlimiter.1.3.1.min.js
INFO: [ app_init ] --START--
INFO: Run Behavior\BuildLiteBehavior [ RunTime:0.000000s ]
INFO: [ app_init ] --END-- [ RunTime:0.000000s ]
ERR: 无法加载模块:Public

[ 2017-07-07T14:02:58+08:00 ] 127.0.0.1 /Public/Admin/assets/plugins/datepicker/js/bootstrap-datepicker.min.js
INFO: [ app_init ] --START--
INFO: Run Behavior\BuildLiteBehavior [ RunTime:0.000000s ]
INFO: [ app_init ] --END-- [ RunTime:0.000000s ]
ERR: 无法加载模块:Public

[ 2017-07-07T14:02:58+08:00 ] 127.0.0.1 /Public/Admin/assets/plugins/timepicker/js/bootstrap-timepicker.min.js
INFO: [ app_init ] --START--
INFO: Run Behavior\BuildLiteBehavior [ RunTime:0.000000s ]
INFO: [ app_init ] --END-- [ RunTime:0.000000s ]
ERR: 无法加载模块:Public

[ 2017-07-07T14:02:58+08:00 ] 127.0.0.1 /Public/Admin/assets/plugins/daterangepicker/js/daterangepicker.min.js
INFO: [ app_init ] --START--
INFO: Run Behavior\BuildLiteBehavior [ RunTime:0.000000s ]
INFO: [ app_init ] --END-- [ RunTime:0.000000s ]
ERR: 无法加载模块:Public

[ 2017-07-07T14:02:58+08:00 ] 127.0.0.1 /Public/Admin/assets/plugins/hotkeys/jquery.hotkeys.min.js
INFO: [ app_init ] --START--
INFO: Run Behavior\BuildLiteBehavior [ RunTime:0.000000s ]
INFO: [ app_init ] --END-- [ RunTime:0.000000s ]
ERR: 无法加载模块:Public

[ 2017-07-07T14:02:58+08:00 ] 127.0.0.1 /Public/Admin/assets/plugins/wysiwyg/bootstrap-wysiwyg.min.js
INFO: [ app_init ] --START--
INFO: Run Behavior\BuildLiteBehavior [ RunTime:0.000000s ]
INFO: [ app_init ] --END-- [ RunTime:0.000000s ]
ERR: 无法加载模块:Public

[ 2017-07-07T14:02:58+08:00 ] 127.0.0.1 /Public/Admin/assets/plugins/colorpicker/js/bootstrap-colorpicker.min.js
INFO: [ app_init ] --START--
INFO: Run Behavior\BuildLiteBehavior [ RunTime:0.000000s ]
INFO: [ app_init ] --END-- [ RunTime:0.000000s ]
ERR: 无法加载模块:Public

[ 2017-07-07T14:02:58+08:00 ] 127.0.0.1 /Public/Admin/assets/js/pages/form-elements.js
INFO: [ app_init ] --START--
INFO: Run Behavior\BuildLiteBehavior [ RunTime:0.000000s ]
INFO: [ app_init ] --END-- [ RunTime:0.000000s ]
ERR: 无法加载模块:Public

[ 2017-07-07T14:02:58+08:00 ] 127.0.0.1 /Public/admin/timepicker/WdatePicker.js
INFO: [ app_init ] --START--
INFO: Run Behavior\BuildLiteBehavior [ RunTime:0.000000s ]
INFO: [ app_init ] --END-- [ RunTime:0.000000s ]
ERR: 无法加载模块:Public

[ 2017-07-07T14:03:02+08:00 ] 127.0.0.1 /Public/Admin/assets/plugins/datepicker/js/bootstrap-datepicker.min.js
INFO: [ app_init ] --START--
INFO: Run Behavior\BuildLiteBehavior [ RunTime:0.000000s ]
INFO: [ app_init ] --END-- [ RunTime:0.000000s ]
ERR: 无法加载模块:Public

[ 2017-07-07T14:03:02+08:00 ] 127.0.0.1 /Public/Admin/assets/plugins/timepicker/js/bootstrap-timepicker.min.js
INFO: [ app_init ] --START--
INFO: Run Behavior\BuildLiteBehavior [ RunTime:0.000000s ]
INFO: [ app_init ] --END-- [ RunTime:0.000000s ]
ERR: 无法加载模块:Public

[ 2017-07-07T14:03:02+08:00 ] 127.0.0.1 /Public/Admin/assets/plugins/inputlimiter/js/jquery.inputlimiter.1.3.1.min.js
INFO: [ app_init ] --START--
INFO: Run Behavior\BuildLiteBehavior [ RunTime:0.000000s ]
INFO: [ app_init ] --END-- [ RunTime:0.001000s ]
ERR: 无法加载模块:Public

[ 2017-07-07T14:03:02+08:00 ] 127.0.0.1 /Public/Admin/assets/plugins/wysiwyg/bootstrap-wysiwyg.min.js
INFO: [ app_init ] --START--
INFO: Run Behavior\BuildLiteBehavior [ RunTime:0.000000s ]
INFO: [ app_init ] --END-- [ RunTime:0.000000s ]
ERR: 无法加载模块:Public

[ 2017-07-07T14:03:02+08:00 ] 127.0.0.1 /Public/Admin/assets/plugins/daterangepicker/js/daterangepicker.min.js
INFO: [ app_init ] --START--
INFO: Run Behavior\BuildLiteBehavior [ RunTime:0.000000s ]
INFO: [ app_init ] --END-- [ RunTime:0.001000s ]
ERR: 无法加载模块:Public

[ 2017-07-07T14:03:02+08:00 ] 127.0.0.1 /Public/Admin/assets/plugins/hotkeys/jquery.hotkeys.min.js
INFO: [ app_init ] --START--
INFO: Run Behavior\BuildLiteBehavior [ RunTime:0.000000s ]
INFO: [ app_init ] --END-- [ RunTime:0.001000s ]
ERR: 无法加载模块:Public

[ 2017-07-07T14:03:02+08:00 ] 127.0.0.1 /Public/Admin/assets/plugins/colorpicker/js/bootstrap-colorpicker.min.js
INFO: [ app_init ] --START--
INFO: Run Behavior\BuildLiteBehavior [ RunTime:0.000000s ]
INFO: [ app_init ] --END-- [ RunTime:0.000000s ]
ERR: 无法加载模块:Public

[ 2017-07-07T14:03:02+08:00 ] 127.0.0.1 /Public/Admin/assets/js/pages/form-elements.js
INFO: [ app_init ] --START--
INFO: Run Behavior\BuildLiteBehavior [ RunTime:0.000000s ]
INFO: [ app_init ] --END-- [ RunTime:0.000000s ]
ERR: 无法加载模块:Public

[ 2017-07-07T14:03:02+08:00 ] 127.0.0.1 /Public/admin/timepicker/WdatePicker.js
INFO: [ app_init ] --START--
INFO: Run Behavior\BuildLiteBehavior [ RunTime:0.000000s ]
INFO: [ app_init ] --END-- [ RunTime:0.000000s ]
ERR: 无法加载模块:Public

[ 2017-07-07T14:03:02+08:00 ] 127.0.0.1 /Public/Admin/assets/plugins/inputlimiter/js/jquery.inputlimiter.1.3.1.min.js
INFO: [ app_init ] --START--
INFO: Run Behavior\BuildLiteBehavior [ RunTime:0.000000s ]
INFO: [ app_init ] --END-- [ RunTime:0.001000s ]
ERR: 无法加载模块:Public

[ 2017-07-07T14:03:02+08:00 ] 127.0.0.1 /Public/Admin/assets/plugins/datepicker/js/bootstrap-datepicker.min.js
INFO: [ app_init ] --START--
INFO: Run Behavior\BuildLiteBehavior [ RunTime:0.000000s ]
INFO: [ app_init ] --END-- [ RunTime:0.001000s ]
ERR: 无法加载模块:Public

[ 2017-07-07T14:03:02+08:00 ] 127.0.0.1 /Public/Admin/assets/plugins/timepicker/js/bootstrap-timepicker.min.js
INFO: [ app_init ] --START--
INFO: Run Behavior\BuildLiteBehavior [ RunTime:0.000000s ]
INFO: [ app_init ] --END-- [ RunTime:0.000000s ]
ERR: 无法加载模块:Public

[ 2017-07-07T14:03:02+08:00 ] 127.0.0.1 /Public/Admin/assets/plugins/daterangepicker/js/daterangepicker.min.js
INFO: [ app_init ] --START--
INFO: Run Behavior\BuildLiteBehavior [ RunTime:0.000000s ]
INFO: [ app_init ] --END-- [ RunTime:0.000000s ]
ERR: 无法加载模块:Public

[ 2017-07-07T14:03:02+08:00 ] 127.0.0.1 /Public/Admin/assets/plugins/hotkeys/jquery.hotkeys.min.js
INFO: [ app_init ] --START--
INFO: Run Behavior\BuildLiteBehavior [ RunTime:0.000000s ]
INFO: [ app_init ] --END-- [ RunTime:0.000000s ]
ERR: 无法加载模块:Public

[ 2017-07-07T14:03:02+08:00 ] 127.0.0.1 /Public/Admin/assets/plugins/wysiwyg/bootstrap-wysiwyg.min.js
INFO: [ app_init ] --START--
INFO: Run Behavior\BuildLiteBehavior [ RunTime:0.000000s ]
INFO: [ app_init ] --END-- [ RunTime:0.001000s ]
ERR: 无法加载模块:Public

[ 2017-07-07T14:03:02+08:00 ] 127.0.0.1 /Public/Admin/assets/plugins/colorpicker/js/bootstrap-colorpicker.min.js
INFO: [ app_init ] --START--
INFO: Run Behavior\BuildLiteBehavior [ RunTime:0.000000s ]
INFO: [ app_init ] --END-- [ RunTime:0.000000s ]
ERR: 无法加载模块:Public

[ 2017-07-07T14:03:02+08:00 ] 127.0.0.1 /Public/Admin/assets/js/pages/form-elements.js
INFO: [ app_init ] --START--
INFO: Run Behavior\BuildLiteBehavior [ RunTime:0.000000s ]
INFO: [ app_init ] --END-- [ RunTime:0.001000s ]
ERR: 无法加载模块:Public

[ 2017-07-07T14:03:02+08:00 ] 127.0.0.1 /Public/admin/timepicker/WdatePicker.js
INFO: [ app_init ] --START--
INFO: Run Behavior\BuildLiteBehavior [ RunTime:0.000000s ]
INFO: [ app_init ] --END-- [ RunTime:0.000000s ]
ERR: 无法加载模块:Public

[ 2017-07-07T14:07:14+08:00 ] 127.0.0.1 /Public/Admin/assets/img/select.png
INFO: [ app_init ] --START--
INFO: Run Behavior\BuildLiteBehavior [ RunTime:0.000000s ]
INFO: [ app_init ] --END-- [ RunTime:0.000000s ]
ERR: 无法加载模块:Public

[ 2017-07-07T14:07:23+08:00 ] 127.0.0.1 /Public/Admin/assets/img/select.png
INFO: [ app_init ] --START--
INFO: Run Behavior\BuildLiteBehavior [ RunTime:0.000000s ]
INFO: [ app_init ] --END-- [ RunTime:0.001000s ]
ERR: 无法加载模块:Public

[ 2017-07-07T14:07:33+08:00 ] 127.0.0.1 /Public/Admin/assets/img/select.png
INFO: [ app_init ] --START--
INFO: Run Behavior\BuildLiteBehavior [ RunTime:0.000000s ]
INFO: [ app_init ] --END-- [ RunTime:0.000000s ]
ERR: 无法加载模块:Public

[ 2017-07-07T14:17:04+08:00 ] 127.0.0.1 /Public/Admin/assets/img/select.png
INFO: [ app_init ] --START--
INFO: Run Behavior\BuildLiteBehavior [ RunTime:0.000000s ]
INFO: [ app_init ] --END-- [ RunTime:0.001000s ]
ERR: 无法加载模块:Public

[ 2017-07-07T14:17:33+08:00 ] 127.0.0.1 /Public/Admin/assets/img/select.png
INFO: [ app_init ] --START--
INFO: Run Behavior\BuildLiteBehavior [ RunTime:0.000000s ]
INFO: [ app_init ] --END-- [ RunTime:0.000000s ]
ERR: 无法加载模块:Public

[ 2017-07-07T14:20:25+08:00 ] 127.0.0.1 /Public/Admin/assets/img/select.png
INFO: [ app_init ] --START--
INFO: Run Behavior\BuildLiteBehavior [ RunTime:0.000000s ]
INFO: [ app_init ] --END-- [ RunTime:0.001001s ]
ERR: 无法加载模块:Public

[ 2017-07-07T14:25:09+08:00 ] 127.0.0.1 /Public/Admin/assets/img/select.png
INFO: [ app_init ] --START--
INFO: Run Behavior\BuildLiteBehavior [ RunTime:0.000000s ]
INFO: [ app_init ] --END-- [ RunTime:0.001000s ]
ERR: 无法加载模块:Public

[ 2017-07-07T14:26:29+08:00 ] 127.0.0.1 /Public/Admin/assets/img/select.png
INFO: [ app_init ] --START--
INFO: Run Behavior\BuildLiteBehavior [ RunTime:0.000000s ]
INFO: [ app_init ] --END-- [ RunTime:0.000000s ]
ERR: 无法加载模块:Public

[ 2017-07-07T14:26:49+08:00 ] 127.0.0.1 /Public/Admin/assets/img/select.png
INFO: [ app_init ] --START--
INFO: Run Behavior\BuildLiteBehavior [ RunTime:0.000000s ]
INFO: [ app_init ] --END-- [ RunTime:0.000000s ]
ERR: 无法加载模块:Public

[ 2017-07-07T14:33:28+08:00 ] 127.0.0.1 /Public/Admin/assets/img/select.png
INFO: [ app_init ] --START--
INFO: Run Behavior\BuildLiteBehavior [ RunTime:0.000000s ]
INFO: [ app_init ] --END-- [ RunTime:0.001000s ]
ERR: 无法加载模块:Public

[ 2017-07-07T14:40:19+08:00 ] 127.0.0.1 /Public/Admin/assets/img/select.png
INFO: [ app_init ] --START--
INFO: Run Behavior\BuildLiteBehavior [ RunTime:0.000000s ]
INFO: [ app_init ] --END-- [ RunTime:0.000000s ]
ERR: 无法加载模块:Public

[ 2017-07-07T14:41:32+08:00 ] 127.0.0.1 /Public/Admin/assets/img/select.png
INFO: [ app_init ] --START--
INFO: Run Behavior\BuildLiteBehavior [ RunTime:0.000000s ]
INFO: [ app_init ] --END-- [ RunTime:0.000000s ]
ERR: 无法加载模块:Public

[ 2017-07-07T14:42:38+08:00 ] 127.0.0.1 /Public/Admin/assets/img/select.png
INFO: [ app_init ] --START--
INFO: Run Behavior\BuildLiteBehavior [ RunTime:0.000000s ]
INFO: [ app_init ] --END-- [ RunTime:0.001000s ]
ERR: 无法加载模块:Public

[ 2017-07-07T14:43:11+08:00 ] 127.0.0.1 /Public/Admin/assets/img/select.png
INFO: [ app_init ] --START--
INFO: Run Behavior\BuildLiteBehavior [ RunTime:0.000000s ]
INFO: [ app_init ] --END-- [ RunTime:0.000000s ]
ERR: 无法加载模块:Public

