[ 2017-07-07T16:28:37+08:00 ] 127.0.0.1 /index.php/Admin/Project/projectList
INFO: [ app_init ] --START--
INFO: Run Behavior\BuildLiteBehavior [ RunTime:0.000000s ]
INFO: [ app_init ] --END-- [ RunTime:0.000000s ]
INFO: [ app_begin ] --START--
INFO: Run Behavior\ReadHtmlCacheBehavior [ RunTime:0.002001s ]
INFO: [ app_begin ] --END-- [ RunTime:0.002001s ]
SQL: SHOW COLUMNS FROM `yzw_project` [ RunTime:0.0040s ]
SQL: SELECT COUNT(*) AS tp_count FROM `yzw_project` LIMIT 1   [ RunTime:0.0000s ]
SQL: SELECT * FROM `yzw_project` WHERE ( project_service='0' or project_service=29 ) LIMIT 0,10   [ RunTime:0.0000s ]
SQL: SHOW COLUMNS FROM `yzw_project_type` [ RunTime:0.0040s ]
SQL: SELECT * FROM `yzw_project_type`  [ RunTime:0.0000s ]
INFO: [ view_parse ] --START--
INFO: [ template_filter ] --START--
INFO: Run Behavior\ContentReplaceBehavior [ RunTime:0.000000s ]
INFO: [ template_filter ] --END-- [ RunTime:0.001000s ]
NOTIC: [8] Use of undefined constant success - assumed 'success' E:\UPUPW\htdocs\Application\Runtime\Cache\Admin\c4239babd03171773dbc07f03df0ade3.php 第 103 行.
NOTIC: [8] Use of undefined constant success - assumed 'success' E:\UPUPW\htdocs\Application\Runtime\Cache\Admin\c4239babd03171773dbc07f03df0ade3.php 第 103 行.
NOTIC: [8] Use of undefined constant success - assumed 'success' E:\UPUPW\htdocs\Application\Runtime\Cache\Admin\c4239babd03171773dbc07f03df0ade3.php 第 103 行.
NOTIC: [8] Use of undefined constant success - assumed 'success' E:\UPUPW\htdocs\Application\Runtime\Cache\Admin\c4239babd03171773dbc07f03df0ade3.php 第 103 行.
NOTIC: [8] Use of undefined constant success - assumed 'success' E:\UPUPW\htdocs\Application\Runtime\Cache\Admin\c4239babd03171773dbc07f03df0ade3.php 第 121 行.
NOTIC: [8] Use of undefined constant success - assumed 'success' E:\UPUPW\htdocs\Application\Runtime\Cache\Admin\c4239babd03171773dbc07f03df0ade3.php 第 121 行.
NOTIC: [8] Use of undefined constant success - assumed 'success' E:\UPUPW\htdocs\Application\Runtime\Cache\Admin\c4239babd03171773dbc07f03df0ade3.php 第 133 行.
NOTIC: [8] Use of undefined constant success - assumed 'success' E:\UPUPW\htdocs\Application\Runtime\Cache\Admin\c4239babd03171773dbc07f03df0ade3.php 第 136 行.
NOTIC: [8] Use of undefined constant success - assumed 'success' E:\UPUPW\htdocs\Application\Runtime\Cache\Admin\c4239babd03171773dbc07f03df0ade3.php 第 139 行.
NOTIC: [8] Use of undefined constant success - assumed 'success' E:\UPUPW\htdocs\Application\Runtime\Cache\Admin\c4239babd03171773dbc07f03df0ade3.php 第 142 行.
NOTIC: [8] Use of undefined constant success - assumed 'success' E:\UPUPW\htdocs\Application\Runtime\Cache\Admin\c4239babd03171773dbc07f03df0ade3.php 第 148 行.
NOTIC: [8] Use of undefined constant success - assumed 'success' E:\UPUPW\htdocs\Application\Runtime\Cache\Admin\c4239babd03171773dbc07f03df0ade3.php 第 148 行.
NOTIC: [8] Use of undefined constant success - assumed 'success' E:\UPUPW\htdocs\Application\Runtime\Cache\Admin\c4239babd03171773dbc07f03df0ade3.php 第 148 行.
NOTIC: [8] Use of undefined constant success - assumed 'success' E:\UPUPW\htdocs\Application\Runtime\Cache\Admin\c4239babd03171773dbc07f03df0ade3.php 第 163 行.
NOTIC: [8] Use of undefined constant success - assumed 'success' E:\UPUPW\htdocs\Application\Runtime\Cache\Admin\c4239babd03171773dbc07f03df0ade3.php 第 163 行.
NOTIC: [8] Use of undefined constant success - assumed 'success' E:\UPUPW\htdocs\Application\Runtime\Cache\Admin\c4239babd03171773dbc07f03df0ade3.php 第 163 行.
SQL: SHOW COLUMNS FROM `yzw_project_state` [ RunTime:0.0060s ]
SQL: SELECT * FROM `yzw_project_state` WHERE ( id=1 ) LIMIT 1   [ RunTime:0.0000s ]
INFO: Run Behavior\ParseTemplateBehavior [ RunTime:0.119007s ]
INFO: [ view_parse ] --END-- [ RunTime:0.119007s ]
INFO: [ view_filter ] --START--
INFO: Run Behavior\WriteHtmlCacheBehavior [ RunTime:0.003000s ]
INFO: [ view_filter ] --END-- [ RunTime:0.003000s ]
INFO: [ app_end ] --START--
INFO: Run Behavior\ShowPageTraceBehavior [ RunTime:0.002000s ]
INFO: [ app_end ] --END-- [ RunTime:0.002000s ]

[ 2017-07-07T16:28:40+08:00 ] 127.0.0.1 /index.php/Admin/Login/tlog
INFO: [ app_init ] --START--
INFO: Run Behavior\BuildLiteBehavior [ RunTime:0.000000s ]
INFO: [ app_init ] --END-- [ RunTime:0.000000s ]
INFO: [ app_begin ] --START--
INFO: Run Behavior\ReadHtmlCacheBehavior [ RunTime:0.002000s ]
INFO: [ app_begin ] --END-- [ RunTime:0.002000s ]

[ 2017-07-07T16:28:40+08:00 ] 127.0.0.1 /index.php/Admin/Login/login
INFO: [ app_init ] --START--
INFO: Run Behavior\BuildLiteBehavior [ RunTime:0.000000s ]
INFO: [ app_init ] --END-- [ RunTime:0.000000s ]
INFO: [ app_begin ] --START--
INFO: Run Behavior\ReadHtmlCacheBehavior [ RunTime:0.001000s ]
INFO: [ app_begin ] --END-- [ RunTime:0.001000s ]
NOTIC: [8] Undefined index: username E:\UPUPW\htdocs\Application\Admin\Controller\LoginController.class.php 第 15 行.
INFO: [ view_parse ] --START--
INFO: [ template_filter ] --START--
INFO: Run Behavior\ContentReplaceBehavior [ RunTime:0.000000s ]
INFO: [ template_filter ] --END-- [ RunTime:0.000000s ]
NOTIC: [8] Undefined index: admin_info E:\UPUPW\htdocs\Application\Runtime\Cache\Admin\5d913dbd2da64d0b19844a871847723d.php 第 29 行.
INFO: Run Behavior\ParseTemplateBehavior [ RunTime:0.009000s ]
INFO: [ view_parse ] --END-- [ RunTime:0.009000s ]
INFO: [ view_filter ] --START--
INFO: Run Behavior\WriteHtmlCacheBehavior [ RunTime:0.001000s ]
INFO: [ view_filter ] --END-- [ RunTime:0.001000s ]
INFO: [ app_end ] --START--
INFO: Run Behavior\ShowPageTraceBehavior [ RunTime:0.002000s ]
INFO: [ app_end ] --END-- [ RunTime:0.002000s ]

[ 2017-07-07T16:28:45+08:00 ] 127.0.0.1 /index.php/Admin/Login/login
INFO: [ app_init ] --START--
INFO: Run Behavior\BuildLiteBehavior [ RunTime:0.000000s ]
INFO: [ app_init ] --END-- [ RunTime:0.000000s ]
INFO: [ app_begin ] --START--
INFO: Run Behavior\ReadHtmlCacheBehavior [ RunTime:0.001000s ]
INFO: [ app_begin ] --END-- [ RunTime:0.001000s ]
SQL: SHOW COLUMNS FROM `yzw_admin` [ RunTime:0.0040s ]
NOTIC: [8] Undefined index: validate E:\UPUPW\htdocs\ThinkPHP\Library\Think\Model.class.php 第 1185 行.
SQL: SHOW COLUMNS FROM `yzw_admin` [ RunTime:0.0040s ]
SQL: SELECT * FROM `yzw_admin` WHERE ( username='admin' ) LIMIT 1   [ RunTime:0.0000s ]
SQL: SELECT * FROM `yzw_admin` WHERE ( username='admin' ) LIMIT 1   [ RunTime:0.0010s ]
NOTIC: [8] Undefined index: auto E:\UPUPW\htdocs\ThinkPHP\Library\Think\Model.class.php 第 1128 行.

[ 2017-07-07T16:28:45+08:00 ] 127.0.0.1 /index.php/Admin/Login/login
INFO: [ app_init ] --START--
INFO: Run Behavior\BuildLiteBehavior [ RunTime:0.000000s ]
INFO: [ app_init ] --END-- [ RunTime:0.001000s ]
INFO: [ app_begin ] --START--
INFO: Run Behavior\ReadHtmlCacheBehavior [ RunTime:0.002000s ]
INFO: [ app_begin ] --END-- [ RunTime:0.002000s ]
SQL: SHOW COLUMNS FROM `yzw_admin` [ RunTime:0.0050s ]
SQL: SELECT * FROM `yzw_admin` WHERE ( username='admin' ) LIMIT 1   [ RunTime:0.0000s ]
SQL: UPDATE `yzw_admin` SET `last_login`='1499416125',`last_ip`='2130706433' WHERE ( username='admin' ) [ RunTime:0.0010s ]
SQL: SHOW COLUMNS FROM `yzw_admin_log` [ RunTime:0.0030s ]
SQL: INSERT INTO `yzw_admin_log` (`log_ip`,`admin_id`,`log_time`,`log_info`,`admin_username`) VALUES ('2130706433','1','1499416125','后台登录','admin') [ RunTime:0.0000s ]

[ 2017-07-07T16:28:45+08:00 ] 127.0.0.1 /index.php/Admin/index/index
INFO: [ app_init ] --START--
INFO: Run Behavior\BuildLiteBehavior [ RunTime:0.000000s ]
INFO: [ app_init ] --END-- [ RunTime:0.000000s ]
INFO: [ app_begin ] --START--
INFO: Run Behavior\ReadHtmlCacheBehavior [ RunTime:0.001000s ]
INFO: [ app_begin ] --END-- [ RunTime:0.001000s ]
INFO: [ view_parse ] --START--
INFO: [ template_filter ] --START--
INFO: Run Behavior\ContentReplaceBehavior [ RunTime:0.001000s ]
INFO: [ template_filter ] --END-- [ RunTime:0.001000s ]
NOTIC: [8] Use of undefined constant success - assumed 'success' E:\UPUPW\htdocs\Application\Runtime\Cache\Admin\085b574956cdc611cfedaace62cf4e64.php 第 144 行.
NOTIC: [8] Use of undefined constant success - assumed 'success' E:\UPUPW\htdocs\Application\Runtime\Cache\Admin\085b574956cdc611cfedaace62cf4e64.php 第 144 行.
NOTIC: [8] Use of undefined constant success - assumed 'success' E:\UPUPW\htdocs\Application\Runtime\Cache\Admin\085b574956cdc611cfedaace62cf4e64.php 第 144 行.
NOTIC: [8] Use of undefined constant success - assumed 'success' E:\UPUPW\htdocs\Application\Runtime\Cache\Admin\085b574956cdc611cfedaace62cf4e64.php 第 144 行.
NOTIC: [8] Use of undefined constant success - assumed 'success' E:\UPUPW\htdocs\Application\Runtime\Cache\Admin\085b574956cdc611cfedaace62cf4e64.php 第 147 行.
NOTIC: [8] Use of undefined constant success - assumed 'success' E:\UPUPW\htdocs\Application\Runtime\Cache\Admin\085b574956cdc611cfedaace62cf4e64.php 第 150 行.
NOTIC: [8] Use of undefined constant success - assumed 'success' E:\UPUPW\htdocs\Application\Runtime\Cache\Admin\085b574956cdc611cfedaace62cf4e64.php 第 153 行.
NOTIC: [8] Use of undefined constant success - assumed 'success' E:\UPUPW\htdocs\Application\Runtime\Cache\Admin\085b574956cdc611cfedaace62cf4e64.php 第 156 行.
NOTIC: [8] Use of undefined constant success - assumed 'success' E:\UPUPW\htdocs\Application\Runtime\Cache\Admin\085b574956cdc611cfedaace62cf4e64.php 第 162 行.
NOTIC: [8] Use of undefined constant success - assumed 'success' E:\UPUPW\htdocs\Application\Runtime\Cache\Admin\085b574956cdc611cfedaace62cf4e64.php 第 162 行.
NOTIC: [8] Use of undefined constant success - assumed 'success' E:\UPUPW\htdocs\Application\Runtime\Cache\Admin\085b574956cdc611cfedaace62cf4e64.php 第 165 行.
NOTIC: [8] Use of undefined constant success - assumed 'success' E:\UPUPW\htdocs\Application\Runtime\Cache\Admin\085b574956cdc611cfedaace62cf4e64.php 第 168 行.
NOTIC: [8] Use of undefined constant success - assumed 'success' E:\UPUPW\htdocs\Application\Runtime\Cache\Admin\085b574956cdc611cfedaace62cf4e64.php 第 174 行.
NOTIC: [8] Use of undefined constant success - assumed 'success' E:\UPUPW\htdocs\Application\Runtime\Cache\Admin\085b574956cdc611cfedaace62cf4e64.php 第 174 行.
NOTIC: [8] Use of undefined constant success - assumed 'success' E:\UPUPW\htdocs\Application\Runtime\Cache\Admin\085b574956cdc611cfedaace62cf4e64.php 第 174 行.
NOTIC: [8] Use of undefined constant success - assumed 'success' E:\UPUPW\htdocs\Application\Runtime\Cache\Admin\085b574956cdc611cfedaace62cf4e64.php 第 177 行.
NOTIC: [8] Use of undefined constant success - assumed 'success' E:\UPUPW\htdocs\Application\Runtime\Cache\Admin\085b574956cdc611cfedaace62cf4e64.php 第 180 行.
NOTIC: [8] Use of undefined constant success - assumed 'success' E:\UPUPW\htdocs\Application\Runtime\Cache\Admin\085b574956cdc611cfedaace62cf4e64.php 第 183 行.
NOTIC: [8] Use of undefined constant success - assumed 'success' E:\UPUPW\htdocs\Application\Runtime\Cache\Admin\085b574956cdc611cfedaace62cf4e64.php 第 189 行.
NOTIC: [8] Use of undefined constant success - assumed 'success' E:\UPUPW\htdocs\Application\Runtime\Cache\Admin\085b574956cdc611cfedaace62cf4e64.php 第 189 行.
NOTIC: [8] Use of undefined constant success - assumed 'success' E:\UPUPW\htdocs\Application\Runtime\Cache\Admin\085b574956cdc611cfedaace62cf4e64.php 第 189 行.
NOTIC: [8] Use of undefined constant success - assumed 'success' E:\UPUPW\htdocs\Application\Runtime\Cache\Admin\085b574956cdc611cfedaace62cf4e64.php 第 192 行.
NOTIC: [8] Use of undefined constant success - assumed 'success' E:\UPUPW\htdocs\Application\Runtime\Cache\Admin\085b574956cdc611cfedaace62cf4e64.php 第 195 行.
NOTIC: [8] Use of undefined constant success - assumed 'success' E:\UPUPW\htdocs\Application\Runtime\Cache\Admin\085b574956cdc611cfedaace62cf4e64.php 第 198 行.
NOTIC: [8] Use of undefined constant success - assumed 'success' E:\UPUPW\htdocs\Application\Runtime\Cache\Admin\085b574956cdc611cfedaace62cf4e64.php 第 204 行.
NOTIC: [8] Use of undefined constant success - assumed 'success' E:\UPUPW\htdocs\Application\Runtime\Cache\Admin\085b574956cdc611cfedaace62cf4e64.php 第 204 行.
NOTIC: [8] Use of undefined constant success - assumed 'success' E:\UPUPW\htdocs\Application\Runtime\Cache\Admin\085b574956cdc611cfedaace62cf4e64.php 第 204 行.
NOTIC: [8] Use of undefined constant success - assumed 'success' E:\UPUPW\htdocs\Application\Runtime\Cache\Admin\085b574956cdc611cfedaace62cf4e64.php 第 207 行.
NOTIC: [8] Use of undefined constant success - assumed 'success' E:\UPUPW\htdocs\Application\Runtime\Cache\Admin\085b574956cdc611cfedaace62cf4e64.php 第 210 行.
NOTIC: [8] Use of undefined constant success - assumed 'success' E:\UPUPW\htdocs\Application\Runtime\Cache\Admin\085b574956cdc611cfedaace62cf4e64.php 第 213 行.
NOTIC: [8] Undefined variable: row E:\UPUPW\htdocs\Application\Runtime\Cache\Admin\085b574956cdc611cfedaace62cf4e64.php 第 382 行.
INFO: Run Behavior\ParseTemplateBehavior [ RunTime:0.080005s ]
INFO: [ view_parse ] --END-- [ RunTime:0.080005s ]
INFO: [ view_filter ] --START--
INFO: Run Behavior\WriteHtmlCacheBehavior [ RunTime:0.002000s ]
INFO: [ view_filter ] --END-- [ RunTime:0.002000s ]
INFO: [ app_end ] --START--
INFO: Run Behavior\ShowPageTraceBehavior [ RunTime:0.001000s ]
INFO: [ app_end ] --END-- [ RunTime:0.001000s ]

[ 2017-07-07T16:28:48+08:00 ] 127.0.0.1 /index.php/Admin/Project/projectList
INFO: [ app_init ] --START--
INFO: Run Behavior\BuildLiteBehavior [ RunTime:0.000000s ]
INFO: [ app_init ] --END-- [ RunTime:0.001000s ]
INFO: [ app_begin ] --START--
INFO: Run Behavior\ReadHtmlCacheBehavior [ RunTime:0.002000s ]
INFO: [ app_begin ] --END-- [ RunTime:0.002000s ]
SQL: SHOW COLUMNS FROM `yzw_project` [ RunTime:0.0040s ]
SQL: SELECT COUNT(*) AS tp_count FROM `yzw_project` LIMIT 1   [ RunTime:0.0000s ]
SQL: SELECT * FROM `yzw_project` LIMIT 0,10   [ RunTime:0.0000s ]
SQL: SHOW COLUMNS FROM `yzw_project_type` [ RunTime:0.0040s ]
SQL: SELECT * FROM `yzw_project_type`  [ RunTime:0.0000s ]
INFO: [ view_parse ] --START--
INFO: [ template_filter ] --START--
INFO: Run Behavior\ContentReplaceBehavior [ RunTime:0.000000s ]
INFO: [ template_filter ] --END-- [ RunTime:0.001000s ]
NOTIC: [8] Use of undefined constant success - assumed 'success' E:\UPUPW\htdocs\Application\Runtime\Cache\Admin\c4239babd03171773dbc07f03df0ade3.php 第 103 行.
NOTIC: [8] Use of undefined constant success - assumed 'success' E:\UPUPW\htdocs\Application\Runtime\Cache\Admin\c4239babd03171773dbc07f03df0ade3.php 第 103 行.
NOTIC: [8] Use of undefined constant success - assumed 'success' E:\UPUPW\htdocs\Application\Runtime\Cache\Admin\c4239babd03171773dbc07f03df0ade3.php 第 103 行.
NOTIC: [8] Use of undefined constant success - assumed 'success' E:\UPUPW\htdocs\Application\Runtime\Cache\Admin\c4239babd03171773dbc07f03df0ade3.php 第 103 行.
NOTIC: [8] Use of undefined constant success - assumed 'success' E:\UPUPW\htdocs\Application\Runtime\Cache\Admin\c4239babd03171773dbc07f03df0ade3.php 第 106 行.
NOTIC: [8] Use of undefined constant success - assumed 'success' E:\UPUPW\htdocs\Application\Runtime\Cache\Admin\c4239babd03171773dbc07f03df0ade3.php 第 109 行.
NOTIC: [8] Use of undefined constant success - assumed 'success' E:\UPUPW\htdocs\Application\Runtime\Cache\Admin\c4239babd03171773dbc07f03df0ade3.php 第 112 行.
NOTIC: [8] Use of undefined constant success - assumed 'success' E:\UPUPW\htdocs\Application\Runtime\Cache\Admin\c4239babd03171773dbc07f03df0ade3.php 第 115 行.
NOTIC: [8] Use of undefined constant success - assumed 'success' E:\UPUPW\htdocs\Application\Runtime\Cache\Admin\c4239babd03171773dbc07f03df0ade3.php 第 121 行.
NOTIC: [8] Use of undefined constant success - assumed 'success' E:\UPUPW\htdocs\Application\Runtime\Cache\Admin\c4239babd03171773dbc07f03df0ade3.php 第 121 行.
NOTIC: [8] Use of undefined constant success - assumed 'success' E:\UPUPW\htdocs\Application\Runtime\Cache\Admin\c4239babd03171773dbc07f03df0ade3.php 第 124 行.
NOTIC: [8] Use of undefined constant success - assumed 'success' E:\UPUPW\htdocs\Application\Runtime\Cache\Admin\c4239babd03171773dbc07f03df0ade3.php 第 127 行.
NOTIC: [8] Use of undefined constant success - assumed 'success' E:\UPUPW\htdocs\Application\Runtime\Cache\Admin\c4239babd03171773dbc07f03df0ade3.php 第 133 行.
NOTIC: [8] Use of undefined constant success - assumed 'success' E:\UPUPW\htdocs\Application\Runtime\Cache\Admin\c4239babd03171773dbc07f03df0ade3.php 第 133 行.
NOTIC: [8] Use of undefined constant success - assumed 'success' E:\UPUPW\htdocs\Application\Runtime\Cache\Admin\c4239babd03171773dbc07f03df0ade3.php 第 133 行.
NOTIC: [8] Use of undefined constant success - assumed 'success' E:\UPUPW\htdocs\Application\Runtime\Cache\Admin\c4239babd03171773dbc07f03df0ade3.php 第 136 行.
NOTIC: [8] Use of undefined constant success - assumed 'success' E:\UPUPW\htdocs\Application\Runtime\Cache\Admin\c4239babd03171773dbc07f03df0ade3.php 第 139 行.
NOTIC: [8] Use of undefined constant success - assumed 'success' E:\UPUPW\htdocs\Application\Runtime\Cache\Admin\c4239babd03171773dbc07f03df0ade3.php 第 142 行.
NOTIC: [8] Use of undefined constant success - assumed 'success' E:\UPUPW\htdocs\Application\Runtime\Cache\Admin\c4239babd03171773dbc07f03df0ade3.php 第 148 行.
NOTIC: [8] Use of undefined constant success - assumed 'success' E:\UPUPW\htdocs\Application\Runtime\Cache\Admin\c4239babd03171773dbc07f03df0ade3.php 第 148 行.
NOTIC: [8] Use of undefined constant success - assumed 'success' E:\UPUPW\htdocs\Application\Runtime\Cache\Admin\c4239babd03171773dbc07f03df0ade3.php 第 148 行.
NOTIC: [8] Use of undefined constant success - assumed 'success' E:\UPUPW\htdocs\Application\Runtime\Cache\Admin\c4239babd03171773dbc07f03df0ade3.php 第 151 行.
NOTIC: [8] Use of undefined constant success - assumed 'success' E:\UPUPW\htdocs\Application\Runtime\Cache\Admin\c4239babd03171773dbc07f03df0ade3.php 第 154 行.
NOTIC: [8] Use of undefined constant success - assumed 'success' E:\UPUPW\htdocs\Application\Runtime\Cache\Admin\c4239babd03171773dbc07f03df0ade3.php 第 157 行.
NOTIC: [8] Use of undefined constant success - assumed 'success' E:\UPUPW\htdocs\Application\Runtime\Cache\Admin\c4239babd03171773dbc07f03df0ade3.php 第 163 行.
NOTIC: [8] Use of undefined constant success - assumed 'success' E:\UPUPW\htdocs\Application\Runtime\Cache\Admin\c4239babd03171773dbc07f03df0ade3.php 第 163 行.
NOTIC: [8] Use of undefined constant success - assumed 'success' E:\UPUPW\htdocs\Application\Runtime\Cache\Admin\c4239babd03171773dbc07f03df0ade3.php 第 163 行.
NOTIC: [8] Use of undefined constant success - assumed 'success' E:\UPUPW\htdocs\Application\Runtime\Cache\Admin\c4239babd03171773dbc07f03df0ade3.php 第 166 行.
NOTIC: [8] Use of undefined constant success - assumed 'success' E:\UPUPW\htdocs\Application\Runtime\Cache\Admin\c4239babd03171773dbc07f03df0ade3.php 第 169 行.
NOTIC: [8] Use of undefined constant success - assumed 'success' E:\UPUPW\htdocs\Application\Runtime\Cache\Admin\c4239babd03171773dbc07f03df0ade3.php 第 172 行.
SQL: SHOW COLUMNS FROM `yzw_project_state` [ RunTime:0.0070s ]
SQL: SELECT * FROM `yzw_project_state` WHERE ( id=1 ) LIMIT 1   [ RunTime:0.0000s ]
INFO: Run Behavior\ParseTemplateBehavior [ RunTime:0.319018s ]
INFO: [ view_parse ] --END-- [ RunTime:0.319018s ]
INFO: [ view_filter ] --START--
INFO: Run Behavior\WriteHtmlCacheBehavior [ RunTime:0.003000s ]
INFO: [ view_filter ] --END-- [ RunTime:0.003000s ]
INFO: [ app_end ] --START--
INFO: Run Behavior\ShowPageTraceBehavior [ RunTime:0.003001s ]
INFO: [ app_end ] --END-- [ RunTime:0.003001s ]

[ 2017-07-07T16:28:52+08:00 ] 127.0.0.1 /index.php/Admin/Project/project_detail/id/3
INFO: [ app_init ] --START--
INFO: Run Behavior\BuildLiteBehavior [ RunTime:0.000000s ]
INFO: [ app_init ] --END-- [ RunTime:0.001000s ]
INFO: [ app_begin ] --START--
INFO: Run Behavior\ReadHtmlCacheBehavior [ RunTime:0.001000s ]
INFO: [ app_begin ] --END-- [ RunTime:0.001000s ]
SQL: SHOW COLUMNS FROM `yzw_project` [ RunTime:0.0030s ]
SQL: SELECT * FROM `yzw_project` WHERE ( project_id=3 ) LIMIT 1   [ RunTime:0.0000s ]
SQL: SHOW COLUMNS FROM `yzw_project_state` [ RunTime:0.0030s ]
SQL: SELECT * FROM `yzw_project_state`  [ RunTime:0.0000s ]
INFO: [ view_parse ] --START--
INFO: [ template_filter ] --START--
INFO: Run Behavior\ContentReplaceBehavior [ RunTime:0.000000s ]
INFO: [ template_filter ] --END-- [ RunTime:0.000000s ]
NOTIC: [8] Use of undefined constant success - assumed 'success' E:\UPUPW\htdocs\Application\Runtime\Cache\Admin\ced0e17993673e0ba6123a87f11c9410.php 第 143 行.
NOTIC: [8] Use of undefined constant success - assumed 'success' E:\UPUPW\htdocs\Application\Runtime\Cache\Admin\ced0e17993673e0ba6123a87f11c9410.php 第 143 行.
NOTIC: [8] Use of undefined constant success - assumed 'success' E:\UPUPW\htdocs\Application\Runtime\Cache\Admin\ced0e17993673e0ba6123a87f11c9410.php 第 143 行.
NOTIC: [8] Use of undefined constant success - assumed 'success' E:\UPUPW\htdocs\Application\Runtime\Cache\Admin\ced0e17993673e0ba6123a87f11c9410.php 第 143 行.
NOTIC: [8] Use of undefined constant success - assumed 'success' E:\UPUPW\htdocs\Application\Runtime\Cache\Admin\ced0e17993673e0ba6123a87f11c9410.php 第 146 行.
NOTIC: [8] Use of undefined constant success - assumed 'success' E:\UPUPW\htdocs\Application\Runtime\Cache\Admin\ced0e17993673e0ba6123a87f11c9410.php 第 149 行.
NOTIC: [8] Use of undefined constant success - assumed 'success' E:\UPUPW\htdocs\Application\Runtime\Cache\Admin\ced0e17993673e0ba6123a87f11c9410.php 第 152 行.
NOTIC: [8] Use of undefined constant success - assumed 'success' E:\UPUPW\htdocs\Application\Runtime\Cache\Admin\ced0e17993673e0ba6123a87f11c9410.php 第 155 行.
NOTIC: [8] Use of undefined constant success - assumed 'success' E:\UPUPW\htdocs\Application\Runtime\Cache\Admin\ced0e17993673e0ba6123a87f11c9410.php 第 161 行.
NOTIC: [8] Use of undefined constant success - assumed 'success' E:\UPUPW\htdocs\Application\Runtime\Cache\Admin\ced0e17993673e0ba6123a87f11c9410.php 第 161 行.
NOTIC: [8] Use of undefined constant success - assumed 'success' E:\UPUPW\htdocs\Application\Runtime\Cache\Admin\ced0e17993673e0ba6123a87f11c9410.php 第 164 行.
NOTIC: [8] Use of undefined constant success - assumed 'success' E:\UPUPW\htdocs\Application\Runtime\Cache\Admin\ced0e17993673e0ba6123a87f11c9410.php 第 167 行.
NOTIC: [8] Use of undefined constant success - assumed 'success' E:\UPUPW\htdocs\Application\Runtime\Cache\Admin\ced0e17993673e0ba6123a87f11c9410.php 第 173 行.
NOTIC: [8] Use of undefined constant success - assumed 'success' E:\UPUPW\htdocs\Application\Runtime\Cache\Admin\ced0e17993673e0ba6123a87f11c9410.php 第 173 行.
NOTIC: [8] Use of undefined constant success - assumed 'success' E:\UPUPW\htdocs\Application\Runtime\Cache\Admin\ced0e17993673e0ba6123a87f11c9410.php 第 173 行.
NOTIC: [8] Use of undefined constant success - assumed 'success' E:\UPUPW\htdocs\Application\Runtime\Cache\Admin\ced0e17993673e0ba6123a87f11c9410.php 第 176 行.
NOTIC: [8] Use of undefined constant success - assumed 'success' E:\UPUPW\htdocs\Application\Runtime\Cache\Admin\ced0e17993673e0ba6123a87f11c9410.php 第 179 行.
NOTIC: [8] Use of undefined constant success - assumed 'success' E:\UPUPW\htdocs\Application\Runtime\Cache\Admin\ced0e17993673e0ba6123a87f11c9410.php 第 182 行.
NOTIC: [8] Use of undefined constant success - assumed 'success' E:\UPUPW\htdocs\Application\Runtime\Cache\Admin\ced0e17993673e0ba6123a87f11c9410.php 第 188 行.
NOTIC: [8] Use of undefined constant success - assumed 'success' E:\UPUPW\htdocs\Application\Runtime\Cache\Admin\ced0e17993673e0ba6123a87f11c9410.php 第 188 行.
NOTIC: [8] Use of undefined constant success - assumed 'success' E:\UPUPW\htdocs\Application\Runtime\Cache\Admin\ced0e17993673e0ba6123a87f11c9410.php 第 188 行.
NOTIC: [8] Use of undefined constant success - assumed 'success' E:\UPUPW\htdocs\Application\Runtime\Cache\Admin\ced0e17993673e0ba6123a87f11c9410.php 第 191 行.
NOTIC: [8] Use of undefined constant success - assumed 'success' E:\UPUPW\htdocs\Application\Runtime\Cache\Admin\ced0e17993673e0ba6123a87f11c9410.php 第 194 行.
NOTIC: [8] Use of undefined constant success - assumed 'success' E:\UPUPW\htdocs\Application\Runtime\Cache\Admin\ced0e17993673e0ba6123a87f11c9410.php 第 197 行.
NOTIC: [8] Use of undefined constant success - assumed 'success' E:\UPUPW\htdocs\Application\Runtime\Cache\Admin\ced0e17993673e0ba6123a87f11c9410.php 第 203 行.
NOTIC: [8] Use of undefined constant success - assumed 'success' E:\UPUPW\htdocs\Application\Runtime\Cache\Admin\ced0e17993673e0ba6123a87f11c9410.php 第 203 行.
NOTIC: [8] Use of undefined constant success - assumed 'success' E:\UPUPW\htdocs\Application\Runtime\Cache\Admin\ced0e17993673e0ba6123a87f11c9410.php 第 203 行.
NOTIC: [8] Use of undefined constant success - assumed 'success' E:\UPUPW\htdocs\Application\Runtime\Cache\Admin\ced0e17993673e0ba6123a87f11c9410.php 第 206 行.
NOTIC: [8] Use of undefined constant success - assumed 'success' E:\UPUPW\htdocs\Application\Runtime\Cache\Admin\ced0e17993673e0ba6123a87f11c9410.php 第 209 行.
NOTIC: [8] Use of undefined constant success - assumed 'success' E:\UPUPW\htdocs\Application\Runtime\Cache\Admin\ced0e17993673e0ba6123a87f11c9410.php 第 212 行.
SQL: SHOW COLUMNS FROM `yzw_users` [ RunTime:0.0040s ]
SQL: SELECT * FROM `yzw_users` WHERE ( user_id=1 ) LIMIT 1   [ RunTime:0.0010s ]
SQL: SHOW COLUMNS FROM `yzw_project_type` [ RunTime:0.0030s ]
SQL: SELECT * FROM `yzw_project_type` WHERE ( type_id=1 ) LIMIT 1   [ RunTime:0.0000s ]
INFO: Run Behavior\ParseTemplateBehavior [ RunTime:0.090005s ]
INFO: [ view_parse ] --END-- [ RunTime:0.090005s ]
INFO: [ view_filter ] --START--
INFO: Run Behavior\WriteHtmlCacheBehavior [ RunTime:0.002000s ]
INFO: [ view_filter ] --END-- [ RunTime:0.002000s ]
INFO: [ app_end ] --START--
INFO: Run Behavior\ShowPageTraceBehavior [ RunTime:0.002000s ]
INFO: [ app_end ] --END-- [ RunTime:0.002000s ]

[ 2017-07-07T16:28:56+08:00 ] 127.0.0.1 /index.php/Admin/Project/projectList_complete
INFO: [ app_init ] --START--
INFO: Run Behavior\BuildLiteBehavior [ RunTime:0.000000s ]
INFO: [ app_init ] --END-- [ RunTime:0.001000s ]
INFO: [ app_begin ] --START--
INFO: Run Behavior\ReadHtmlCacheBehavior [ RunTime:0.001000s ]
INFO: [ app_begin ] --END-- [ RunTime:0.001000s ]
SQL: SHOW COLUMNS FROM `yzw_project_state` [ RunTime:0.0040s ]
SQL: SELECT * FROM `yzw_project_state`  [ RunTime:0.0000s ]
INFO: [ view_parse ] --START--
INFO: [ template_filter ] --START--
INFO: Run Behavior\ContentReplaceBehavior [ RunTime:0.000000s ]
INFO: [ template_filter ] --END-- [ RunTime:0.000000s ]
NOTIC: [8] Use of undefined constant success - assumed 'success' E:\UPUPW\htdocs\Application\Runtime\Cache\Admin\7c19823d54d50682c5473a404ce652d5.php 第 103 行.
NOTIC: [8] Use of undefined constant success - assumed 'success' E:\UPUPW\htdocs\Application\Runtime\Cache\Admin\7c19823d54d50682c5473a404ce652d5.php 第 103 行.
NOTIC: [8] Use of undefined constant success - assumed 'success' E:\UPUPW\htdocs\Application\Runtime\Cache\Admin\7c19823d54d50682c5473a404ce652d5.php 第 103 行.
NOTIC: [8] Use of undefined constant success - assumed 'success' E:\UPUPW\htdocs\Application\Runtime\Cache\Admin\7c19823d54d50682c5473a404ce652d5.php 第 103 行.
NOTIC: [8] Use of undefined constant success - assumed 'success' E:\UPUPW\htdocs\Application\Runtime\Cache\Admin\7c19823d54d50682c5473a404ce652d5.php 第 106 行.
NOTIC: [8] Use of undefined constant success - assumed 'success' E:\UPUPW\htdocs\Application\Runtime\Cache\Admin\7c19823d54d50682c5473a404ce652d5.php 第 109 行.
NOTIC: [8] Use of undefined constant success - assumed 'success' E:\UPUPW\htdocs\Application\Runtime\Cache\Admin\7c19823d54d50682c5473a404ce652d5.php 第 112 行.
NOTIC: [8] Use of undefined constant success - assumed 'success' E:\UPUPW\htdocs\Application\Runtime\Cache\Admin\7c19823d54d50682c5473a404ce652d5.php 第 115 行.
NOTIC: [8] Use of undefined constant success - assumed 'success' E:\UPUPW\htdocs\Application\Runtime\Cache\Admin\7c19823d54d50682c5473a404ce652d5.php 第 121 行.
NOTIC: [8] Use of undefined constant success - assumed 'success' E:\UPUPW\htdocs\Application\Runtime\Cache\Admin\7c19823d54d50682c5473a404ce652d5.php 第 121 行.
NOTIC: [8] Use of undefined constant success - assumed 'success' E:\UPUPW\htdocs\Application\Runtime\Cache\Admin\7c19823d54d50682c5473a404ce652d5.php 第 124 行.
NOTIC: [8] Use of undefined constant success - assumed 'success' E:\UPUPW\htdocs\Application\Runtime\Cache\Admin\7c19823d54d50682c5473a404ce652d5.php 第 127 行.
NOTIC: [8] Use of undefined constant success - assumed 'success' E:\UPUPW\htdocs\Application\Runtime\Cache\Admin\7c19823d54d50682c5473a404ce652d5.php 第 133 行.
NOTIC: [8] Use of undefined constant success - assumed 'success' E:\UPUPW\htdocs\Application\Runtime\Cache\Admin\7c19823d54d50682c5473a404ce652d5.php 第 133 行.
NOTIC: [8] Use of undefined constant success - assumed 'success' E:\UPUPW\htdocs\Application\Runtime\Cache\Admin\7c19823d54d50682c5473a404ce652d5.php 第 133 行.
NOTIC: [8] Use of undefined constant success - assumed 'success' E:\UPUPW\htdocs\Application\Runtime\Cache\Admin\7c19823d54d50682c5473a404ce652d5.php 第 136 行.
NOTIC: [8] Use of undefined constant success - assumed 'success' E:\UPUPW\htdocs\Application\Runtime\Cache\Admin\7c19823d54d50682c5473a404ce652d5.php 第 139 行.
NOTIC: [8] Use of undefined constant success - assumed 'success' E:\UPUPW\htdocs\Application\Runtime\Cache\Admin\7c19823d54d50682c5473a404ce652d5.php 第 142 行.
NOTIC: [8] Use of undefined constant success - assumed 'success' E:\UPUPW\htdocs\Application\Runtime\Cache\Admin\7c19823d54d50682c5473a404ce652d5.php 第 148 行.
NOTIC: [8] Use of undefined constant success - assumed 'success' E:\UPUPW\htdocs\Application\Runtime\Cache\Admin\7c19823d54d50682c5473a404ce652d5.php 第 148 行.
NOTIC: [8] Use of undefined constant success - assumed 'success' E:\UPUPW\htdocs\Application\Runtime\Cache\Admin\7c19823d54d50682c5473a404ce652d5.php 第 148 行.
NOTIC: [8] Use of undefined constant success - assumed 'success' E:\UPUPW\htdocs\Application\Runtime\Cache\Admin\7c19823d54d50682c5473a404ce652d5.php 第 151 行.
NOTIC: [8] Use of undefined constant success - assumed 'success' E:\UPUPW\htdocs\Application\Runtime\Cache\Admin\7c19823d54d50682c5473a404ce652d5.php 第 154 行.
NOTIC: [8] Use of undefined constant success - assumed 'success' E:\UPUPW\htdocs\Application\Runtime\Cache\Admin\7c19823d54d50682c5473a404ce652d5.php 第 157 行.
NOTIC: [8] Use of undefined constant success - assumed 'success' E:\UPUPW\htdocs\Application\Runtime\Cache\Admin\7c19823d54d50682c5473a404ce652d5.php 第 163 行.
NOTIC: [8] Use of undefined constant success - assumed 'success' E:\UPUPW\htdocs\Application\Runtime\Cache\Admin\7c19823d54d50682c5473a404ce652d5.php 第 163 行.
NOTIC: [8] Use of undefined constant success - assumed 'success' E:\UPUPW\htdocs\Application\Runtime\Cache\Admin\7c19823d54d50682c5473a404ce652d5.php 第 163 行.
NOTIC: [8] Use of undefined constant success - assumed 'success' E:\UPUPW\htdocs\Application\Runtime\Cache\Admin\7c19823d54d50682c5473a404ce652d5.php 第 166 行.
NOTIC: [8] Use of undefined constant success - assumed 'success' E:\UPUPW\htdocs\Application\Runtime\Cache\Admin\7c19823d54d50682c5473a404ce652d5.php 第 169 行.
NOTIC: [8] Use of undefined constant success - assumed 'success' E:\UPUPW\htdocs\Application\Runtime\Cache\Admin\7c19823d54d50682c5473a404ce652d5.php 第 172 行.
NOTIC: [8] Undefined variable: page E:\UPUPW\htdocs\Application\Runtime\Cache\Admin\7c19823d54d50682c5473a404ce652d5.php 第 245 行.
INFO: Run Behavior\ParseTemplateBehavior [ RunTime:0.197011s ]
INFO: [ view_parse ] --END-- [ RunTime:0.197011s ]
INFO: [ view_filter ] --START--
INFO: Run Behavior\WriteHtmlCacheBehavior [ RunTime:0.003000s ]
INFO: [ view_filter ] --END-- [ RunTime:0.003000s ]
INFO: [ app_end ] --START--
INFO: Run Behavior\ShowPageTraceBehavior [ RunTime:0.003001s ]
INFO: [ app_end ] --END-- [ RunTime:0.003001s ]

[ 2017-07-07T16:28:58+08:00 ] 127.0.0.1 /index.php/Admin/Project/projectList
INFO: [ app_init ] --START--
INFO: Run Behavior\BuildLiteBehavior [ RunTime:0.000000s ]
INFO: [ app_init ] --END-- [ RunTime:0.000000s ]
INFO: [ app_begin ] --START--
INFO: Run Behavior\ReadHtmlCacheBehavior [ RunTime:0.001000s ]
INFO: [ app_begin ] --END-- [ RunTime:0.001000s ]
SQL: SHOW COLUMNS FROM `yzw_project` [ RunTime:0.0030s ]
SQL: SELECT COUNT(*) AS tp_count FROM `yzw_project` LIMIT 1   [ RunTime:0.0000s ]
SQL: SELECT * FROM `yzw_project` LIMIT 0,10   [ RunTime:0.0010s ]
SQL: SHOW COLUMNS FROM `yzw_project_type` [ RunTime:0.0030s ]
SQL: SELECT * FROM `yzw_project_type`  [ RunTime:0.0000s ]
INFO: [ view_parse ] --START--
INFO: [ template_filter ] --START--
INFO: Run Behavior\ContentReplaceBehavior [ RunTime:0.001000s ]
INFO: [ template_filter ] --END-- [ RunTime:0.001000s ]
NOTIC: [8] Use of undefined constant success - assumed 'success' E:\UPUPW\htdocs\Application\Runtime\Cache\Admin\c4239babd03171773dbc07f03df0ade3.php 第 103 行.
NOTIC: [8] Use of undefined constant success - assumed 'success' E:\UPUPW\htdocs\Application\Runtime\Cache\Admin\c4239babd03171773dbc07f03df0ade3.php 第 103 行.
NOTIC: [8] Use of undefined constant success - assumed 'success' E:\UPUPW\htdocs\Application\Runtime\Cache\Admin\c4239babd03171773dbc07f03df0ade3.php 第 103 行.
NOTIC: [8] Use of undefined constant success - assumed 'success' E:\UPUPW\htdocs\Application\Runtime\Cache\Admin\c4239babd03171773dbc07f03df0ade3.php 第 103 行.
NOTIC: [8] Use of undefined constant success - assumed 'success' E:\UPUPW\htdocs\Application\Runtime\Cache\Admin\c4239babd03171773dbc07f03df0ade3.php 第 106 行.
NOTIC: [8] Use of undefined constant success - assumed 'success' E:\UPUPW\htdocs\Application\Runtime\Cache\Admin\c4239babd03171773dbc07f03df0ade3.php 第 109 行.
NOTIC: [8] Use of undefined constant success - assumed 'success' E:\UPUPW\htdocs\Application\Runtime\Cache\Admin\c4239babd03171773dbc07f03df0ade3.php 第 112 行.
NOTIC: [8] Use of undefined constant success - assumed 'success' E:\UPUPW\htdocs\Application\Runtime\Cache\Admin\c4239babd03171773dbc07f03df0ade3.php 第 115 行.
NOTIC: [8] Use of undefined constant success - assumed 'success' E:\UPUPW\htdocs\Application\Runtime\Cache\Admin\c4239babd03171773dbc07f03df0ade3.php 第 121 行.
NOTIC: [8] Use of undefined constant success - assumed 'success' E:\UPUPW\htdocs\Application\Runtime\Cache\Admin\c4239babd03171773dbc07f03df0ade3.php 第 121 行.
NOTIC: [8] Use of undefined constant success - assumed 'success' E:\UPUPW\htdocs\Application\Runtime\Cache\Admin\c4239babd03171773dbc07f03df0ade3.php 第 124 行.
NOTIC: [8] Use of undefined constant success - assumed 'success' E:\UPUPW\htdocs\Application\Runtime\Cache\Admin\c4239babd03171773dbc07f03df0ade3.php 第 127 行.
NOTIC: [8] Use of undefined constant success - assumed 'success' E:\UPUPW\htdocs\Application\Runtime\Cache\Admin\c4239babd03171773dbc07f03df0ade3.php 第 133 行.
NOTIC: [8] Use of undefined constant success - assumed 'success' E:\UPUPW\htdocs\Application\Runtime\Cache\Admin\c4239babd03171773dbc07f03df0ade3.php 第 133 行.
NOTIC: [8] Use of undefined constant success - assumed 'success' E:\UPUPW\htdocs\Application\Runtime\Cache\Admin\c4239babd03171773dbc07f03df0ade3.php 第 133 行.
NOTIC: [8] Use of undefined constant success - assumed 'success' E:\UPUPW\htdocs\Application\Runtime\Cache\Admin\c4239babd03171773dbc07f03df0ade3.php 第 136 行.
NOTIC: [8] Use of undefined constant success - assumed 'success' E:\UPUPW\htdocs\Application\Runtime\Cache\Admin\c4239babd03171773dbc07f03df0ade3.php 第 139 行.
NOTIC: [8] Use of undefined constant success - assumed 'success' E:\UPUPW\htdocs\Application\Runtime\Cache\Admin\c4239babd03171773dbc07f03df0ade3.php 第 142 行.
NOTIC: [8] Use of undefined constant success - assumed 'success' E:\UPUPW\htdocs\Application\Runtime\Cache\Admin\c4239babd03171773dbc07f03df0ade3.php 第 148 行.
NOTIC: [8] Use of undefined constant success - assumed 'success' E:\UPUPW\htdocs\Application\Runtime\Cache\Admin\c4239babd03171773dbc07f03df0ade3.php 第 148 行.
NOTIC: [8] Use of undefined constant success - assumed 'success' E:\UPUPW\htdocs\Application\Runtime\Cache\Admin\c4239babd03171773dbc07f03df0ade3.php 第 148 行.
NOTIC: [8] Use of undefined constant success - assumed 'success' E:\UPUPW\htdocs\Application\Runtime\Cache\Admin\c4239babd03171773dbc07f03df0ade3.php 第 151 行.
NOTIC: [8] Use of undefined constant success - assumed 'success' E:\UPUPW\htdocs\Application\Runtime\Cache\Admin\c4239babd03171773dbc07f03df0ade3.php 第 154 行.
NOTIC: [8] Use of undefined constant success - assumed 'success' E:\UPUPW\htdocs\Application\Runtime\Cache\Admin\c4239babd03171773dbc07f03df0ade3.php 第 157 行.
NOTIC: [8] Use of undefined constant success - assumed 'success' E:\UPUPW\htdocs\Application\Runtime\Cache\Admin\c4239babd03171773dbc07f03df0ade3.php 第 163 行.
NOTIC: [8] Use of undefined constant success - assumed 'success' E:\UPUPW\htdocs\Application\Runtime\Cache\Admin\c4239babd03171773dbc07f03df0ade3.php 第 163 行.
NOTIC: [8] Use of undefined constant success - assumed 'success' E:\UPUPW\htdocs\Application\Runtime\Cache\Admin\c4239babd03171773dbc07f03df0ade3.php 第 163 行.
NOTIC: [8] Use of undefined constant success - assumed 'success' E:\UPUPW\htdocs\Application\Runtime\Cache\Admin\c4239babd03171773dbc07f03df0ade3.php 第 166 行.
NOTIC: [8] Use of undefined constant success - assumed 'success' E:\UPUPW\htdocs\Application\Runtime\Cache\Admin\c4239babd03171773dbc07f03df0ade3.php 第 169 行.
NOTIC: [8] Use of undefined constant success - assumed 'success' E:\UPUPW\htdocs\Application\Runtime\Cache\Admin\c4239babd03171773dbc07f03df0ade3.php 第 172 行.
SQL: SHOW COLUMNS FROM `yzw_project_state` [ RunTime:0.0030s ]
SQL: SELECT * FROM `yzw_project_state` WHERE ( id=1 ) LIMIT 1   [ RunTime:0.0000s ]
INFO: Run Behavior\ParseTemplateBehavior [ RunTime:0.081005s ]
INFO: [ view_parse ] --END-- [ RunTime:0.081005s ]
INFO: [ view_filter ] --START--
INFO: Run Behavior\WriteHtmlCacheBehavior [ RunTime:0.001000s ]
INFO: [ view_filter ] --END-- [ RunTime:0.001000s ]
INFO: [ app_end ] --START--
INFO: Run Behavior\ShowPageTraceBehavior [ RunTime:0.001000s ]
INFO: [ app_end ] --END-- [ RunTime:0.002000s ]

[ 2017-07-07T16:29:00+08:00 ] 127.0.0.1 /index.php/Admin/Project/project_detail/id/3
INFO: [ app_init ] --START--
INFO: Run Behavior\BuildLiteBehavior [ RunTime:0.000000s ]
INFO: [ app_init ] --END-- [ RunTime:0.000000s ]
INFO: [ app_begin ] --START--
INFO: Run Behavior\ReadHtmlCacheBehavior [ RunTime:0.001000s ]
INFO: [ app_begin ] --END-- [ RunTime:0.001000s ]
SQL: SHOW COLUMNS FROM `yzw_project` [ RunTime:0.0040s ]
SQL: SELECT * FROM `yzw_project` WHERE ( project_id=3 ) LIMIT 1   [ RunTime:0.0000s ]
SQL: SHOW COLUMNS FROM `yzw_project_state` [ RunTime:0.0030s ]
SQL: SELECT * FROM `yzw_project_state`  [ RunTime:0.0000s ]
INFO: [ view_parse ] --START--
INFO: [ template_filter ] --START--
INFO: Run Behavior\ContentReplaceBehavior [ RunTime:0.000000s ]
INFO: [ template_filter ] --END-- [ RunTime:0.000000s ]
NOTIC: [8] Use of undefined constant success - assumed 'success' E:\UPUPW\htdocs\Application\Runtime\Cache\Admin\ced0e17993673e0ba6123a87f11c9410.php 第 143 行.
NOTIC: [8] Use of undefined constant success - assumed 'success' E:\UPUPW\htdocs\Application\Runtime\Cache\Admin\ced0e17993673e0ba6123a87f11c9410.php 第 143 行.
NOTIC: [8] Use of undefined constant success - assumed 'success' E:\UPUPW\htdocs\Application\Runtime\Cache\Admin\ced0e17993673e0ba6123a87f11c9410.php 第 143 行.
NOTIC: [8] Use of undefined constant success - assumed 'success' E:\UPUPW\htdocs\Application\Runtime\Cache\Admin\ced0e17993673e0ba6123a87f11c9410.php 第 143 行.
NOTIC: [8] Use of undefined constant success - assumed 'success' E:\UPUPW\htdocs\Application\Runtime\Cache\Admin\ced0e17993673e0ba6123a87f11c9410.php 第 146 行.
NOTIC: [8] Use of undefined constant success - assumed 'success' E:\UPUPW\htdocs\Application\Runtime\Cache\Admin\ced0e17993673e0ba6123a87f11c9410.php 第 149 行.
NOTIC: [8] Use of undefined constant success - assumed 'success' E:\UPUPW\htdocs\Application\Runtime\Cache\Admin\ced0e17993673e0ba6123a87f11c9410.php 第 152 行.
NOTIC: [8] Use of undefined constant success - assumed 'success' E:\UPUPW\htdocs\Application\Runtime\Cache\Admin\ced0e17993673e0ba6123a87f11c9410.php 第 155 行.
NOTIC: [8] Use of undefined constant success - assumed 'success' E:\UPUPW\htdocs\Application\Runtime\Cache\Admin\ced0e17993673e0ba6123a87f11c9410.php 第 161 行.
NOTIC: [8] Use of undefined constant success - assumed 'success' E:\UPUPW\htdocs\Application\Runtime\Cache\Admin\ced0e17993673e0ba6123a87f11c9410.php 第 161 行.
NOTIC: [8] Use of undefined constant success - assumed 'success' E:\UPUPW\htdocs\Application\Runtime\Cache\Admin\ced0e17993673e0ba6123a87f11c9410.php 第 164 行.
NOTIC: [8] Use of undefined constant success - assumed 'success' E:\UPUPW\htdocs\Application\Runtime\Cache\Admin\ced0e17993673e0ba6123a87f11c9410.php 第 167 行.
NOTIC: [8] Use of undefined constant success - assumed 'success' E:\UPUPW\htdocs\Application\Runtime\Cache\Admin\ced0e17993673e0ba6123a87f11c9410.php 第 173 行.
NOTIC: [8] Use of undefined constant success - assumed 'success' E:\UPUPW\htdocs\Application\Runtime\Cache\Admin\ced0e17993673e0ba6123a87f11c9410.php 第 173 行.
NOTIC: [8] Use of undefined constant success - assumed 'success' E:\UPUPW\htdocs\Application\Runtime\Cache\Admin\ced0e17993673e0ba6123a87f11c9410.php 第 173 行.
NOTIC: [8] Use of undefined constant success - assumed 'success' E:\UPUPW\htdocs\Application\Runtime\Cache\Admin\ced0e17993673e0ba6123a87f11c9410.php 第 176 行.
NOTIC: [8] Use of undefined constant success - assumed 'success' E:\UPUPW\htdocs\Application\Runtime\Cache\Admin\ced0e17993673e0ba6123a87f11c9410.php 第 179 行.
NOTIC: [8] Use of undefined constant success - assumed 'success' E:\UPUPW\htdocs\Application\Runtime\Cache\Admin\ced0e17993673e0ba6123a87f11c9410.php 第 182 行.
NOTIC: [8] Use of undefined constant success - assumed 'success' E:\UPUPW\htdocs\Application\Runtime\Cache\Admin\ced0e17993673e0ba6123a87f11c9410.php 第 188 行.
NOTIC: [8] Use of undefined constant success - assumed 'success' E:\UPUPW\htdocs\Application\Runtime\Cache\Admin\ced0e17993673e0ba6123a87f11c9410.php 第 188 行.
NOTIC: [8] Use of undefined constant success - assumed 'success' E:\UPUPW\htdocs\Application\Runtime\Cache\Admin\ced0e17993673e0ba6123a87f11c9410.php 第 188 行.
NOTIC: [8] Use of undefined constant success - assumed 'success' E:\UPUPW\htdocs\Application\Runtime\Cache\Admin\ced0e17993673e0ba6123a87f11c9410.php 第 191 行.
NOTIC: [8] Use of undefined constant success - assumed 'success' E:\UPUPW\htdocs\Application\Runtime\Cache\Admin\ced0e17993673e0ba6123a87f11c9410.php 第 194 行.
NOTIC: [8] Use of undefined constant success - assumed 'success' E:\UPUPW\htdocs\Application\Runtime\Cache\Admin\ced0e17993673e0ba6123a87f11c9410.php 第 197 行.
NOTIC: [8] Use of undefined constant success - assumed 'success' E:\UPUPW\htdocs\Application\Runtime\Cache\Admin\ced0e17993673e0ba6123a87f11c9410.php 第 203 行.
NOTIC: [8] Use of undefined constant success - assumed 'success' E:\UPUPW\htdocs\Application\Runtime\Cache\Admin\ced0e17993673e0ba6123a87f11c9410.php 第 203 行.
NOTIC: [8] Use of undefined constant success - assumed 'success' E:\UPUPW\htdocs\Application\Runtime\Cache\Admin\ced0e17993673e0ba6123a87f11c9410.php 第 203 行.
NOTIC: [8] Use of undefined constant success - assumed 'success' E:\UPUPW\htdocs\Application\Runtime\Cache\Admin\ced0e17993673e0ba6123a87f11c9410.php 第 206 行.
NOTIC: [8] Use of undefined constant success - assumed 'success' E:\UPUPW\htdocs\Application\Runtime\Cache\Admin\ced0e17993673e0ba6123a87f11c9410.php 第 209 行.
NOTIC: [8] Use of undefined constant success - assumed 'success' E:\UPUPW\htdocs\Application\Runtime\Cache\Admin\ced0e17993673e0ba6123a87f11c9410.php 第 212 行.
SQL: SHOW COLUMNS FROM `yzw_users` [ RunTime:0.0040s ]
SQL: SELECT * FROM `yzw_users` WHERE ( user_id=1 ) LIMIT 1   [ RunTime:0.0010s ]
SQL: SHOW COLUMNS FROM `yzw_project_type` [ RunTime:0.0040s ]
SQL: SELECT * FROM `yzw_project_type` WHERE ( type_id=1 ) LIMIT 1   [ RunTime:0.0000s ]
INFO: Run Behavior\ParseTemplateBehavior [ RunTime:0.118007s ]
INFO: [ view_parse ] --END-- [ RunTime:0.118007s ]
INFO: [ view_filter ] --START--
INFO: Run Behavior\WriteHtmlCacheBehavior [ RunTime:0.002000s ]
INFO: [ view_filter ] --END-- [ RunTime:0.002000s ]
INFO: [ app_end ] --START--
INFO: Run Behavior\ShowPageTraceBehavior [ RunTime:0.002000s ]
INFO: [ app_end ] --END-- [ RunTime:0.002000s ]

[ 2017-07-07T16:29:17+08:00 ] 127.0.0.1 /index.php/Admin/Project/projectList
INFO: [ app_init ] --START--
INFO: Run Behavior\BuildLiteBehavior [ RunTime:0.000000s ]
INFO: [ app_init ] --END-- [ RunTime:0.001000s ]
INFO: [ app_begin ] --START--
INFO: Run Behavior\ReadHtmlCacheBehavior [ RunTime:0.002000s ]
INFO: [ app_begin ] --END-- [ RunTime:0.002000s ]
SQL: SHOW COLUMNS FROM `yzw_project` [ RunTime:0.0040s ]
SQL: SELECT COUNT(*) AS tp_count FROM `yzw_project` LIMIT 1   [ RunTime:0.0000s ]
SQL: SELECT * FROM `yzw_project` LIMIT 0,10   [ RunTime:0.0000s ]
SQL: SHOW COLUMNS FROM `yzw_project_type` [ RunTime:0.0040s ]
SQL: SELECT * FROM `yzw_project_type`  [ RunTime:0.0000s ]
INFO: [ view_parse ] --START--
INFO: [ template_filter ] --START--
INFO: Run Behavior\ContentReplaceBehavior [ RunTime:0.000000s ]
INFO: [ template_filter ] --END-- [ RunTime:0.000000s ]
NOTIC: [8] Use of undefined constant success - assumed 'success' E:\UPUPW\htdocs\Application\Runtime\Cache\Admin\c4239babd03171773dbc07f03df0ade3.php 第 103 行.
NOTIC: [8] Use of undefined constant success - assumed 'success' E:\UPUPW\htdocs\Application\Runtime\Cache\Admin\c4239babd03171773dbc07f03df0ade3.php 第 103 行.
NOTIC: [8] Use of undefined constant success - assumed 'success' E:\UPUPW\htdocs\Application\Runtime\Cache\Admin\c4239babd03171773dbc07f03df0ade3.php 第 103 行.
NOTIC: [8] Use of undefined constant success - assumed 'success' E:\UPUPW\htdocs\Application\Runtime\Cache\Admin\c4239babd03171773dbc07f03df0ade3.php 第 103 行.
NOTIC: [8] Use of undefined constant success - assumed 'success' E:\UPUPW\htdocs\Application\Runtime\Cache\Admin\c4239babd03171773dbc07f03df0ade3.php 第 106 行.
NOTIC: [8] Use of undefined constant success - assumed 'success' E:\UPUPW\htdocs\Application\Runtime\Cache\Admin\c4239babd03171773dbc07f03df0ade3.php 第 109 行.
NOTIC: [8] Use of undefined constant success - assumed 'success' E:\UPUPW\htdocs\Application\Runtime\Cache\Admin\c4239babd03171773dbc07f03df0ade3.php 第 112 行.
NOTIC: [8] Use of undefined constant success - assumed 'success' E:\UPUPW\htdocs\Application\Runtime\Cache\Admin\c4239babd03171773dbc07f03df0ade3.php 第 115 行.
NOTIC: [8] Use of undefined constant success - assumed 'success' E:\UPUPW\htdocs\Application\Runtime\Cache\Admin\c4239babd03171773dbc07f03df0ade3.php 第 121 行.
NOTIC: [8] Use of undefined constant success - assumed 'success' E:\UPUPW\htdocs\Application\Runtime\Cache\Admin\c4239babd03171773dbc07f03df0ade3.php 第 121 行.
NOTIC: [8] Use of undefined constant success - assumed 'success' E:\UPUPW\htdocs\Application\Runtime\Cache\Admin\c4239babd03171773dbc07f03df0ade3.php 第 124 行.
NOTIC: [8] Use of undefined constant success - assumed 'success' E:\UPUPW\htdocs\Application\Runtime\Cache\Admin\c4239babd03171773dbc07f03df0ade3.php 第 127 行.
NOTIC: [8] Use of undefined constant success - assumed 'success' E:\UPUPW\htdocs\Application\Runtime\Cache\Admin\c4239babd03171773dbc07f03df0ade3.php 第 133 行.
NOTIC: [8] Use of undefined constant success - assumed 'success' E:\UPUPW\htdocs\Application\Runtime\Cache\Admin\c4239babd03171773dbc07f03df0ade3.php 第 133 行.
NOTIC: [8] Use of undefined constant success - assumed 'success' E:\UPUPW\htdocs\Application\Runtime\Cache\Admin\c4239babd03171773dbc07f03df0ade3.php 第 133 行.
NOTIC: [8] Use of undefined constant success - assumed 'success' E:\UPUPW\htdocs\Application\Runtime\Cache\Admin\c4239babd03171773dbc07f03df0ade3.php 第 136 行.
NOTIC: [8] Use of undefined constant success - assumed 'success' E:\UPUPW\htdocs\Application\Runtime\Cache\Admin\c4239babd03171773dbc07f03df0ade3.php 第 139 行.
NOTIC: [8] Use of undefined constant success - assumed 'success' E:\UPUPW\htdocs\Application\Runtime\Cache\Admin\c4239babd03171773dbc07f03df0ade3.php 第 142 行.
NOTIC: [8] Use of undefined constant success - assumed 'success' E:\UPUPW\htdocs\Application\Runtime\Cache\Admin\c4239babd03171773dbc07f03df0ade3.php 第 148 行.
NOTIC: [8] Use of undefined constant success - assumed 'success' E:\UPUPW\htdocs\Application\Runtime\Cache\Admin\c4239babd03171773dbc07f03df0ade3.php 第 148 行.
NOTIC: [8] Use of undefined constant success - assumed 'success' E:\UPUPW\htdocs\Application\Runtime\Cache\Admin\c4239babd03171773dbc07f03df0ade3.php 第 148 行.
NOTIC: [8] Use of undefined constant success - assumed 'success' E:\UPUPW\htdocs\Application\Runtime\Cache\Admin\c4239babd03171773dbc07f03df0ade3.php 第 151 行.
NOTIC: [8] Use of undefined constant success - assumed 'success' E:\UPUPW\htdocs\Application\Runtime\Cache\Admin\c4239babd03171773dbc07f03df0ade3.php 第 154 行.
NOTIC: [8] Use of undefined constant success - assumed 'success' E:\UPUPW\htdocs\Application\Runtime\Cache\Admin\c4239babd03171773dbc07f03df0ade3.php 第 157 行.
NOTIC: [8] Use of undefined constant success - assumed 'success' E:\UPUPW\htdocs\Application\Runtime\Cache\Admin\c4239babd03171773dbc07f03df0ade3.php 第 163 行.
NOTIC: [8] Use of undefined constant success - assumed 'success' E:\UPUPW\htdocs\Application\Runtime\Cache\Admin\c4239babd03171773dbc07f03df0ade3.php 第 163 行.
NOTIC: [8] Use of undefined constant success - assumed 'success' E:\UPUPW\htdocs\Application\Runtime\Cache\Admin\c4239babd03171773dbc07f03df0ade3.php 第 163 行.
NOTIC: [8] Use of undefined constant success - assumed 'success' E:\UPUPW\htdocs\Application\Runtime\Cache\Admin\c4239babd03171773dbc07f03df0ade3.php 第 166 行.
NOTIC: [8] Use of undefined constant success - assumed 'success' E:\UPUPW\htdocs\Application\Runtime\Cache\Admin\c4239babd03171773dbc07f03df0ade3.php 第 169 行.
NOTIC: [8] Use of undefined constant success - assumed 'success' E:\UPUPW\htdocs\Application\Runtime\Cache\Admin\c4239babd03171773dbc07f03df0ade3.php 第 172 行.
SQL: SHOW COLUMNS FROM `yzw_project_state` [ RunTime:0.0070s ]
SQL: SELECT * FROM `yzw_project_state` WHERE ( id=1 ) LIMIT 1   [ RunTime:0.0000s ]
INFO: Run Behavior\ParseTemplateBehavior [ RunTime:0.156009s ]
INFO: [ view_parse ] --END-- [ RunTime:0.156009s ]
INFO: [ view_filter ] --START--
INFO: Run Behavior\WriteHtmlCacheBehavior [ RunTime:0.002000s ]
INFO: [ view_filter ] --END-- [ RunTime:0.003000s ]
INFO: [ app_end ] --START--
INFO: Run Behavior\ShowPageTraceBehavior [ RunTime:0.002000s ]
INFO: [ app_end ] --END-- [ RunTime:0.002000s ]

[ 2017-07-07T17:15:23+08:00 ] 127.0.0.1 /index.php/Admin/Project/projectList_type
INFO: [ app_init ] --START--
INFO: Run Behavior\BuildLiteBehavior [ RunTime:0.000000s ]
INFO: [ app_init ] --END-- [ RunTime:0.000000s ]
INFO: [ app_begin ] --START--
INFO: Run Behavior\ReadHtmlCacheBehavior [ RunTime:0.002000s ]
INFO: [ app_begin ] --END-- [ RunTime:0.002000s ]
SQL: SHOW COLUMNS FROM `yzw_project_type` [ RunTime:0.0130s ]
SQL: SELECT COUNT(*) AS tp_count FROM `yzw_project_type` LIMIT 1   [ RunTime:0.0010s ]
SQL: SELECT * FROM `yzw_project_type` LIMIT 0,10   [ RunTime:0.0000s ]
INFO: [ view_parse ] --START--
INFO: [ template_filter ] --START--
INFO: Run Behavior\ContentReplaceBehavior [ RunTime:0.000000s ]
INFO: [ template_filter ] --END-- [ RunTime:0.000000s ]
NOTIC: [8] Use of undefined constant success - assumed 'success' E:\UPUPW\htdocs\Application\Runtime\Cache\Admin\783e14c0a20a65891e422fbdd75e15eb.php 第 103 行.
NOTIC: [8] Use of undefined constant success - assumed 'success' E:\UPUPW\htdocs\Application\Runtime\Cache\Admin\783e14c0a20a65891e422fbdd75e15eb.php 第 103 行.
NOTIC: [8] Use of undefined constant success - assumed 'success' E:\UPUPW\htdocs\Application\Runtime\Cache\Admin\783e14c0a20a65891e422fbdd75e15eb.php 第 103 行.
NOTIC: [8] Use of undefined constant success - assumed 'success' E:\UPUPW\htdocs\Application\Runtime\Cache\Admin\783e14c0a20a65891e422fbdd75e15eb.php 第 103 行.
NOTIC: [8] Use of undefined constant success - assumed 'success' E:\UPUPW\htdocs\Application\Runtime\Cache\Admin\783e14c0a20a65891e422fbdd75e15eb.php 第 106 行.
NOTIC: [8] Use of undefined constant success - assumed 'success' E:\UPUPW\htdocs\Application\Runtime\Cache\Admin\783e14c0a20a65891e422fbdd75e15eb.php 第 109 行.
NOTIC: [8] Use of undefined constant success - assumed 'success' E:\UPUPW\htdocs\Application\Runtime\Cache\Admin\783e14c0a20a65891e422fbdd75e15eb.php 第 112 行.
NOTIC: [8] Use of undefined constant success - assumed 'success' E:\UPUPW\htdocs\Application\Runtime\Cache\Admin\783e14c0a20a65891e422fbdd75e15eb.php 第 115 行.
NOTIC: [8] Use of undefined constant success - assumed 'success' E:\UPUPW\htdocs\Application\Runtime\Cache\Admin\783e14c0a20a65891e422fbdd75e15eb.php 第 121 行.
NOTIC: [8] Use of undefined constant success - assumed 'success' E:\UPUPW\htdocs\Application\Runtime\Cache\Admin\783e14c0a20a65891e422fbdd75e15eb.php 第 121 行.
NOTIC: [8] Use of undefined constant success - assumed 'success' E:\UPUPW\htdocs\Application\Runtime\Cache\Admin\783e14c0a20a65891e422fbdd75e15eb.php 第 124 行.
NOTIC: [8] Use of undefined constant success - assumed 'success' E:\UPUPW\htdocs\Application\Runtime\Cache\Admin\783e14c0a20a65891e422fbdd75e15eb.php 第 127 行.
NOTIC: [8] Use of undefined constant success - assumed 'success' E:\UPUPW\htdocs\Application\Runtime\Cache\Admin\783e14c0a20a65891e422fbdd75e15eb.php 第 133 行.
NOTIC: [8] Use of undefined constant success - assumed 'success' E:\UPUPW\htdocs\Application\Runtime\Cache\Admin\783e14c0a20a65891e422fbdd75e15eb.php 第 133 行.
NOTIC: [8] Use of undefined constant success - assumed 'success' E:\UPUPW\htdocs\Application\Runtime\Cache\Admin\783e14c0a20a65891e422fbdd75e15eb.php 第 133 行.
NOTIC: [8] Use of undefined constant success - assumed 'success' E:\UPUPW\htdocs\Application\Runtime\Cache\Admin\783e14c0a20a65891e422fbdd75e15eb.php 第 136 行.
NOTIC: [8] Use of undefined constant success - assumed 'success' E:\UPUPW\htdocs\Application\Runtime\Cache\Admin\783e14c0a20a65891e422fbdd75e15eb.php 第 139 行.
NOTIC: [8] Use of undefined constant success - assumed 'success' E:\UPUPW\htdocs\Application\Runtime\Cache\Admin\783e14c0a20a65891e422fbdd75e15eb.php 第 142 行.
NOTIC: [8] Use of undefined constant success - assumed 'success' E:\UPUPW\htdocs\Application\Runtime\Cache\Admin\783e14c0a20a65891e422fbdd75e15eb.php 第 148 行.
NOTIC: [8] Use of undefined constant success - assumed 'success' E:\UPUPW\htdocs\Application\Runtime\Cache\Admin\783e14c0a20a65891e422fbdd75e15eb.php 第 148 行.
NOTIC: [8] Use of undefined constant success - assumed 'success' E:\UPUPW\htdocs\Application\Runtime\Cache\Admin\783e14c0a20a65891e422fbdd75e15eb.php 第 148 行.
NOTIC: [8] Use of undefined constant success - assumed 'success' E:\UPUPW\htdocs\Application\Runtime\Cache\Admin\783e14c0a20a65891e422fbdd75e15eb.php 第 151 行.
NOTIC: [8] Use of undefined constant success - assumed 'success' E:\UPUPW\htdocs\Application\Runtime\Cache\Admin\783e14c0a20a65891e422fbdd75e15eb.php 第 154 行.
NOTIC: [8] Use of undefined constant success - assumed 'success' E:\UPUPW\htdocs\Application\Runtime\Cache\Admin\783e14c0a20a65891e422fbdd75e15eb.php 第 157 行.
NOTIC: [8] Use of undefined constant success - assumed 'success' E:\UPUPW\htdocs\Application\Runtime\Cache\Admin\783e14c0a20a65891e422fbdd75e15eb.php 第 163 行.
NOTIC: [8] Use of undefined constant success - assumed 'success' E:\UPUPW\htdocs\Application\Runtime\Cache\Admin\783e14c0a20a65891e422fbdd75e15eb.php 第 163 行.
NOTIC: [8] Use of undefined constant success - assumed 'success' E:\UPUPW\htdocs\Application\Runtime\Cache\Admin\783e14c0a20a65891e422fbdd75e15eb.php 第 163 行.
NOTIC: [8] Use of undefined constant success - assumed 'success' E:\UPUPW\htdocs\Application\Runtime\Cache\Admin\783e14c0a20a65891e422fbdd75e15eb.php 第 166 行.
NOTIC: [8] Use of undefined constant success - assumed 'success' E:\UPUPW\htdocs\Application\Runtime\Cache\Admin\783e14c0a20a65891e422fbdd75e15eb.php 第 169 行.
NOTIC: [8] Use of undefined constant success - assumed 'success' E:\UPUPW\htdocs\Application\Runtime\Cache\Admin\783e14c0a20a65891e422fbdd75e15eb.php 第 172 行.
INFO: Run Behavior\ParseTemplateBehavior [ RunTime:0.066004s ]
INFO: [ view_parse ] --END-- [ RunTime:0.066004s ]
INFO: [ view_filter ] --START--
INFO: Run Behavior\WriteHtmlCacheBehavior [ RunTime:0.001000s ]
INFO: [ view_filter ] --END-- [ RunTime:0.001000s ]
INFO: [ app_end ] --START--
INFO: Run Behavior\ShowPageTraceBehavior [ RunTime:0.002000s ]
INFO: [ app_end ] --END-- [ RunTime:0.002000s ]

[ 2017-07-07T17:15:24+08:00 ] 127.0.0.1 /index.php/Admin/Project/projectList_complete
INFO: [ app_init ] --START--
INFO: Run Behavior\BuildLiteBehavior [ RunTime:0.000000s ]
INFO: [ app_init ] --END-- [ RunTime:0.001000s ]
INFO: [ app_begin ] --START--
INFO: Run Behavior\ReadHtmlCacheBehavior [ RunTime:0.002000s ]
INFO: [ app_begin ] --END-- [ RunTime:0.002000s ]
SQL: SHOW COLUMNS FROM `yzw_project_state` [ RunTime:0.0030s ]
SQL: SELECT * FROM `yzw_project_state`  [ RunTime:0.0010s ]
INFO: [ view_parse ] --START--
INFO: [ template_filter ] --START--
INFO: Run Behavior\ContentReplaceBehavior [ RunTime:0.000000s ]
INFO: [ template_filter ] --END-- [ RunTime:0.000000s ]
NOTIC: [8] Use of undefined constant success - assumed 'success' E:\UPUPW\htdocs\Application\Runtime\Cache\Admin\7c19823d54d50682c5473a404ce652d5.php 第 103 行.
NOTIC: [8] Use of undefined constant success - assumed 'success' E:\UPUPW\htdocs\Application\Runtime\Cache\Admin\7c19823d54d50682c5473a404ce652d5.php 第 103 行.
NOTIC: [8] Use of undefined constant success - assumed 'success' E:\UPUPW\htdocs\Application\Runtime\Cache\Admin\7c19823d54d50682c5473a404ce652d5.php 第 103 行.
NOTIC: [8] Use of undefined constant success - assumed 'success' E:\UPUPW\htdocs\Application\Runtime\Cache\Admin\7c19823d54d50682c5473a404ce652d5.php 第 103 行.
NOTIC: [8] Use of undefined constant success - assumed 'success' E:\UPUPW\htdocs\Application\Runtime\Cache\Admin\7c19823d54d50682c5473a404ce652d5.php 第 106 行.
NOTIC: [8] Use of undefined constant success - assumed 'success' E:\UPUPW\htdocs\Application\Runtime\Cache\Admin\7c19823d54d50682c5473a404ce652d5.php 第 109 行.
NOTIC: [8] Use of undefined constant success - assumed 'success' E:\UPUPW\htdocs\Application\Runtime\Cache\Admin\7c19823d54d50682c5473a404ce652d5.php 第 112 行.
NOTIC: [8] Use of undefined constant success - assumed 'success' E:\UPUPW\htdocs\Application\Runtime\Cache\Admin\7c19823d54d50682c5473a404ce652d5.php 第 115 行.
NOTIC: [8] Use of undefined constant success - assumed 'success' E:\UPUPW\htdocs\Application\Runtime\Cache\Admin\7c19823d54d50682c5473a404ce652d5.php 第 121 行.
NOTIC: [8] Use of undefined constant success - assumed 'success' E:\UPUPW\htdocs\Application\Runtime\Cache\Admin\7c19823d54d50682c5473a404ce652d5.php 第 121 行.
NOTIC: [8] Use of undefined constant success - assumed 'success' E:\UPUPW\htdocs\Application\Runtime\Cache\Admin\7c19823d54d50682c5473a404ce652d5.php 第 124 行.
NOTIC: [8] Use of undefined constant success - assumed 'success' E:\UPUPW\htdocs\Application\Runtime\Cache\Admin\7c19823d54d50682c5473a404ce652d5.php 第 127 行.
NOTIC: [8] Use of undefined constant success - assumed 'success' E:\UPUPW\htdocs\Application\Runtime\Cache\Admin\7c19823d54d50682c5473a404ce652d5.php 第 133 行.
NOTIC: [8] Use of undefined constant success - assumed 'success' E:\UPUPW\htdocs\Application\Runtime\Cache\Admin\7c19823d54d50682c5473a404ce652d5.php 第 133 行.
NOTIC: [8] Use of undefined constant success - assumed 'success' E:\UPUPW\htdocs\Application\Runtime\Cache\Admin\7c19823d54d50682c5473a404ce652d5.php 第 133 行.
NOTIC: [8] Use of undefined constant success - assumed 'success' E:\UPUPW\htdocs\Application\Runtime\Cache\Admin\7c19823d54d50682c5473a404ce652d5.php 第 136 行.
NOTIC: [8] Use of undefined constant success - assumed 'success' E:\UPUPW\htdocs\Application\Runtime\Cache\Admin\7c19823d54d50682c5473a404ce652d5.php 第 139 行.
NOTIC: [8] Use of undefined constant success - assumed 'success' E:\UPUPW\htdocs\Application\Runtime\Cache\Admin\7c19823d54d50682c5473a404ce652d5.php 第 142 行.
NOTIC: [8] Use of undefined constant success - assumed 'success' E:\UPUPW\htdocs\Application\Runtime\Cache\Admin\7c19823d54d50682c5473a404ce652d5.php 第 148 行.
NOTIC: [8] Use of undefined constant success - assumed 'success' E:\UPUPW\htdocs\Application\Runtime\Cache\Admin\7c19823d54d50682c5473a404ce652d5.php 第 148 行.
NOTIC: [8] Use of undefined constant success - assumed 'success' E:\UPUPW\htdocs\Application\Runtime\Cache\Admin\7c19823d54d50682c5473a404ce652d5.php 第 148 行.
NOTIC: [8] Use of undefined constant success - assumed 'success' E:\UPUPW\htdocs\Application\Runtime\Cache\Admin\7c19823d54d50682c5473a404ce652d5.php 第 151 行.
NOTIC: [8] Use of undefined constant success - assumed 'success' E:\UPUPW\htdocs\Application\Runtime\Cache\Admin\7c19823d54d50682c5473a404ce652d5.php 第 154 行.
NOTIC: [8] Use of undefined constant success - assumed 'success' E:\UPUPW\htdocs\Application\Runtime\Cache\Admin\7c19823d54d50682c5473a404ce652d5.php 第 157 行.
NOTIC: [8] Use of undefined constant success - assumed 'success' E:\UPUPW\htdocs\Application\Runtime\Cache\Admin\7c19823d54d50682c5473a404ce652d5.php 第 163 行.
NOTIC: [8] Use of undefined constant success - assumed 'success' E:\UPUPW\htdocs\Application\Runtime\Cache\Admin\7c19823d54d50682c5473a404ce652d5.php 第 163 行.
NOTIC: [8] Use of undefined constant success - assumed 'success' E:\UPUPW\htdocs\Application\Runtime\Cache\Admin\7c19823d54d50682c5473a404ce652d5.php 第 163 行.
NOTIC: [8] Use of undefined constant success - assumed 'success' E:\UPUPW\htdocs\Application\Runtime\Cache\Admin\7c19823d54d50682c5473a404ce652d5.php 第 166 行.
NOTIC: [8] Use of undefined constant success - assumed 'success' E:\UPUPW\htdocs\Application\Runtime\Cache\Admin\7c19823d54d50682c5473a404ce652d5.php 第 169 行.
NOTIC: [8] Use of undefined constant success - assumed 'success' E:\UPUPW\htdocs\Application\Runtime\Cache\Admin\7c19823d54d50682c5473a404ce652d5.php 第 172 行.
NOTIC: [8] Undefined variable: page E:\UPUPW\htdocs\Application\Runtime\Cache\Admin\7c19823d54d50682c5473a404ce652d5.php 第 245 行.
INFO: Run Behavior\ParseTemplateBehavior [ RunTime:0.163009s ]
INFO: [ view_parse ] --END-- [ RunTime:0.163009s ]
INFO: [ view_filter ] --START--
INFO: Run Behavior\WriteHtmlCacheBehavior [ RunTime:0.002001s ]
INFO: [ view_filter ] --END-- [ RunTime:0.002001s ]
INFO: [ app_end ] --START--
INFO: Run Behavior\ShowPageTraceBehavior [ RunTime:0.001000s ]
INFO: [ app_end ] --END-- [ RunTime:0.001000s ]

[ 2017-07-07T17:22:09+08:00 ] 127.0.0.1 /index.php/Admin/Project/projectList
INFO: [ app_init ] --START--
INFO: Run Behavior\BuildLiteBehavior [ RunTime:0.000000s ]
INFO: [ app_init ] --END-- [ RunTime:0.001000s ]
INFO: [ app_begin ] --START--
INFO: Run Behavior\ReadHtmlCacheBehavior [ RunTime:0.002000s ]
INFO: [ app_begin ] --END-- [ RunTime:0.002000s ]
SQL: SHOW COLUMNS FROM `yzw_project` [ RunTime:0.0040s ]
SQL: SELECT COUNT(*) AS tp_count FROM `yzw_project` LIMIT 1   [ RunTime:0.0000s ]
SQL: SELECT * FROM `yzw_project` LIMIT 0,10   [ RunTime:0.0010s ]
SQL: SHOW COLUMNS FROM `yzw_project_type` [ RunTime:0.0030s ]
SQL: SELECT * FROM `yzw_project_type`  [ RunTime:0.0010s ]
INFO: [ view_parse ] --START--
INFO: [ template_filter ] --START--
INFO: Run Behavior\ContentReplaceBehavior [ RunTime:0.000000s ]
INFO: [ template_filter ] --END-- [ RunTime:0.000000s ]
NOTIC: [8] Use of undefined constant success - assumed 'success' E:\UPUPW\htdocs\Application\Runtime\Cache\Admin\c4239babd03171773dbc07f03df0ade3.php 第 103 行.
NOTIC: [8] Use of undefined constant success - assumed 'success' E:\UPUPW\htdocs\Application\Runtime\Cache\Admin\c4239babd03171773dbc07f03df0ade3.php 第 103 行.
NOTIC: [8] Use of undefined constant success - assumed 'success' E:\UPUPW\htdocs\Application\Runtime\Cache\Admin\c4239babd03171773dbc07f03df0ade3.php 第 103 行.
NOTIC: [8] Use of undefined constant success - assumed 'success' E:\UPUPW\htdocs\Application\Runtime\Cache\Admin\c4239babd03171773dbc07f03df0ade3.php 第 103 行.
NOTIC: [8] Use of undefined constant success - assumed 'success' E:\UPUPW\htdocs\Application\Runtime\Cache\Admin\c4239babd03171773dbc07f03df0ade3.php 第 106 行.
NOTIC: [8] Use of undefined constant success - assumed 'success' E:\UPUPW\htdocs\Application\Runtime\Cache\Admin\c4239babd03171773dbc07f03df0ade3.php 第 109 行.
NOTIC: [8] Use of undefined constant success - assumed 'success' E:\UPUPW\htdocs\Application\Runtime\Cache\Admin\c4239babd03171773dbc07f03df0ade3.php 第 112 行.
NOTIC: [8] Use of undefined constant success - assumed 'success' E:\UPUPW\htdocs\Application\Runtime\Cache\Admin\c4239babd03171773dbc07f03df0ade3.php 第 115 行.
NOTIC: [8] Use of undefined constant success - assumed 'success' E:\UPUPW\htdocs\Application\Runtime\Cache\Admin\c4239babd03171773dbc07f03df0ade3.php 第 121 行.
NOTIC: [8] Use of undefined constant success - assumed 'success' E:\UPUPW\htdocs\Application\Runtime\Cache\Admin\c4239babd03171773dbc07f03df0ade3.php 第 121 行.
NOTIC: [8] Use of undefined constant success - assumed 'success' E:\UPUPW\htdocs\Application\Runtime\Cache\Admin\c4239babd03171773dbc07f03df0ade3.php 第 124 行.
NOTIC: [8] Use of undefined constant success - assumed 'success' E:\UPUPW\htdocs\Application\Runtime\Cache\Admin\c4239babd03171773dbc07f03df0ade3.php 第 127 行.
NOTIC: [8] Use of undefined constant success - assumed 'success' E:\UPUPW\htdocs\Application\Runtime\Cache\Admin\c4239babd03171773dbc07f03df0ade3.php 第 133 行.
NOTIC: [8] Use of undefined constant success - assumed 'success' E:\UPUPW\htdocs\Application\Runtime\Cache\Admin\c4239babd03171773dbc07f03df0ade3.php 第 133 行.
NOTIC: [8] Use of undefined constant success - assumed 'success' E:\UPUPW\htdocs\Application\Runtime\Cache\Admin\c4239babd03171773dbc07f03df0ade3.php 第 133 行.
NOTIC: [8] Use of undefined constant success - assumed 'success' E:\UPUPW\htdocs\Application\Runtime\Cache\Admin\c4239babd03171773dbc07f03df0ade3.php 第 136 行.
NOTIC: [8] Use of undefined constant success - assumed 'success' E:\UPUPW\htdocs\Application\Runtime\Cache\Admin\c4239babd03171773dbc07f03df0ade3.php 第 139 行.
NOTIC: [8] Use of undefined constant success - assumed 'success' E:\UPUPW\htdocs\Application\Runtime\Cache\Admin\c4239babd03171773dbc07f03df0ade3.php 第 142 行.
NOTIC: [8] Use of undefined constant success - assumed 'success' E:\UPUPW\htdocs\Application\Runtime\Cache\Admin\c4239babd03171773dbc07f03df0ade3.php 第 148 行.
NOTIC: [8] Use of undefined constant success - assumed 'success' E:\UPUPW\htdocs\Application\Runtime\Cache\Admin\c4239babd03171773dbc07f03df0ade3.php 第 148 行.
NOTIC: [8] Use of undefined constant success - assumed 'success' E:\UPUPW\htdocs\Application\Runtime\Cache\Admin\c4239babd03171773dbc07f03df0ade3.php 第 148 行.
NOTIC: [8] Use of undefined constant success - assumed 'success' E:\UPUPW\htdocs\Application\Runtime\Cache\Admin\c4239babd03171773dbc07f03df0ade3.php 第 151 行.
NOTIC: [8] Use of undefined constant success - assumed 'success' E:\UPUPW\htdocs\Application\Runtime\Cache\Admin\c4239babd03171773dbc07f03df0ade3.php 第 154 行.
NOTIC: [8] Use of undefined constant success - assumed 'success' E:\UPUPW\htdocs\Application\Runtime\Cache\Admin\c4239babd03171773dbc07f03df0ade3.php 第 157 行.
NOTIC: [8] Use of undefined constant success - assumed 'success' E:\UPUPW\htdocs\Application\Runtime\Cache\Admin\c4239babd03171773dbc07f03df0ade3.php 第 163 行.
NOTIC: [8] Use of undefined constant success - assumed 'success' E:\UPUPW\htdocs\Application\Runtime\Cache\Admin\c4239babd03171773dbc07f03df0ade3.php 第 163 行.
NOTIC: [8] Use of undefined constant success - assumed 'success' E:\UPUPW\htdocs\Application\Runtime\Cache\Admin\c4239babd03171773dbc07f03df0ade3.php 第 163 行.
NOTIC: [8] Use of undefined constant success - assumed 'success' E:\UPUPW\htdocs\Application\Runtime\Cache\Admin\c4239babd03171773dbc07f03df0ade3.php 第 166 行.
NOTIC: [8] Use of undefined constant success - assumed 'success' E:\UPUPW\htdocs\Application\Runtime\Cache\Admin\c4239babd03171773dbc07f03df0ade3.php 第 169 行.
NOTIC: [8] Use of undefined constant success - assumed 'success' E:\UPUPW\htdocs\Application\Runtime\Cache\Admin\c4239babd03171773dbc07f03df0ade3.php 第 172 行.
SQL: SHOW COLUMNS FROM `yzw_project_state` [ RunTime:0.0030s ]
SQL: SELECT * FROM `yzw_project_state` WHERE ( id=1 ) LIMIT 1   [ RunTime:0.0010s ]
INFO: Run Behavior\ParseTemplateBehavior [ RunTime:0.072004s ]
INFO: [ view_parse ] --END-- [ RunTime:0.072004s ]
INFO: [ view_filter ] --START--
INFO: Run Behavior\WriteHtmlCacheBehavior [ RunTime:0.001000s ]
INFO: [ view_filter ] --END-- [ RunTime:0.001000s ]
INFO: [ app_end ] --START--
INFO: Run Behavior\ShowPageTraceBehavior [ RunTime:0.001000s ]
INFO: [ app_end ] --END-- [ RunTime:0.001000s ]

[ 2017-07-07T17:22:11+08:00 ] 127.0.0.1 /index.php/Admin/Project/projectList_type
INFO: [ app_init ] --START--
INFO: Run Behavior\BuildLiteBehavior [ RunTime:0.000000s ]
INFO: [ app_init ] --END-- [ RunTime:0.001000s ]
INFO: [ app_begin ] --START--
INFO: Run Behavior\ReadHtmlCacheBehavior [ RunTime:0.002000s ]
INFO: [ app_begin ] --END-- [ RunTime:0.002000s ]
SQL: SHOW COLUMNS FROM `yzw_project_type` [ RunTime:0.0040s ]
SQL: SELECT COUNT(*) AS tp_count FROM `yzw_project_type` LIMIT 1   [ RunTime:0.0010s ]
SQL: SELECT * FROM `yzw_project_type` LIMIT 0,10   [ RunTime:0.0000s ]
INFO: [ view_parse ] --START--
INFO: [ template_filter ] --START--
INFO: Run Behavior\ContentReplaceBehavior [ RunTime:0.000000s ]
INFO: [ template_filter ] --END-- [ RunTime:0.000000s ]
NOTIC: [8] Use of undefined constant success - assumed 'success' E:\UPUPW\htdocs\Application\Runtime\Cache\Admin\783e14c0a20a65891e422fbdd75e15eb.php 第 103 行.
NOTIC: [8] Use of undefined constant success - assumed 'success' E:\UPUPW\htdocs\Application\Runtime\Cache\Admin\783e14c0a20a65891e422fbdd75e15eb.php 第 103 行.
NOTIC: [8] Use of undefined constant success - assumed 'success' E:\UPUPW\htdocs\Application\Runtime\Cache\Admin\783e14c0a20a65891e422fbdd75e15eb.php 第 103 行.
NOTIC: [8] Use of undefined constant success - assumed 'success' E:\UPUPW\htdocs\Application\Runtime\Cache\Admin\783e14c0a20a65891e422fbdd75e15eb.php 第 103 行.
NOTIC: [8] Use of undefined constant success - assumed 'success' E:\UPUPW\htdocs\Application\Runtime\Cache\Admin\783e14c0a20a65891e422fbdd75e15eb.php 第 106 行.
NOTIC: [8] Use of undefined constant success - assumed 'success' E:\UPUPW\htdocs\Application\Runtime\Cache\Admin\783e14c0a20a65891e422fbdd75e15eb.php 第 109 行.
NOTIC: [8] Use of undefined constant success - assumed 'success' E:\UPUPW\htdocs\Application\Runtime\Cache\Admin\783e14c0a20a65891e422fbdd75e15eb.php 第 112 行.
NOTIC: [8] Use of undefined constant success - assumed 'success' E:\UPUPW\htdocs\Application\Runtime\Cache\Admin\783e14c0a20a65891e422fbdd75e15eb.php 第 115 行.
NOTIC: [8] Use of undefined constant success - assumed 'success' E:\UPUPW\htdocs\Application\Runtime\Cache\Admin\783e14c0a20a65891e422fbdd75e15eb.php 第 121 行.
NOTIC: [8] Use of undefined constant success - assumed 'success' E:\UPUPW\htdocs\Application\Runtime\Cache\Admin\783e14c0a20a65891e422fbdd75e15eb.php 第 121 行.
NOTIC: [8] Use of undefined constant success - assumed 'success' E:\UPUPW\htdocs\Application\Runtime\Cache\Admin\783e14c0a20a65891e422fbdd75e15eb.php 第 124 行.
NOTIC: [8] Use of undefined constant success - assumed 'success' E:\UPUPW\htdocs\Application\Runtime\Cache\Admin\783e14c0a20a65891e422fbdd75e15eb.php 第 127 行.
NOTIC: [8] Use of undefined constant success - assumed 'success' E:\UPUPW\htdocs\Application\Runtime\Cache\Admin\783e14c0a20a65891e422fbdd75e15eb.php 第 133 行.
NOTIC: [8] Use of undefined constant success - assumed 'success' E:\UPUPW\htdocs\Application\Runtime\Cache\Admin\783e14c0a20a65891e422fbdd75e15eb.php 第 133 行.
NOTIC: [8] Use of undefined constant success - assumed 'success' E:\UPUPW\htdocs\Application\Runtime\Cache\Admin\783e14c0a20a65891e422fbdd75e15eb.php 第 133 行.
NOTIC: [8] Use of undefined constant success - assumed 'success' E:\UPUPW\htdocs\Application\Runtime\Cache\Admin\783e14c0a20a65891e422fbdd75e15eb.php 第 136 行.
NOTIC: [8] Use of undefined constant success - assumed 'success' E:\UPUPW\htdocs\Application\Runtime\Cache\Admin\783e14c0a20a65891e422fbdd75e15eb.php 第 139 行.
NOTIC: [8] Use of undefined constant success - assumed 'success' E:\UPUPW\htdocs\Application\Runtime\Cache\Admin\783e14c0a20a65891e422fbdd75e15eb.php 第 142 行.
NOTIC: [8] Use of undefined constant success - assumed 'success' E:\UPUPW\htdocs\Application\Runtime\Cache\Admin\783e14c0a20a65891e422fbdd75e15eb.php 第 148 行.
NOTIC: [8] Use of undefined constant success - assumed 'success' E:\UPUPW\htdocs\Application\Runtime\Cache\Admin\783e14c0a20a65891e422fbdd75e15eb.php 第 148 行.
NOTIC: [8] Use of undefined constant success - assumed 'success' E:\UPUPW\htdocs\Application\Runtime\Cache\Admin\783e14c0a20a65891e422fbdd75e15eb.php 第 148 行.
NOTIC: [8] Use of undefined constant success - assumed 'success' E:\UPUPW\htdocs\Application\Runtime\Cache\Admin\783e14c0a20a65891e422fbdd75e15eb.php 第 151 行.
NOTIC: [8] Use of undefined constant success - assumed 'success' E:\UPUPW\htdocs\Application\Runtime\Cache\Admin\783e14c0a20a65891e422fbdd75e15eb.php 第 154 行.
NOTIC: [8] Use of undefined constant success - assumed 'success' E:\UPUPW\htdocs\Application\Runtime\Cache\Admin\783e14c0a20a65891e422fbdd75e15eb.php 第 157 行.
NOTIC: [8] Use of undefined constant success - assumed 'success' E:\UPUPW\htdocs\Application\Runtime\Cache\Admin\783e14c0a20a65891e422fbdd75e15eb.php 第 163 行.
NOTIC: [8] Use of undefined constant success - assumed 'success' E:\UPUPW\htdocs\Application\Runtime\Cache\Admin\783e14c0a20a65891e422fbdd75e15eb.php 第 163 行.
NOTIC: [8] Use of undefined constant success - assumed 'success' E:\UPUPW\htdocs\Application\Runtime\Cache\Admin\783e14c0a20a65891e422fbdd75e15eb.php 第 163 行.
NOTIC: [8] Use of undefined constant success - assumed 'success' E:\UPUPW\htdocs\Application\Runtime\Cache\Admin\783e14c0a20a65891e422fbdd75e15eb.php 第 166 行.
NOTIC: [8] Use of undefined constant success - assumed 'success' E:\UPUPW\htdocs\Application\Runtime\Cache\Admin\783e14c0a20a65891e422fbdd75e15eb.php 第 169 行.
NOTIC: [8] Use of undefined constant success - assumed 'success' E:\UPUPW\htdocs\Application\Runtime\Cache\Admin\783e14c0a20a65891e422fbdd75e15eb.php 第 172 行.
INFO: Run Behavior\ParseTemplateBehavior [ RunTime:0.055003s ]
INFO: [ view_parse ] --END-- [ RunTime:0.055003s ]
INFO: [ view_filter ] --START--
INFO: Run Behavior\WriteHtmlCacheBehavior [ RunTime:0.001000s ]
INFO: [ view_filter ] --END-- [ RunTime:0.001000s ]
INFO: [ app_end ] --START--
INFO: Run Behavior\ShowPageTraceBehavior [ RunTime:0.001000s ]
INFO: [ app_end ] --END-- [ RunTime:0.001000s ]

[ 2017-07-07T17:22:14+08:00 ] 127.0.0.1 /index.php/Admin/Project/projectList_complete
INFO: [ app_init ] --START--
INFO: Run Behavior\BuildLiteBehavior [ RunTime:0.000000s ]
INFO: [ app_init ] --END-- [ RunTime:0.001000s ]
INFO: [ app_begin ] --START--
INFO: Run Behavior\ReadHtmlCacheBehavior [ RunTime:0.002000s ]
INFO: [ app_begin ] --END-- [ RunTime:0.002000s ]
SQL: SHOW COLUMNS FROM `yzw_project_state` [ RunTime:0.0040s ]
SQL: SELECT * FROM `yzw_project_state`  [ RunTime:0.0010s ]
INFO: [ view_parse ] --START--
INFO: [ template_filter ] --START--
INFO: Run Behavior\ContentReplaceBehavior [ RunTime:0.000000s ]
INFO: [ template_filter ] --END-- [ RunTime:0.000000s ]
NOTIC: [8] Use of undefined constant success - assumed 'success' E:\UPUPW\htdocs\Application\Runtime\Cache\Admin\7c19823d54d50682c5473a404ce652d5.php 第 103 行.
NOTIC: [8] Use of undefined constant success - assumed 'success' E:\UPUPW\htdocs\Application\Runtime\Cache\Admin\7c19823d54d50682c5473a404ce652d5.php 第 103 行.
NOTIC: [8] Use of undefined constant success - assumed 'success' E:\UPUPW\htdocs\Application\Runtime\Cache\Admin\7c19823d54d50682c5473a404ce652d5.php 第 103 行.
NOTIC: [8] Use of undefined constant success - assumed 'success' E:\UPUPW\htdocs\Application\Runtime\Cache\Admin\7c19823d54d50682c5473a404ce652d5.php 第 103 行.
NOTIC: [8] Use of undefined constant success - assumed 'success' E:\UPUPW\htdocs\Application\Runtime\Cache\Admin\7c19823d54d50682c5473a404ce652d5.php 第 106 行.
NOTIC: [8] Use of undefined constant success - assumed 'success' E:\UPUPW\htdocs\Application\Runtime\Cache\Admin\7c19823d54d50682c5473a404ce652d5.php 第 109 行.
NOTIC: [8] Use of undefined constant success - assumed 'success' E:\UPUPW\htdocs\Application\Runtime\Cache\Admin\7c19823d54d50682c5473a404ce652d5.php 第 112 行.
NOTIC: [8] Use of undefined constant success - assumed 'success' E:\UPUPW\htdocs\Application\Runtime\Cache\Admin\7c19823d54d50682c5473a404ce652d5.php 第 115 行.
NOTIC: [8] Use of undefined constant success - assumed 'success' E:\UPUPW\htdocs\Application\Runtime\Cache\Admin\7c19823d54d50682c5473a404ce652d5.php 第 121 行.
NOTIC: [8] Use of undefined constant success - assumed 'success' E:\UPUPW\htdocs\Application\Runtime\Cache\Admin\7c19823d54d50682c5473a404ce652d5.php 第 121 行.
NOTIC: [8] Use of undefined constant success - assumed 'success' E:\UPUPW\htdocs\Application\Runtime\Cache\Admin\7c19823d54d50682c5473a404ce652d5.php 第 124 行.
NOTIC: [8] Use of undefined constant success - assumed 'success' E:\UPUPW\htdocs\Application\Runtime\Cache\Admin\7c19823d54d50682c5473a404ce652d5.php 第 127 行.
NOTIC: [8] Use of undefined constant success - assumed 'success' E:\UPUPW\htdocs\Application\Runtime\Cache\Admin\7c19823d54d50682c5473a404ce652d5.php 第 133 行.
NOTIC: [8] Use of undefined constant success - assumed 'success' E:\UPUPW\htdocs\Application\Runtime\Cache\Admin\7c19823d54d50682c5473a404ce652d5.php 第 133 行.
NOTIC: [8] Use of undefined constant success - assumed 'success' E:\UPUPW\htdocs\Application\Runtime\Cache\Admin\7c19823d54d50682c5473a404ce652d5.php 第 133 行.
NOTIC: [8] Use of undefined constant success - assumed 'success' E:\UPUPW\htdocs\Application\Runtime\Cache\Admin\7c19823d54d50682c5473a404ce652d5.php 第 136 行.
NOTIC: [8] Use of undefined constant success - assumed 'success' E:\UPUPW\htdocs\Application\Runtime\Cache\Admin\7c19823d54d50682c5473a404ce652d5.php 第 139 行.
NOTIC: [8] Use of undefined constant success - assumed 'success' E:\UPUPW\htdocs\Application\Runtime\Cache\Admin\7c19823d54d50682c5473a404ce652d5.php 第 142 行.
NOTIC: [8] Use of undefined constant success - assumed 'success' E:\UPUPW\htdocs\Application\Runtime\Cache\Admin\7c19823d54d50682c5473a404ce652d5.php 第 148 行.
NOTIC: [8] Use of undefined constant success - assumed 'success' E:\UPUPW\htdocs\Application\Runtime\Cache\Admin\7c19823d54d50682c5473a404ce652d5.php 第 148 行.
NOTIC: [8] Use of undefined constant success - assumed 'success' E:\UPUPW\htdocs\Application\Runtime\Cache\Admin\7c19823d54d50682c5473a404ce652d5.php 第 148 行.
NOTIC: [8] Use of undefined constant success - assumed 'success' E:\UPUPW\htdocs\Application\Runtime\Cache\Admin\7c19823d54d50682c5473a404ce652d5.php 第 151 行.
NOTIC: [8] Use of undefined constant success - assumed 'success' E:\UPUPW\htdocs\Application\Runtime\Cache\Admin\7c19823d54d50682c5473a404ce652d5.php 第 154 行.
NOTIC: [8] Use of undefined constant success - assumed 'success' E:\UPUPW\htdocs\Application\Runtime\Cache\Admin\7c19823d54d50682c5473a404ce652d5.php 第 157 行.
NOTIC: [8] Use of undefined constant success - assumed 'success' E:\UPUPW\htdocs\Application\Runtime\Cache\Admin\7c19823d54d50682c5473a404ce652d5.php 第 163 行.
NOTIC: [8] Use of undefined constant success - assumed 'success' E:\UPUPW\htdocs\Application\Runtime\Cache\Admin\7c19823d54d50682c5473a404ce652d5.php 第 163 行.
NOTIC: [8] Use of undefined constant success - assumed 'success' E:\UPUPW\htdocs\Application\Runtime\Cache\Admin\7c19823d54d50682c5473a404ce652d5.php 第 163 行.
NOTIC: [8] Use of undefined constant success - assumed 'success' E:\UPUPW\htdocs\Application\Runtime\Cache\Admin\7c19823d54d50682c5473a404ce652d5.php 第 166 行.
NOTIC: [8] Use of undefined constant success - assumed 'success' E:\UPUPW\htdocs\Application\Runtime\Cache\Admin\7c19823d54d50682c5473a404ce652d5.php 第 169 行.
NOTIC: [8] Use of undefined constant success - assumed 'success' E:\UPUPW\htdocs\Application\Runtime\Cache\Admin\7c19823d54d50682c5473a404ce652d5.php 第 172 行.
NOTIC: [8] Undefined variable: page E:\UPUPW\htdocs\Application\Runtime\Cache\Admin\7c19823d54d50682c5473a404ce652d5.php 第 245 行.
INFO: Run Behavior\ParseTemplateBehavior [ RunTime:0.189011s ]
INFO: [ view_parse ] --END-- [ RunTime:0.189011s ]
INFO: [ view_filter ] --START--
INFO: Run Behavior\WriteHtmlCacheBehavior [ RunTime:0.002000s ]
INFO: [ view_filter ] --END-- [ RunTime:0.002000s ]
INFO: [ app_end ] --START--
INFO: Run Behavior\ShowPageTraceBehavior [ RunTime:0.003001s ]
INFO: [ app_end ] --END-- [ RunTime:0.003001s ]

[ 2017-07-07T17:22:16+08:00 ] 127.0.0.1 /index.php/Admin/Project/projectList
INFO: [ app_init ] --START--
INFO: Run Behavior\BuildLiteBehavior [ RunTime:0.000000s ]
INFO: [ app_init ] --END-- [ RunTime:0.001000s ]
INFO: [ app_begin ] --START--
INFO: Run Behavior\ReadHtmlCacheBehavior [ RunTime:0.002000s ]
INFO: [ app_begin ] --END-- [ RunTime:0.002000s ]
SQL: SHOW COLUMNS FROM `yzw_project` [ RunTime:0.0050s ]
SQL: SELECT COUNT(*) AS tp_count FROM `yzw_project` LIMIT 1   [ RunTime:0.0000s ]
SQL: SELECT * FROM `yzw_project` LIMIT 0,10   [ RunTime:0.0000s ]
SQL: SHOW COLUMNS FROM `yzw_project_type` [ RunTime:0.0040s ]
SQL: SELECT * FROM `yzw_project_type`  [ RunTime:0.0000s ]
INFO: [ view_parse ] --START--
INFO: [ template_filter ] --START--
INFO: Run Behavior\ContentReplaceBehavior [ RunTime:0.000000s ]
INFO: [ template_filter ] --END-- [ RunTime:0.000000s ]
NOTIC: [8] Use of undefined constant success - assumed 'success' E:\UPUPW\htdocs\Application\Runtime\Cache\Admin\c4239babd03171773dbc07f03df0ade3.php 第 103 行.
NOTIC: [8] Use of undefined constant success - assumed 'success' E:\UPUPW\htdocs\Application\Runtime\Cache\Admin\c4239babd03171773dbc07f03df0ade3.php 第 103 行.
NOTIC: [8] Use of undefined constant success - assumed 'success' E:\UPUPW\htdocs\Application\Runtime\Cache\Admin\c4239babd03171773dbc07f03df0ade3.php 第 103 行.
NOTIC: [8] Use of undefined constant success - assumed 'success' E:\UPUPW\htdocs\Application\Runtime\Cache\Admin\c4239babd03171773dbc07f03df0ade3.php 第 103 行.
NOTIC: [8] Use of undefined constant success - assumed 'success' E:\UPUPW\htdocs\Application\Runtime\Cache\Admin\c4239babd03171773dbc07f03df0ade3.php 第 106 行.
NOTIC: [8] Use of undefined constant success - assumed 'success' E:\UPUPW\htdocs\Application\Runtime\Cache\Admin\c4239babd03171773dbc07f03df0ade3.php 第 109 行.
NOTIC: [8] Use of undefined constant success - assumed 'success' E:\UPUPW\htdocs\Application\Runtime\Cache\Admin\c4239babd03171773dbc07f03df0ade3.php 第 112 行.
NOTIC: [8] Use of undefined constant success - assumed 'success' E:\UPUPW\htdocs\Application\Runtime\Cache\Admin\c4239babd03171773dbc07f03df0ade3.php 第 115 行.
NOTIC: [8] Use of undefined constant success - assumed 'success' E:\UPUPW\htdocs\Application\Runtime\Cache\Admin\c4239babd03171773dbc07f03df0ade3.php 第 121 行.
NOTIC: [8] Use of undefined constant success - assumed 'success' E:\UPUPW\htdocs\Application\Runtime\Cache\Admin\c4239babd03171773dbc07f03df0ade3.php 第 121 行.
NOTIC: [8] Use of undefined constant success - assumed 'success' E:\UPUPW\htdocs\Application\Runtime\Cache\Admin\c4239babd03171773dbc07f03df0ade3.php 第 124 行.
NOTIC: [8] Use of undefined constant success - assumed 'success' E:\UPUPW\htdocs\Application\Runtime\Cache\Admin\c4239babd03171773dbc07f03df0ade3.php 第 127 行.
NOTIC: [8] Use of undefined constant success - assumed 'success' E:\UPUPW\htdocs\Application\Runtime\Cache\Admin\c4239babd03171773dbc07f03df0ade3.php 第 133 行.
NOTIC: [8] Use of undefined constant success - assumed 'success' E:\UPUPW\htdocs\Application\Runtime\Cache\Admin\c4239babd03171773dbc07f03df0ade3.php 第 133 行.
NOTIC: [8] Use of undefined constant success - assumed 'success' E:\UPUPW\htdocs\Application\Runtime\Cache\Admin\c4239babd03171773dbc07f03df0ade3.php 第 133 行.
NOTIC: [8] Use of undefined constant success - assumed 'success' E:\UPUPW\htdocs\Application\Runtime\Cache\Admin\c4239babd03171773dbc07f03df0ade3.php 第 136 行.
NOTIC: [8] Use of undefined constant success - assumed 'success' E:\UPUPW\htdocs\Application\Runtime\Cache\Admin\c4239babd03171773dbc07f03df0ade3.php 第 139 行.
NOTIC: [8] Use of undefined constant success - assumed 'success' E:\UPUPW\htdocs\Application\Runtime\Cache\Admin\c4239babd03171773dbc07f03df0ade3.php 第 142 行.
NOTIC: [8] Use of undefined constant success - assumed 'success' E:\UPUPW\htdocs\Application\Runtime\Cache\Admin\c4239babd03171773dbc07f03df0ade3.php 第 148 行.
NOTIC: [8] Use of undefined constant success - assumed 'success' E:\UPUPW\htdocs\Application\Runtime\Cache\Admin\c4239babd03171773dbc07f03df0ade3.php 第 148 行.
NOTIC: [8] Use of undefined constant success - assumed 'success' E:\UPUPW\htdocs\Application\Runtime\Cache\Admin\c4239babd03171773dbc07f03df0ade3.php 第 148 行.
NOTIC: [8] Use of undefined constant success - assumed 'success' E:\UPUPW\htdocs\Application\Runtime\Cache\Admin\c4239babd03171773dbc07f03df0ade3.php 第 151 行.
NOTIC: [8] Use of undefined constant success - assumed 'success' E:\UPUPW\htdocs\Application\Runtime\Cache\Admin\c4239babd03171773dbc07f03df0ade3.php 第 154 行.
NOTIC: [8] Use of undefined constant success - assumed 'success' E:\UPUPW\htdocs\Application\Runtime\Cache\Admin\c4239babd03171773dbc07f03df0ade3.php 第 157 行.
NOTIC: [8] Use of undefined constant success - assumed 'success' E:\UPUPW\htdocs\Application\Runtime\Cache\Admin\c4239babd03171773dbc07f03df0ade3.php 第 163 行.
NOTIC: [8] Use of undefined constant success - assumed 'success' E:\UPUPW\htdocs\Application\Runtime\Cache\Admin\c4239babd03171773dbc07f03df0ade3.php 第 163 行.
NOTIC: [8] Use of undefined constant success - assumed 'success' E:\UPUPW\htdocs\Application\Runtime\Cache\Admin\c4239babd03171773dbc07f03df0ade3.php 第 163 行.
NOTIC: [8] Use of undefined constant success - assumed 'success' E:\UPUPW\htdocs\Application\Runtime\Cache\Admin\c4239babd03171773dbc07f03df0ade3.php 第 166 行.
NOTIC: [8] Use of undefined constant success - assumed 'success' E:\UPUPW\htdocs\Application\Runtime\Cache\Admin\c4239babd03171773dbc07f03df0ade3.php 第 169 行.
NOTIC: [8] Use of undefined constant success - assumed 'success' E:\UPUPW\htdocs\Application\Runtime\Cache\Admin\c4239babd03171773dbc07f03df0ade3.php 第 172 行.
SQL: SHOW COLUMNS FROM `yzw_project_state` [ RunTime:0.0040s ]
SQL: SELECT * FROM `yzw_project_state` WHERE ( id=1 ) LIMIT 1   [ RunTime:0.0000s ]
INFO: Run Behavior\ParseTemplateBehavior [ RunTime:0.183011s ]
INFO: [ view_parse ] --END-- [ RunTime:0.183011s ]
INFO: [ view_filter ] --START--
INFO: Run Behavior\WriteHtmlCacheBehavior [ RunTime:0.002000s ]
INFO: [ view_filter ] --END-- [ RunTime:0.002000s ]
INFO: [ app_end ] --START--
INFO: Run Behavior\ShowPageTraceBehavior [ RunTime:0.002000s ]
INFO: [ app_end ] --END-- [ RunTime:0.002000s ]

