[ 2017-07-10T13:04:41+08:00 ] 127.0.0.1 /index.php/admin
INFO: [ app_init ] --START--
INFO: Run Behavior\BuildLiteBehavior [ RunTime:0.000000s ]
INFO: [ app_init ] --END-- [ RunTime:0.006000s ]
INFO: [ app_begin ] --START--
INFO: Run Behavior\ReadHtmlCacheBehavior [ RunTime:0.006000s ]
INFO: [ app_begin ] --END-- [ RunTime:0.006000s ]

[ 2017-07-10T13:04:41+08:00 ] 127.0.0.1 /index.php/Admin/Login/login
INFO: [ app_init ] --START--
INFO: Run Behavior\BuildLiteBehavior [ RunTime:0.000000s ]
INFO: [ app_init ] --END-- [ RunTime:0.000000s ]
INFO: [ app_begin ] --START--
INFO: Run Behavior\ReadHtmlCacheBehavior [ RunTime:0.002000s ]
INFO: [ app_begin ] --END-- [ RunTime:0.002000s ]
NOTIC: [8] Undefined index: username E:\UPUPW\htdocs\Application\Admin\Controller\LoginController.class.php 第 15 行.
INFO: [ view_parse ] --START--
INFO: [ template_filter ] --START--
INFO: Run Behavior\ContentReplaceBehavior [ RunTime:0.000000s ]
INFO: [ template_filter ] --END-- [ RunTime:0.000000s ]
NOTIC: [8] Undefined index: admin_info E:\UPUPW\htdocs\Application\Runtime\Cache\Admin\5d913dbd2da64d0b19844a871847723d.php 第 29 行.
INFO: Run Behavior\ParseTemplateBehavior [ RunTime:0.020001s ]
INFO: [ view_parse ] --END-- [ RunTime:0.020001s ]
INFO: [ view_filter ] --START--
INFO: Run Behavior\WriteHtmlCacheBehavior [ RunTime:0.003000s ]
INFO: [ view_filter ] --END-- [ RunTime:0.003000s ]
INFO: [ app_end ] --START--
INFO: Run Behavior\ShowPageTraceBehavior [ RunTime:0.004000s ]
INFO: [ app_end ] --END-- [ RunTime:0.004000s ]

[ 2017-07-10T13:05:04+08:00 ] 127.0.0.1 /index.php/Admin/Login/login
INFO: [ app_init ] --START--
INFO: Run Behavior\BuildLiteBehavior [ RunTime:0.000000s ]
INFO: [ app_init ] --END-- [ RunTime:0.001000s ]
INFO: [ app_begin ] --START--
INFO: Run Behavior\ReadHtmlCacheBehavior [ RunTime:0.001000s ]
INFO: [ app_begin ] --END-- [ RunTime:0.001000s ]
NOTIC: [8] Undefined index: username E:\UPUPW\htdocs\Application\Admin\Controller\LoginController.class.php 第 15 行.
INFO: [ view_parse ] --START--
INFO: [ template_filter ] --START--
INFO: Run Behavior\ContentReplaceBehavior [ RunTime:0.000000s ]
INFO: [ template_filter ] --END-- [ RunTime:0.000000s ]
NOTIC: [8] Undefined index: admin_info E:\UPUPW\htdocs\Application\Runtime\Cache\Admin\5d913dbd2da64d0b19844a871847723d.php 第 29 行.
INFO: Run Behavior\ParseTemplateBehavior [ RunTime:0.012001s ]
INFO: [ view_parse ] --END-- [ RunTime:0.012001s ]
INFO: [ view_filter ] --START--
INFO: Run Behavior\WriteHtmlCacheBehavior [ RunTime:0.001000s ]
INFO: [ view_filter ] --END-- [ RunTime:0.001000s ]
INFO: [ app_end ] --START--
INFO: Run Behavior\ShowPageTraceBehavior [ RunTime:0.002000s ]
INFO: [ app_end ] --END-- [ RunTime:0.002000s ]

[ 2017-07-10T13:05:09+08:00 ] 127.0.0.1 /index.php/Admin/Login/login
INFO: [ app_init ] --START--
INFO: Run Behavior\BuildLiteBehavior [ RunTime:0.000000s ]
INFO: [ app_init ] --END-- [ RunTime:0.000000s ]
INFO: [ app_begin ] --START--
INFO: Run Behavior\ReadHtmlCacheBehavior [ RunTime:0.002000s ]
INFO: [ app_begin ] --END-- [ RunTime:0.002000s ]
SQL: SHOW COLUMNS FROM `yzw_admin` [ RunTime:0.0100s ]
NOTIC: [8] Undefined index: validate E:\UPUPW\htdocs\ThinkPHP\Library\Think\Model.class.php 第 1185 行.
SQL: SHOW COLUMNS FROM `yzw_admin` [ RunTime:0.0100s ]
SQL: SELECT * FROM `yzw_admin` WHERE ( username='admin' ) LIMIT 1   [ RunTime:0.0010s ]
SQL: SELECT * FROM `yzw_admin` WHERE ( username='admin' ) LIMIT 1   [ RunTime:0.0000s ]
NOTIC: [8] Undefined index: auto E:\UPUPW\htdocs\ThinkPHP\Library\Think\Model.class.php 第 1128 行.

[ 2017-07-10T13:05:09+08:00 ] 127.0.0.1 /index.php/Admin/Login/login
INFO: [ app_init ] --START--
INFO: Run Behavior\BuildLiteBehavior [ RunTime:0.000000s ]
INFO: [ app_init ] --END-- [ RunTime:0.000000s ]
INFO: [ app_begin ] --START--
INFO: Run Behavior\ReadHtmlCacheBehavior [ RunTime:0.002000s ]
INFO: [ app_begin ] --END-- [ RunTime:0.002000s ]
SQL: SHOW COLUMNS FROM `yzw_admin` [ RunTime:0.0090s ]
SQL: SELECT * FROM `yzw_admin` WHERE ( username='admin' ) LIMIT 1   [ RunTime:0.0010s ]
SQL: UPDATE `yzw_admin` SET `last_login`='1499663109',`last_ip`='2130706433' WHERE ( username='admin' ) [ RunTime:0.0000s ]
SQL: SHOW COLUMNS FROM `yzw_admin_log` [ RunTime:0.0100s ]
SQL: INSERT INTO `yzw_admin_log` (`log_ip`,`admin_id`,`log_time`,`log_info`,`admin_username`) VALUES ('2130706433','1','1499663109','后台登录','admin') [ RunTime:0.0010s ]

[ 2017-07-10T13:05:09+08:00 ] 127.0.0.1 /index.php/Admin/index/index
INFO: [ app_init ] --START--
INFO: Run Behavior\BuildLiteBehavior [ RunTime:0.000000s ]
INFO: [ app_init ] --END-- [ RunTime:0.000000s ]
INFO: [ app_begin ] --START--
INFO: Run Behavior\ReadHtmlCacheBehavior [ RunTime:0.001001s ]
INFO: [ app_begin ] --END-- [ RunTime:0.001001s ]
INFO: [ view_parse ] --START--
INFO: [ template_filter ] --START--
INFO: Run Behavior\ContentReplaceBehavior [ RunTime:0.000000s ]
INFO: [ template_filter ] --END-- [ RunTime:0.000000s ]
NOTIC: [8] Use of undefined constant success - assumed 'success' E:\UPUPW\htdocs\Application\Runtime\Cache\Admin\085b574956cdc611cfedaace62cf4e64.php 第 144 行.
NOTIC: [8] Use of undefined constant success - assumed 'success' E:\UPUPW\htdocs\Application\Runtime\Cache\Admin\085b574956cdc611cfedaace62cf4e64.php 第 144 行.
NOTIC: [8] Use of undefined constant success - assumed 'success' E:\UPUPW\htdocs\Application\Runtime\Cache\Admin\085b574956cdc611cfedaace62cf4e64.php 第 144 行.
NOTIC: [8] Use of undefined constant success - assumed 'success' E:\UPUPW\htdocs\Application\Runtime\Cache\Admin\085b574956cdc611cfedaace62cf4e64.php 第 144 行.
NOTIC: [8] Use of undefined constant success - assumed 'success' E:\UPUPW\htdocs\Application\Runtime\Cache\Admin\085b574956cdc611cfedaace62cf4e64.php 第 147 行.
NOTIC: [8] Use of undefined constant success - assumed 'success' E:\UPUPW\htdocs\Application\Runtime\Cache\Admin\085b574956cdc611cfedaace62cf4e64.php 第 150 行.
NOTIC: [8] Use of undefined constant success - assumed 'success' E:\UPUPW\htdocs\Application\Runtime\Cache\Admin\085b574956cdc611cfedaace62cf4e64.php 第 153 行.
NOTIC: [8] Use of undefined constant success - assumed 'success' E:\UPUPW\htdocs\Application\Runtime\Cache\Admin\085b574956cdc611cfedaace62cf4e64.php 第 156 行.
NOTIC: [8] Use of undefined constant success - assumed 'success' E:\UPUPW\htdocs\Application\Runtime\Cache\Admin\085b574956cdc611cfedaace62cf4e64.php 第 162 行.
NOTIC: [8] Use of undefined constant success - assumed 'success' E:\UPUPW\htdocs\Application\Runtime\Cache\Admin\085b574956cdc611cfedaace62cf4e64.php 第 162 行.
NOTIC: [8] Use of undefined constant success - assumed 'success' E:\UPUPW\htdocs\Application\Runtime\Cache\Admin\085b574956cdc611cfedaace62cf4e64.php 第 165 行.
NOTIC: [8] Use of undefined constant success - assumed 'success' E:\UPUPW\htdocs\Application\Runtime\Cache\Admin\085b574956cdc611cfedaace62cf4e64.php 第 168 行.
NOTIC: [8] Use of undefined constant success - assumed 'success' E:\UPUPW\htdocs\Application\Runtime\Cache\Admin\085b574956cdc611cfedaace62cf4e64.php 第 174 行.
NOTIC: [8] Use of undefined constant success - assumed 'success' E:\UPUPW\htdocs\Application\Runtime\Cache\Admin\085b574956cdc611cfedaace62cf4e64.php 第 174 行.
NOTIC: [8] Use of undefined constant success - assumed 'success' E:\UPUPW\htdocs\Application\Runtime\Cache\Admin\085b574956cdc611cfedaace62cf4e64.php 第 174 行.
NOTIC: [8] Use of undefined constant success - assumed 'success' E:\UPUPW\htdocs\Application\Runtime\Cache\Admin\085b574956cdc611cfedaace62cf4e64.php 第 177 行.
NOTIC: [8] Use of undefined constant success - assumed 'success' E:\UPUPW\htdocs\Application\Runtime\Cache\Admin\085b574956cdc611cfedaace62cf4e64.php 第 180 行.
NOTIC: [8] Use of undefined constant success - assumed 'success' E:\UPUPW\htdocs\Application\Runtime\Cache\Admin\085b574956cdc611cfedaace62cf4e64.php 第 183 行.
NOTIC: [8] Use of undefined constant success - assumed 'success' E:\UPUPW\htdocs\Application\Runtime\Cache\Admin\085b574956cdc611cfedaace62cf4e64.php 第 189 行.
NOTIC: [8] Use of undefined constant success - assumed 'success' E:\UPUPW\htdocs\Application\Runtime\Cache\Admin\085b574956cdc611cfedaace62cf4e64.php 第 189 行.
NOTIC: [8] Use of undefined constant success - assumed 'success' E:\UPUPW\htdocs\Application\Runtime\Cache\Admin\085b574956cdc611cfedaace62cf4e64.php 第 189 行.
NOTIC: [8] Use of undefined constant success - assumed 'success' E:\UPUPW\htdocs\Application\Runtime\Cache\Admin\085b574956cdc611cfedaace62cf4e64.php 第 192 行.
NOTIC: [8] Use of undefined constant success - assumed 'success' E:\UPUPW\htdocs\Application\Runtime\Cache\Admin\085b574956cdc611cfedaace62cf4e64.php 第 195 行.
NOTIC: [8] Use of undefined constant success - assumed 'success' E:\UPUPW\htdocs\Application\Runtime\Cache\Admin\085b574956cdc611cfedaace62cf4e64.php 第 198 行.
NOTIC: [8] Use of undefined constant success - assumed 'success' E:\UPUPW\htdocs\Application\Runtime\Cache\Admin\085b574956cdc611cfedaace62cf4e64.php 第 204 行.
NOTIC: [8] Use of undefined constant success - assumed 'success' E:\UPUPW\htdocs\Application\Runtime\Cache\Admin\085b574956cdc611cfedaace62cf4e64.php 第 204 行.
NOTIC: [8] Use of undefined constant success - assumed 'success' E:\UPUPW\htdocs\Application\Runtime\Cache\Admin\085b574956cdc611cfedaace62cf4e64.php 第 204 行.
NOTIC: [8] Use of undefined constant success - assumed 'success' E:\UPUPW\htdocs\Application\Runtime\Cache\Admin\085b574956cdc611cfedaace62cf4e64.php 第 207 行.
NOTIC: [8] Use of undefined constant success - assumed 'success' E:\UPUPW\htdocs\Application\Runtime\Cache\Admin\085b574956cdc611cfedaace62cf4e64.php 第 210 行.
NOTIC: [8] Use of undefined constant success - assumed 'success' E:\UPUPW\htdocs\Application\Runtime\Cache\Admin\085b574956cdc611cfedaace62cf4e64.php 第 213 行.
NOTIC: [8] Use of undefined constant success - assumed 'success' E:\UPUPW\htdocs\Application\Runtime\Cache\Admin\085b574956cdc611cfedaace62cf4e64.php 第 216 行.
NOTIC: [8] Undefined variable: row E:\UPUPW\htdocs\Application\Runtime\Cache\Admin\085b574956cdc611cfedaace62cf4e64.php 第 386 行.
INFO: Run Behavior\ParseTemplateBehavior [ RunTime:0.135008s ]
INFO: [ view_parse ] --END-- [ RunTime:0.136008s ]
INFO: [ view_filter ] --START--
INFO: Run Behavior\WriteHtmlCacheBehavior [ RunTime:0.002000s ]
INFO: [ view_filter ] --END-- [ RunTime:0.002000s ]
INFO: [ app_end ] --START--
INFO: Run Behavior\ShowPageTraceBehavior [ RunTime:0.002000s ]
INFO: [ app_end ] --END-- [ RunTime:0.002000s ]

